<?xml version="1.0" encoding="UTF-8"?>
<testsuite xmlns:xsi="http://www.w3.org/2001/XMLSchema-instance" xsi:noNamespaceSchemaLocation="https://maven.apache.org/surefire/maven-failsafe-plugin/xsd/failsafe-test-report-3.0.xsd" version="3.0" name="starter.CucumberTestSuite" time="18.273" tests="68" errors="0" skipped="0" failures="0">
  <properties>
[...]
</properties>
  <testcase name="TC73 - Get comment products valid endpoints" classname="[08_Automation] - Comment" time="3.778">
    <system-out><![CDATA[01:28:00.362 [main] DEBUG net.thucydides.core.guice.Injectors -- Created injector for module net.thucydides.core.guice.ThucydidesModule
01:28:00.672 [main] INFO io.cucumber.core.plugin.SerenityReporter -- Running feature from file:///D:/TaksAlterra/MiniProject/MiniProject_API/src/test/resources/Comment.feature
01:28:00.672 [main] WARN io.cucumber.core.plugin.SerenityReporter -- Feature from file:///D:/TaksAlterra/MiniProject/MiniProject_API/src/test/resources/Comment.feature is not under the 'features' directory. Requirements report will not be correctly generated!
01:28:00.851 [main] DEBUG net.thucydides.core.guice.Injectors -- Created injector for module net.thucydides.core.guice.webdriver.WebDriverModule
01:28:00.885 [main] INFO  -- 

-------------------------------------------------------------------------------------
     _______. _______ .______       _______ .__   __.  __  .___________.____    ____ 
    /       ||   ____||   _  \     |   ____||  \ |  | |  | |           |\   \  /   / 
   |   (----`|  |__   |  |_)  |    |  |__   |   \|  | |  | `---|  |----` \   \/   /  
    \   \    |   __|  |      /     |   __|  |  . `  | |  |     |  |       \_    _/   
.----)   |   |  |____ |  |\  \----.|  |____ |  |\   | |  |     |  |         |  |     
|_______/    |_______|| _| `._____||_______||__| \__| |__|     |__|         |__|    
                                                                                     
 News and tutorials at http://www.serenity-bdd.info                                  
 Documentation at https://wakaleo.gitbooks.io/the-serenity-book/content/             
 Join the Serenity Community on Gitter: https://gitter.im/serenity-bdd/serenity-core 
 Serenity BDD Support and Training at http://serenity-bdd.info/#/trainingandsupport  
-------------------------------------------------------------------------------------

01:28:00.889 [main] DEBUG net.thucydides.core.steps.StepEventBus -- Test suite started for story net.thucydides.core.model.Story@67ab0f63
01:28:00.891 [main] INFO  -- Test Suite Started: [08_Automation] - Comment
01:28:00.904 [main] INFO io.cucumber.core.plugin.SerenityReporter -- Running feature from file:///D:/TaksAlterra/MiniProject/MiniProject_API/src/test/resources/Login.feature
01:28:00.904 [main] WARN io.cucumber.core.plugin.SerenityReporter -- Feature from file:///D:/TaksAlterra/MiniProject/MiniProject_API/src/test/resources/Login.feature is not under the 'features' directory. Requirements report will not be correctly generated!
01:28:00.912 [main] DEBUG net.thucydides.core.steps.StepEventBus -- Test suite started for story net.thucydides.core.model.Story@9ac5c9a9
01:28:00.913 [main] INFO  -- Test Suite Started: [02_Automation] - Login
01:28:00.914 [main] INFO io.cucumber.core.plugin.SerenityReporter -- Running feature from file:///D:/TaksAlterra/MiniProject/MiniProject_API/src/test/resources/Orders.feature
01:28:00.914 [main] WARN io.cucumber.core.plugin.SerenityReporter -- Feature from file:///D:/TaksAlterra/MiniProject/MiniProject_API/src/test/resources/Orders.feature is not under the 'features' directory. Requirements report will not be correctly generated!
01:28:00.919 [main] DEBUG net.thucydides.core.steps.StepEventBus -- Test suite started for story net.thucydides.core.model.Story@d9dd1d4b
01:28:00.920 [main] INFO  -- Test Suite Started: [06_Automation] - Orders
01:28:00.920 [main] INFO io.cucumber.core.plugin.SerenityReporter -- Running feature from file:///D:/TaksAlterra/MiniProject/MiniProject_API/src/test/resources/ProductCategories.feature
01:28:00.920 [main] WARN io.cucumber.core.plugin.SerenityReporter -- Feature from file:///D:/TaksAlterra/MiniProject/MiniProject_API/src/test/resources/ProductCategories.feature is not under the 'features' directory. Requirements report will not be correctly generated!
01:28:00.923 [main] DEBUG net.thucydides.core.steps.StepEventBus -- Test suite started for story net.thucydides.core.model.Story@97399b2e
01:28:00.925 [main] INFO  -- Test Suite Started: [04_Automation] - Product Categories
01:28:00.925 [main] INFO io.cucumber.core.plugin.SerenityReporter -- Running feature from file:///D:/TaksAlterra/MiniProject/MiniProject_API/src/test/resources/Products.feature
01:28:00.925 [main] WARN io.cucumber.core.plugin.SerenityReporter -- Feature from file:///D:/TaksAlterra/MiniProject/MiniProject_API/src/test/resources/Products.feature is not under the 'features' directory. Requirements report will not be correctly generated!
01:28:00.928 [main] DEBUG net.thucydides.core.steps.StepEventBus -- Test suite started for story net.thucydides.core.model.Story@6d4c1ca7
01:28:00.928 [main] INFO  -- Test Suite Started: [05_Automation] - Product
01:28:00.928 [main] INFO io.cucumber.core.plugin.SerenityReporter -- Running feature from file:///D:/TaksAlterra/MiniProject/MiniProject_API/src/test/resources/Ratings.feature
01:28:00.928 [main] WARN io.cucumber.core.plugin.SerenityReporter -- Feature from file:///D:/TaksAlterra/MiniProject/MiniProject_API/src/test/resources/Ratings.feature is not under the 'features' directory. Requirements report will not be correctly generated!
01:28:00.931 [main] DEBUG net.thucydides.core.steps.StepEventBus -- Test suite started for story net.thucydides.core.model.Story@f34dfc64
01:28:00.931 [main] INFO  -- Test Suite Started: [07_Automation] - Ratings
01:28:00.931 [main] INFO io.cucumber.core.plugin.SerenityReporter -- Running feature from file:///D:/TaksAlterra/MiniProject/MiniProject_API/src/test/resources/Register.feature
01:28:00.931 [main] WARN io.cucumber.core.plugin.SerenityReporter -- Feature from file:///D:/TaksAlterra/MiniProject/MiniProject_API/src/test/resources/Register.feature is not under the 'features' directory. Requirements report will not be correctly generated!
01:28:00.935 [main] DEBUG net.thucydides.core.steps.StepEventBus -- Test suite started for story net.thucydides.core.model.Story@7a445946
01:28:00.935 [main] INFO  -- Test Suite Started: [01_Automation] - Register
01:28:00.935 [main] INFO io.cucumber.core.plugin.SerenityReporter -- Running feature from file:///D:/TaksAlterra/MiniProject/MiniProject_API/src/test/resources/UserInformation.feature
01:28:00.935 [main] WARN io.cucumber.core.plugin.SerenityReporter -- Feature from file:///D:/TaksAlterra/MiniProject/MiniProject_API/src/test/resources/UserInformation.feature is not under the 'features' directory. Requirements report will not be correctly generated!
01:28:00.937 [main] DEBUG net.thucydides.core.steps.StepEventBus -- Test suite started for story net.thucydides.core.model.Story@18f4b3f3
01:28:00.937 [main] INFO  -- Test Suite Started: [03_Automation] - User Information
01:28:00.938 [main] INFO io.cucumber.core.plugin.SerenityReporter -- Running feature from file:///D:/TaksAlterra/MiniProject/MiniProject_API/src/test/resources/Comment.feature
01:28:00.938 [main] WARN io.cucumber.core.plugin.SerenityReporter -- Feature from file:///D:/TaksAlterra/MiniProject/MiniProject_API/src/test/resources/Comment.feature is not under the 'features' directory. Requirements report will not be correctly generated!
01:28:00.939 [main] DEBUG net.thucydides.core.steps.StepEventBus -- Test suite started for story net.thucydides.core.model.Story@67ab0f63
01:28:00.940 [main] INFO  -- Test Suite Started: [08_Automation] - Comment

Scenario: TC73 - Get comment products valid endpoints           &amp#27;[90m# src/test/resources/Comment.feature:3&amp#27;[0m
01:28:01.070 [main] INFO io.cucumber.core.plugin.SerenityReporter -- Running feature from file:///D:/TaksAlterra/MiniProject/MiniProject_API/src/test/resources/Comment.feature
01:28:01.070 [main] WARN io.cucumber.core.plugin.SerenityReporter -- Feature from file:///D:/TaksAlterra/MiniProject/MiniProject_API/src/test/resources/Comment.feature is not under the 'features' directory. Requirements report will not be correctly generated!
01:28:01.228 [main] INFO  -- 
  _____   ___   ___   _____     ___   _____     _     ___   _____   ___   ___  
 |_   _| | __| / __| |_   _|   / __| |_   _|   /_\   | _ \ |_   _| | __| |   \ 
   | |   | _|  \__ \   | |     \__ \   | |    / _ \  |   /   | |   | _|  | |) |
   |_|   |___| |___/   |_|     |___/   |_|   /_/ \_\ |_|_\   |_|   |___| |___/ 

TC73 - Get comment products valid endpoints([08-automation]---comment;tc73---get-comment-products-valid-endpoints)
--------------------------------------------------------------------------------
01:28:01.723 [main] DEBUG net.thucydides.core.steps.StepInterceptor -- STARTING STEP: CommentSteps.getCommentProductsEndpoints - I GET comment products endpoints
01:28:01.724 [main] DEBUG net.thucydides.core.steps.StepInterceptor -- STEP DONE: I GET comment products endpoints
  &amp#27;[32mGiven &amp#27;[0m&amp#27;[32mI GET comment products endpoints&amp#27;[0m                        &amp#27;[90m# starter.stepdefinition.CommentSteps.getCommentProductsEndpoints()&amp#27;[0m
01:28:01.737 [main] DEBUG net.thucydides.core.steps.StepInterceptor -- STARTING STEP: CommentSteps.getHTTPRequestWithValidDataForCommentsProducts - I GET HTTP request with valid data for comments products
01:28:03.506 [main] DEBUG net.thucydides.core.steps.StepInterceptor -- STARTING STEP: Comment.getHTTPRequestWithValidDataForCommentsProducts - I GET comment products endpoints
01:28:03.506 [main] DEBUG net.thucydides.core.steps.StepInterceptor -- STEP DONE: I GET comment products endpoints
01:28:04.174 [main] DEBUG org.apache.http.impl.conn.BasicClientConnectionManager -- Get connection for route {s}->https://altashop-api.fly.dev:443
01:28:04.220 [main] DEBUG org.apache.http.impl.conn.DefaultClientConnectionOperator -- Connecting to altashop-api.fly.dev:443
01:28:04.488 [main] DEBUG org.apache.http.client.protocol.RequestAddCookies -- CookieSpec selected: ignoreCookies
01:28:04.488 [main] DEBUG org.apache.http.client.protocol.RequestAuthCache -- Auth cache not set in the context
01:28:04.488 [main] DEBUG org.apache.http.client.protocol.RequestProxyAuthentication -- Proxy auth state: UNCHALLENGED
01:28:04.490 [main] DEBUG org.apache.http.impl.client.DefaultHttpClient -- Attempt 1 to execute request
01:28:04.490 [main] DEBUG org.apache.http.impl.conn.DefaultClientConnection -- Sending request: GET /api/products/2/comments HTTP/1.1
01:28:04.490 [main] DEBUG org.apache.http.wire --  >> "GET /api/products/2/comments HTTP/1.1[\r][\n]"
01:28:04.490 [main] DEBUG org.apache.http.wire --  >> "Authorization: Bearer eyJhbGciOiJIUzI1NiIsInR5cCI6IkpXVCJ9.eyJGdWxsbmFtZSI6Ik5hdXJhIFZpZXRhIEhhZmxhIiwiRW1haWwiOiJuYXVyYWhhZmxhQGdtYWlsLmNvbSJ9.s7o8kacM5c5L7fMRQwNBVTO4m2AeQS4Fu9QSdP9ASbA[\r][\n]"
01:28:04.490 [main] DEBUG org.apache.http.wire --  >> "Accept: */*[\r][\n]"
01:28:04.490 [main] DEBUG org.apache.http.wire --  >> "Host: altashop-api.fly.dev[\r][\n]"
01:28:04.491 [main] DEBUG org.apache.http.wire --  >> "Connection: Keep-Alive[\r][\n]"
01:28:04.491 [main] DEBUG org.apache.http.wire --  >> "User-Agent: Apache-HttpClient/4.5.13 (Java/17.0.8)[\r][\n]"
01:28:04.491 [main] DEBUG org.apache.http.wire --  >> "Accept-Encoding: gzip,deflate[\r][\n]"
01:28:04.491 [main] DEBUG org.apache.http.wire --  >> "[\r][\n]"
01:28:04.491 [main] DEBUG org.apache.http.headers -- >> GET /api/products/2/comments HTTP/1.1
01:28:04.491 [main] DEBUG org.apache.http.headers -- >> Authorization: Bearer eyJhbGciOiJIUzI1NiIsInR5cCI6IkpXVCJ9.eyJGdWxsbmFtZSI6Ik5hdXJhIFZpZXRhIEhhZmxhIiwiRW1haWwiOiJuYXVyYWhhZmxhQGdtYWlsLmNvbSJ9.s7o8kacM5c5L7fMRQwNBVTO4m2AeQS4Fu9QSdP9ASbA
01:28:04.491 [main] DEBUG org.apache.http.headers -- >> Accept: */*
01:28:04.491 [main] DEBUG org.apache.http.headers -- >> Host: altashop-api.fly.dev
01:28:04.491 [main] DEBUG org.apache.http.headers -- >> Connection: Keep-Alive
01:28:04.491 [main] DEBUG org.apache.http.headers -- >> User-Agent: Apache-HttpClient/4.5.13 (Java/17.0.8)
01:28:04.491 [main] DEBUG org.apache.http.headers -- >> Accept-Encoding: gzip,deflate
01:28:04.527 [main] DEBUG org.apache.http.wire --  << "HTTP/1.1 200 OK[\r][\n]"
01:28:04.528 [main] DEBUG org.apache.http.wire --  << "content-type: application/json[\r][\n]"
01:28:04.528 [main] DEBUG org.apache.http.wire --  << "date: Thu, 02 Nov 2023 18:28:06 GMT[\r][\n]"
01:28:04.528 [main] DEBUG org.apache.http.wire --  << "transfer-encoding: chunked[\r][\n]"
01:28:04.528 [main] DEBUG org.apache.http.wire --  << "content-encoding: gzip[\r][\n]"
01:28:04.528 [main] DEBUG org.apache.http.wire --  << "server: Fly/7328d5b5 (2023-10-27)[\r][\n]"
01:28:04.528 [main] DEBUG org.apache.http.wire --  << "via: 1.1 fly.io[\r][\n]"
01:28:04.528 [main] DEBUG org.apache.http.wire --  << "fly-request-id: 01HE8MNRSNCM5M0FHCF2B5ZZ4P-sin[\r][\n]"
01:28:04.528 [main] DEBUG org.apache.http.wire --  << "[\r][\n]"
01:28:04.528 [main] DEBUG org.apache.http.impl.conn.DefaultClientConnection -- Receiving response: HTTP/1.1 200 OK
01:28:04.528 [main] DEBUG org.apache.http.headers -- << HTTP/1.1 200 OK
01:28:04.528 [main] DEBUG org.apache.http.headers -- << content-type: application/json
01:28:04.528 [main] DEBUG org.apache.http.headers -- << date: Thu, 02 Nov 2023 18:28:06 GMT
01:28:04.528 [main] DEBUG org.apache.http.headers -- << transfer-encoding: chunked
01:28:04.528 [main] DEBUG org.apache.http.headers -- << content-encoding: gzip
01:28:04.528 [main] DEBUG org.apache.http.headers -- << server: Fly/7328d5b5 (2023-10-27)
01:28:04.528 [main] DEBUG org.apache.http.headers -- << via: 1.1 fly.io
01:28:04.528 [main] DEBUG org.apache.http.headers -- << fly-request-id: 01HE8MNRSNCM5M0FHCF2B5ZZ4P-sin
01:28:04.534 [main] DEBUG org.apache.http.impl.client.DefaultHttpClient -- Connection can be kept alive indefinitely
01:28:04.536 [main] DEBUG io.restassured.internal.RestAssuredHttpBuilder -- Parsing response as: application/json
01:28:04.536 [main] DEBUG org.apache.http.wire --  << "F3[\r][\n]"
01:28:04.537 [main] DEBUG org.apache.http.wire --  << "[0x1f][0x8b][0x8][0x0][0x0][0x0][0x0][0x0][0x4][0xff][0xaa]VJI,IT[0xb2][0x8a][0xae]V[0xf2]tQ[0xb2]244[0xb3]4[0xd7]Qr[0xce][0xcf]+I[0xcd]+Q[0xb2]R*[0xc9]HUHO[0xcc]M-VH,JUH/JM,Q[0xc8][0xcc]K[0xce])M[0xc9][0xcc]KWp/J[0xcc]S[0x8])-[0xca],[0xce][0xcd]W0WH*-Q(NL[0xc9][0xa9]Tp[0xf]1Q[0xc8],V[0xc8]-M[0xce]PHJ-)I-R[0xd2]Q[\n]"
01:28:04.537 [main] DEBUG org.apache.http.wire --  << "-N-R[0xb2][0xca]+[0xcd][0xc9][0xd1]Q[\n]"
01:28:04.537 [main] DEBUG org.apache.http.wire --  << "([0xca]O)M.[0x81]q[0x9d][0xf3]ss[0xc1][0x16][0x82]dku`[0x8e]174[0x19]D[0x8e]12[0x18]L[0x8e]1[0x1c]L[0x8e]1[0x1a]L[0x8e]1[0x1e]D[0x8e]1[0x1e]L[0x8e]1[0x19]L[0xd1]d2[0x98]B[0xc6]r[0x10][0xe5]&[0xb][0xa3]A[0x14]2[0x16]F[0x83][0xa8][0x4][0xb6]02[0x1d]<Y[0xdb][0xc2][0xc8]l09f[0x10][0xd5][0xda][0x16]F[0x16][0x83](d[0x8c][0x7]Q[0xad]mal9[0x88]B[0xc6][0x84][0xec][0x90][0x1][0x0][0x0][0x0][0xff][0xff]"
01:28:04.537 [main] DEBUG org.apache.http.wire --  << "[\r][\n]"
01:28:04.537 [main] DEBUG org.apache.http.wire --  << "151[\r][\n]"
01:28:04.537 [main] DEBUG org.apache.http.wire --  << "[0xa2]~K[0xcf][0xc2]d0[0x95][0xc0][0x83][0xa9][0xa2][0xb4]0[0x19]L%[0xb0][0xc9]`*[0xf4]L[0x7]SEi:[0x98]B[0xc6][0xc]%k'[0x92][0xd5][0xf9][0xb2]0C[0xc9][0x92][\n]"
01:28:04.537 [main] DEBUG org.apache.http.wire --  << "[0xe4][0x19]b1[0x98][0xea][0x2][0x8b]ATKZ[0x1a][0xa0][0xc4][0x91]_j[0xb9]BQjNjbq[0xaa]B[0x1][0xb4]sLN[0x97][0xd9][0xd2][0x0]%[0xd6][0xc0][0xfd][0xec]l[0x5][0xa7][0xc4][0xa2]R[0xb2][0xe2][0xcf][0xd2]p[0x10]5[0xb9],[\r][0x7]Q[0x1e][0xb3]4[0x1c]L[0x89][0xc9]p[0x10]e3[0xcb][0xc1]4Pbi[0x84][0x92][0x1f][0x6]v<[0xcb][0xd2]h[0x10][0xf5][0xc0]-M[0x6]S[0x2]6[0x19]D-cKS[0x94][0xa2]y[0x80][0xd3][0x8c][0xe9]`*[0x81]M[0x7]S[0x9a]1[0x1d]Li[0xc6]l0em[0xb3]A[0xd4]2[0xb6]4[0x1b]D[0x1d][0x18]K[0xb3][0xc1][0x94][0x9b][0xcc][0x6]S{[0xc6]l05![0xcc][0x6]S[0xd6]6[0x1f]L[0xd5][0x81][0xf9]`j[0xcf][0x98][0xf][0xa6]B[0xcf]|0[0x15]z[0xe6][0x83][0xa9][0xd0]3[0x1f]L[0x85][0x9e][0xf9]`*[0xf4][0xcc][0x7]S{[0xc6]|0[0x15]z[0x16][0x83][0xa9][0xd0][0xb3][0x18]L[0xb9][0xc9]r0[0x95]3[0x96][0x83]*d[0x6]S9c9[0x98][0xca][0x99][0xc1][0xb4][0xaa][0xc6][0xd2]r[0xf0][0xb4][0xf4][0x8c][0xc][0xc][0x6]O[0xa1]gd`8x[0xb2][0xb6][0x91][0xc1] [0x1a]z52[0x18]DC[0xaf]F[0x6][0x83]h[0xe8][0xd5][0xc8]`[0x10][\r][0xbd][0x1a][0x19][0x18][0xe][0xa6][0xdc]4[0x88][0xc6][0x81][0x8d][0xc][0x6][0xd1]8[0xb0][0x91][0xc1] [0x1a][0x7]62 }[0xbd][0x11][0x0][0x0][0x0][0xff][0xff]"
01:28:04.537 [main] DEBUG org.apache.http.wire --  << "[\r][\n]"
01:28:04.537 [main] DEBUG org.apache.http.wire --  << "74[\r][\n]"
01:28:04.537 [main] DEBUG org.apache.http.wire --  << "[0xa2][0xd9][0x8a]O#[0x83]A[0xb4][0xde][0xc8][0xc8]`[0x10][0xad]722[0x18]D[0xeb][0x8d][0x8c][0xc][0x8c][0x6]O[0xbf][0xc9][0xc8]`[0x10][0xad]7220[0x1a]L%[0xb0][0xf1][0xe0]i[0x90][0x1b][0x19][0xc][0xa2][0xc5]OF[0x6][0x83]h[0xf1][0x93][0x91][0xc1] Z[0xfc]dd0[0x88][0x16][0xe6][0x1a][0x19][0xc][0xa2][0xc5]OF[0x6]&[0x83])7[\r][0xa2][0x95]XF[0x6][0x83]h*[0xd9][0xc8][0xc0]d0uo[0x7][0xd1][0xbc][0xb6][0x91][0xc1] [0x9a][0xd7]620[0xa5][0xff]D[0x6][0x0][0x0][0x0][0xff][0xff]"
01:28:04.537 [main] DEBUG org.apache.http.wire --  << "[\r][\n]"
01:28:04.537 [main] DEBUG org.apache.http.wire --  << "4A[\r][\n]"
01:28:04.537 [main] DEBUG org.apache.http.wire --  << "[0x2]-[0xbe][0xc5][0xb6][0xd1][0xc8][0xc8][0xc0]t[0xf0]Ld[0x18][0x19][0xc][0xa2]u[0x8d]F[0x6][0xa6][0x83]g[0x80][0xd1][0xc8]`[0x10][0xad][0x85]02@][0x1f]9[0xa0][0xab]D[0x8c][0xc][0x6][0xd1]T[0xb2][0x91][0xc1] [0x9a]J62[0x18]DS[0xc9]F[0x6][0x83]h*[0xd9][0xc8][0x80]jS[0xc9][0x0][0x0][0x0][0x0][0xff][0xff]"
01:28:04.538 [main] DEBUG org.apache.http.wire --  << "[\r][\n]"
01:28:04.538 [main] DEBUG org.apache.http.wire --  << "6F[\r][\n]"
01:28:04.538 [main] DEBUG org.apache.http.wire --  << "[0xa2]|[0xab][0xa7][0x91][0xc1] [0x9a]J62[0x18]DS[0xc9]F[0x6][0x83]h*[0xd9][0xc8]`[0x10]M%[0x1b][0x19][0xc][0xa2][0xa9]d#[0x83]A4[0x95]ld`>[0x98][0xda][0xc0][0x83]h^[0xdb][0xc8]`[0x10][0xcd]k[0x1b][0x19]X[0xc][0xa6]6[0xb0][0xc5]`[0x9a][0xfc][0x1a]D3[0xfe]F[0x6][0x16][0x83][0xa8][0xe3]o8[0x98]F[0xc8][\r][0x7][0xd3][0x8][0xb9][0xe1]`[0x1a]z5[0x1c]D[0xfb]N[0x8d][0xc][0x8d][0x7]Q9ch<[0xe0]}m[0x0][0x0][0x0][0x0][0xff][0xff]"
01:28:04.538 [main] DEBUG org.apache.http.wire --  << "[\r][\n]"
01:28:04.538 [main] DEBUG org.apache.http.wire --  << "40[\r][\n]"
01:28:04.538 [main] DEBUG org.apache.http.wire --  << "[0x82][0x9f]0bd8[0x88][0xe]h024[0x1e]D}mC[0xd3]A[0xd4][0x84]0D[0xdd][0xd0]8[0xb0]}m[0xc3]A[0xb4][0xba][0xde][0xc8]p[0x10]-h72[0x1c]L[0xed][0x19]C[0x8b][0xc1]T[0xce][0xc][0xaa]&[0x84][0x5][0x8d][0x96][0xc6][0x1][0x0][0x0][0x0][0xff][0xff]"
01:28:04.538 [main] DEBUG org.apache.http.wire --  << "[\r][\n]"
01:28:04.538 [main] DEBUG org.apache.http.wire --  << "3C[\r][\n]"
01:28:04.538 [main] DEBUG org.apache.http.wire --  << ""c[0xc3][0xaa][0x91][0x91][0xc1] *[0xf4][0x8c][0xc][0x6]U[0xc8][0xc][0xa2]Iv[0xa3][0xc1][0xb4]N[0xcf][0xc8]p[0xf0],N622[0x1c]D[0xe5][0x8c][0xd1]`Z[0xc1]h4[0x98]V0[0x1a][\r][0xa6][0x15][0x8c]F[0xa4]-[0x1a][0x4][0x0][0x0][0x0][0xff][0xff]"
01:28:04.538 [main] DEBUG org.apache.http.wire --  << "[\r][\n]"
01:28:04.538 [main] DEBUG org.apache.http.wire --  << "69[\r][\n]"
01:28:04.538 [main] DEBUG org.apache.http.wire --  << "[0xa2][0xe9]){FF[0x83]i[0xd1][0xa0][0xd1]`Z[0xa7]g4[0x98][0x96]9[0x19][0xf][0xa6][0xac]m<[0x98]F![0x8c][0x7]S[0xc7][0xdf]x0[0xf5][0xb5][0x8d][0x7][0xd3][0x2]0c[0xe3]A[0xd4][0x9e]16[0x1e]D[0xdd][[0xe3][0xc1][0xb4]J[0xc4]x0-[0xcc]0[0x1e]D[0xc7]*[0x19][0x19][0xf][0xa6]![0x11][0xe3]At[0xfa][0x81][0x91][0xf1]`Z[0xb]a<[0x88][0x8e]b02[0x1e]D[0xa7][0x1f][0x18][0x19][0xd3]i[0x8e][0x12][0x0][0x0][0x0][0xff][0xff]"
01:28:04.538 [main] DEBUG org.apache.http.wire --  << "[\r][\n]"
01:28:04.538 [main] DEBUG org.apache.http.wire --  << "45[\r][\n]"
01:28:04.538 [main] DEBUG org.apache.http.wire --  << "[0x82][0x9e]_[0x5]=[0xeb][0x19][0xfb][0xe1][0xce]F[0xc6][0x83]iZ[0xd0]x0M[0xb][0x1a][0xf][0xa6][0xc9]/[0xe3]At[0x82][0x9b][0x91][0xb1][0xe5] [0xea][0xf8][0x1b][0xf][0xa2]S[0x83][0x8d][0x8c][0x7][0xd1][0xae]d#c[0xcb]A4aj<[0x88]6[0x2][0x1b][0x19]S[0xb4][0xf7][0x16][0x0][0x0][0x0][0xff][0xff]"
01:28:04.538 [main] DEBUG org.apache.http.wire --  << "[\r][\n]"
01:28:04.538 [main] DEBUG org.apache.http.wire --  << "6B[\r][\n]"
01:28:04.538 [main] DEBUG org.apache.http.wire --  << "[0xa2][0xee][0xf1][0xfa]F&[0xa8]G[0x10][0xe][0xec][0xac][0x8a][0x9][0xea][0xc1][0x85][0x3][0xed][0x98]A4[0xe]lb0[0x88][0xba]*&[0x83]i[0x1c][0xd8][0xc4]p[0x10][0xcd]k[0x9b][0xc][0xa6]q`[0x93][0xc1]4Xd2[0x98][0xc6][0x81]M[0x6][0xd3]8[0xb0][0xc9]`[0x1a][0x7]6[0x19]LC[0xaf]&[0x83]i[0x8b][0xb4][0xc9]`[0x1a][0xed]4[0x19]Lk[0xae]L[0x6][0xd3][0x8][0xb9][0xc9]`[0xda][0x8]l2[0x98][0x16][0x80][0x99][0x18][0xc][0xc8][0xda]N[0x0][0x0][0x0][0x0][0xff][0xff]"
01:28:04.538 [main] DEBUG org.apache.http.wire --  << "[\r][\n]"
01:28:04.540 [main] DEBUG org.apache.http.wire --  << "69[\r][\n]"
01:28:04.540 [main] DEBUG org.apache.http.wire --  << "[0xc2]z[0xab][0x93][0x91][0x89][0xc1] [0xea][0x1d][0x98][0xc][0xa6][0xd5]h&[0x83]i[0x1][0x98][0xc9]`[0x9a];0[0x19]Ls[0x7]&[0x83]i[0xee][0xc0]d0[0xed]d7[0x19]L;[0xd9]M[0x6][0xd3]Nv[0x93][0xc1][0xb4][0x93][0xdd]d0m[0x1e]7[0x19]L[0x9b][0xc7]M[0x6][0xd3]L[0x9c][0xc9]`[0xda][0xaf]m2[0x98][0xb6]H[0x9b][0xc][0xa6]-[0xd2]&[0x83]iW[0xb2][0xc9]`[0x9a]05[0x19]L[0x13][0xa6]&[0x84]'L[0x1][0x0][0x0][0x0][0xff][0xff]"
01:28:04.540 [main] DEBUG org.apache.http.wire --  << "[\r][\n]"
01:28:04.540 [main] DEBUG org.apache.http.wire --  << "F9[\r][\n]"
01:28:04.540 [main] DEBUG org.apache.http.wire --  << "[0xa2][0xdb][0xcd][0xa6]F&[0x83]i[0xc2][0xd4]d0M[0x98][0x9a][0xc][0xa6][0x9]S[0x93][0xc1][0xb4][0xba][0xde][0x4]u[[0xbd]g^[0xa6]BbJbNb[0x86]B2[0xa4][0xa3][0xa5][0x90][0x97][0x9f][0x9b]Z[0xa4]`D[0xd6]:l[0x13][0xd4][0xad][0xe9]T7[0x1d]e[0xa4][0x96][0xea][0xa6][0xa3]to[0xa9]n:J[0x95][0xea][0xa6][0xa3][0xac][0x8a][0xa2][0xb6][0xe9][0xa8][0x9b]:[0xa9]n:[0xca]ag[0xd4]6[0x1d]u~[0x95][0xea][0xa6][0xd3]4[0xcd][0xa0][0xce][0x80]R[0xdd][0xed]4M3[0x96]([0xb1]:[0xb0]3q[0xa6][0x83]i[0x8e][0xd2]t0[0xcd]Q[0x9a][0x1a][0xc][0xa2]}[0x7][0xa6][0x83]i[0x80][0xd1]t0m)2[0x1d]L[0xa3][0x9d][0xa6][0x83]i[0x8a][0xc7]t0M[0xf1][0x98][0xe][0xa6]SpM[0x7][0xd3]Y[0xaf][0xa6][0x83]iu[0xbd][0xe9]`[0x1a][0xae]7[0x1d]L[0xc3][0xf5][0xa6][0x83]i[0xe8][0xd5]t[0x10][0xdd][0xa0]ld:[0x98][0xc6][0x81]M[0x7][0xd3]8[0xb0][0xe9]`[0x1a][0x7]6[0x1d]L[0xe3][0xc0][0xa6][0x83]i[0xe8][0xd5]t0[0xed][0xc8]0[0x1d]L[0xf3][0xda][0xa6][0x83]i[0xb3][0x95][0xe9]`:K[0xc4][0xd4]x[0x10][0xad]`4[0x85][0x9e][0x9c][0xc][0x0][0x0][0x0][0xff][0xff]"
01:28:04.540 [main] DEBUG org.apache.http.wire --  << "[\r][\n]"
01:28:04.540 [main] DEBUG org.apache.http.wire --  << "6D[\r][\n]"
01:28:04.540 [main] DEBUG org.apache.http.wire --  << "*I[0xcd]+Q[0xb2]R[0x1a][0xe0][0x1e][0xe5]`:[0x1f][0xd8]t0[0xcd]7[0x99][0xe][0xa6])[0x1e][0xd3][0xc1]4[0xc5]c:[0x98]N[0xc1]5[0x1d]L[0xf3]M[0xa6][0x83]i[0xbe][0xc9]t[0x10]]Old:[0x98]&[0xbf]L[0x7][0xd3][0xe4][0x97][0xe9]`[0x9a][0xfc]2[0x1d]L[0x93]_[0xa6][0x83][0xe9]h)[0xd3][0xc1]4[0x13]g:[0x98]f[0xe2]L[0x7][0xd3]i[0xdb][0xa6]f([0x93][0x1][0x3][0xdc][0xb8]B[0x9d][0xa3][0x1c]h[0xc7]P8[0x91][0x1][0x0][0x0][0x0][0xff][0xff]"
01:28:04.540 [main] DEBUG org.apache.http.wire --  << "[\r][\n]"
01:28:04.540 [main] DEBUG org.apache.http.wire --  << "AD[\r][\n]"
01:28:04.540 [main] DEBUG org.apache.http.wire --  << "JL[0xc9][0xa9]Tp[0xa7][0xce][0x1][0xd7][0xa6][0xa8][0xf3][0xab][0x3][0x1c]2[0x83][0xe9][0xe8]o[0xd3][0xc1]t[0xf4][0xb7][0xe9]`:[0xfa][0xdb]t0[0x1d][0xfd]m:[0x98][0x8e][0xfe]6[0x1d]LG[0x9b][0xe][0xa6]m[0xf5][0xa6][0xa8]GSy[0xe6][0xd9][0xd4][0x2]e[0x3]6[0xd5]MG[0x99][0xd2][0xa4][0xba][0xe9]([0xeb]8[0x6][0xb8][0x4][0x1e]Lg0[0x9a]Z[0xc][0xa6]&[0xc4]`:p[0xc0][0xd4]b05![0x6][0xd3][0xe9][0x7][0xa6][0x83][0xe9][0xc0][0x1][0xd3]At[\r][0xba][0x91][0x19][0xea][0xf2][0x3]*[0x97]bf[0x6][0x83]([0xaf][0x9a][\r][0xa6][0xad][0xe9]f[0x83]ig[0xaf][0xd9]`[0xda]'o6[0x98][0xce]K5[0x1b]L[0x9b][0xf6][0xcd][0x6][0xd3][0xa6]}[0xb3][0xc1][0xb4]i[0xdf][0xcc]p[0x10][0x9d][0xcb]l6[0xb0]'[0x8][0x0][0x0][0x0][0x0][0xff][0xff]"
01:28:04.540 [main] DEBUG org.apache.http.wire --  << "[\r][\n]"
01:28:04.540 [main] DEBUG org.apache.http.wire --  << "6C[\r][\n]"
01:28:04.541 [main] DEBUG org.apache.http.wire --  << "[0xca]C[0xb9]3[0xc0]l0]?o6[0x98]N[0x10]0[0x1b]L'[0xc9][0x9a][\r][0xa6][0xeb][0xe7][0xcd][0x6][0xd3][0xc2];[0xb3][0xc1][0xb4][0xf0][0xce]l0-[0xbc]3[0x1b]L[0x7]=[0x98][\r][0xa6][0x83][0x1e][0xcc]P[0x97]$R[0xbb]Q;[0x98]Nn0[0x1b]L[0xb][0x1e][0xcd][0x6][0xd3]r[0x1b][0xb3][0xc1][0xb4][0xdc][0xc6]l0-[0x5]5[0x1b]Lk[0xcc][0x6][0xd3][0xba]T[0xb3][0xc1]t[0x8c][0x84][0xd9]`Z[0x15]eF[0xb3]3-[0x0][0x0][0x0][0x0][0xff][0xff]"
01:28:04.541 [main] DEBUG org.apache.http.wire --  << "[\r][\n]"
01:28:04.541 [main] DEBUG org.apache.http.wire --  << "41[\r][\n]"
01:28:04.541 [main] DEBUG org.apache.http.wire --  << "R[\n]"
01:28:04.541 [main] DEBUG org.apache.http.wire --  << "-N-[0x82]4[[0x89]=[0x8d][0xd5]l0[0x9d]iaf<[0x88]F[0xdd][0xcc][0x6][0xd3]Zf[0xb3][0xc1][0xb4]|[0xd8]l0-[0xeb]3[0x1b]Lk[0x99][0xcd][0x6][0xd3][0x1a]C[0xb3][0xc1][0xb4][0xc6][0xd0]l0[0xad]e6#q[0xc1]#[0x0][0x0][0x0][0xff][0xff]"
01:28:04.541 [main] DEBUG org.apache.http.wire --  << "[\r][\n]"
01:28:04.546 [main] DEBUG org.apache.http.wire --  << "A1[\r][\n]"
01:28:04.546 [main] DEBUG org.apache.http.wire --  << "[0xca]S[0x8])-[0xca],[0xce][0xcd]W0[0xa7][0xfe]i[0xac]f[0x83]i[0x8d][0xa1][0xd9]`ZTb6[0x98][0x16][0x95][0x98][\r][0xa6][0xfb][0xe4][0xcd][0x6][0xd3]j[0x5]3[0xd4][0xb9][0xe1][0x81][0x9d]_5[0x1b]LW[0x11][0x9a][\r][0xa6][0xab][0x8][0xcd][0x6][0xd3][0xe9][0xf2]f[0xa8][0xfb][0xe4][0x7]6[0xcd][0x98][0xf][0xa6][0xc9][0x0][0xf3][0xc1]4[0x19]`>[0x98]&[0x3][0xcc][0x7][0xd3]d[0x80][0xf9]`[0x9a]t4[0x1f]L3[0x13][0xe6][0x83]if[0xc2]|0[0xcd]L[0x98][0xf][0xa6][0x99][0x9][0xf3][0xc1]4[0x19]`>[0x98][0xc6][0x81][0xcd][0x7][0xd3]8[0xb0][0xf9]`[0x1a][0x7]6[0x1f]LC[0xaf][0xe6][0x83]i[0xe8][0xd5]|0[\r][0xbd][0x9a][0xf][0xa6][0xa1]W[0xf3][0xc1]4[0xf4]jN[0xd9][0xd0]+[0x0][0x0][0x0][0xff][0xff]"
01:28:04.546 [main] DEBUG org.apache.http.wire --  << "[\r][\n]"
01:28:04.547 [main] DEBUG org.apache.http.wire --  << "C8[\r][\n]"
01:28:04.547 [main] DEBUG org.apache.http.wire --  << "[0xa2][0xee][0xce][0x0][0xf3][0xc1]4[0xda]i>[0x98][0x8e][0x13]6[0x1f]LgZ[0x98][0xf][0xa6]q`[0xf3][0xc1]4[0xe]l>[0x98][0xc6][0x81][0xcd][0x7][0xd3]8[0xb0][0xf9]`:z[0xc4]|0[0x1d][0xb0]a>[0x98][0x6][0xa5][0xcd][0x7][0xd3]i[0x1f][0xe6][0x83]i[0x84][0xdc]|0[0x8d][0x90][0x9b][0xf][0xa6]#[0x1][0xcc][0x7][0xd3]p[0xbd][0xf9]`:[0x12][0xc0]|0[0x1d][0x9]`>[0x98][0x8e][0x4]0[0x1f]LG[0x2][0x98][0xf][0xa6]#[0x1][0xcc][0xcd]P[0xf6][0x95][\r][0xf0]8[0xf0]`:[0x9f][0xc0]|0[0x9d]O`>[0x98][0xce]'0[0x1f]L[0xe7][0x13][0x98][0xf][0xa6][0xf3][0x9][0xcc][0x7][0xd3][0xf9][0x4][0xe6][0x83]i*[0xd9]|0m|7[0x1f]L;[0xaa][0xcd][0x7][0xd3][0xec][0xad][0xf9]`[0x9a][0xa3]4[0xb7][0x18]D[0xfb][0x86][0xcd][0x7][0xd3]V][0xf3][0xc1][0xb4]U[0xd7]|0[0xed][0x8e]5[0xa7][0xe9][0xd9][0xf5][0xe6][0xa8]{o[0xa9][0xb3][0x18]?[0xb6][0x96][0xb][0x0][0x0][0x0][0xff][0xff]"
01:28:04.547 [main] DEBUG org.apache.http.wire --  << "[\r][\n]"
01:28:04.547 [main] DEBUG org.apache.http.wire --  << "A[\r][\n]"
01:28:04.547 [main] DEBUG org.apache.http.wire --  << "[0x3][0x0]^[0x85]f[0xd2][0xe][0xda][0x0][0x0]"
01:28:04.547 [main] DEBUG org.apache.http.wire --  << "[\r][\n]"
01:28:04.547 [main] DEBUG org.apache.http.wire --  << "0[\r][\n]"
01:28:04.547 [main] DEBUG org.apache.http.wire --  << "[\r][\n]"
01:28:04.547 [main] DEBUG io.restassured.internal.RestAssuredHttpBuilder -- Parsed data to instance of: class org.apache.http.conn.EofSensorInputStream
01:28:04.588 [main] DEBUG org.apache.http.impl.conn.BasicClientConnectionManager -- Releasing connection org.apache.http.impl.conn.ManagedClientConnectionImpl@2890e479
01:28:04.589 [main] DEBUG org.apache.http.impl.conn.BasicClientConnectionManager -- Connection can be kept alive indefinitely
01:28:04.669 [main] DEBUG net.thucydides.core.steps.StepInterceptor -- STEP DONE: I GET HTTP request with valid data for comments products
  &amp#27;[32mWhen &amp#27;[0m&amp#27;[32mI GET HTTP request with valid data for comments products&amp#27;[0m &amp#27;[90m# starter.stepdefinition.CommentSteps.getHTTPRequestWithValidDataForCommentsProducts()&amp#27;[0m
01:28:04.678 [main] DEBUG net.thucydides.core.steps.StepInterceptor -- STARTING STEP: CommentSteps.receiveResponseCode200ForCommentsProducts - I receive valid HTTP response 200 for comments products
01:28:04.702 [main] DEBUG net.thucydides.core.steps.StepInterceptor -- STEP DONE: I receive valid HTTP response 200 for comments products
  &amp#27;[32mThen &amp#27;[0m&amp#27;[32mI receive valid HTTP response 200 for comments products&amp#27;[0m  &amp#27;[90m# starter.stepdefinition.CommentSteps.receiveResponseCode200ForCommentsProducts()&amp#27;[0m
01:28:04.708 [main] INFO  -- 
  _____   ___   ___   _____     ___     _     ___   ___   ___   ___  
 |_   _| | __| / __| |_   _|   | _ \   /_\   / __| / __| | __| |   \ 
   | |   | _|  \__ \   | |     |  _/  / _ \  \__ \ \__ \ | _|  | |) |
   |_|   |___| |___/   |_|     |_|   /_/ \_\ |___/ |___/ |___| |___/ 

TC73 - Get comment products valid endpoints
----------------------------------------------------------------------
]]></system-out>
  </testcase>
  <testcase name="TC74 - Get comment for products invalid endpoints" classname="[08_Automation] - Comment" time="0.182">
    <system-out><![CDATA[
Scenario: TC74 - Get comment for products invalid endpoints                            &amp#27;[90m# src/test/resources/Comment.feature:8&amp#27;[0m
01:28:04.744 [main] INFO io.cucumber.core.plugin.SerenityReporter -- Running feature from file:///D:/TaksAlterra/MiniProject/MiniProject_API/src/test/resources/Comment.feature
01:28:04.744 [main] WARN io.cucumber.core.plugin.SerenityReporter -- Feature from file:///D:/TaksAlterra/MiniProject/MiniProject_API/src/test/resources/Comment.feature is not under the 'features' directory. Requirements report will not be correctly generated!
01:28:04.749 [main] INFO  -- 
  _____   ___   ___   _____     ___   _____     _     ___   _____   ___   ___  
 |_   _| | __| / __| |_   _|   / __| |_   _|   /_\   | _ \ |_   _| | __| |   \ 
   | |   | _|  \__ \   | |     \__ \   | |    / _ \  |   /   | |   | _|  | |) |
   |_|   |___| |___/   |_|     |___/   |_|   /_/ \_\ |_|_\   |_|   |___| |___/ 

TC74 - Get comment for products invalid endpoints([08-automation]---comment;tc74---get-comment-for-products-invalid-endpoints)
--------------------------------------------------------------------------------
01:28:04.764 [main] DEBUG net.thucydides.core.steps.StepInterceptor -- STARTING STEP: CommentSteps.getCommentProductsEndpoints2 - I GET comment products endpoints 2
01:28:04.764 [main] DEBUG net.thucydides.core.steps.StepInterceptor -- STEP DONE: I GET comment products endpoints 2
  &amp#27;[32mGiven &amp#27;[0m&amp#27;[32mI GET comment products endpoints 2&amp#27;[0m                                             &amp#27;[90m# starter.stepdefinition.CommentSteps.getCommentProductsEndpoints2()&amp#27;[0m
01:28:04.769 [main] DEBUG net.thucydides.core.steps.StepInterceptor -- STARTING STEP: CommentSteps.getHTTPRequestForCommentProductsUsingInvalidEndpoints - I GET HTTP request for comments products using invalid endpoints
01:28:04.771 [main] DEBUG net.thucydides.core.steps.StepInterceptor -- STARTING STEP: Comment.getHTTPRequestForCommentProductsUsingInvalidEndpoints - I GET comment products endpoints 2
01:28:04.771 [main] DEBUG net.thucydides.core.steps.StepInterceptor -- STEP DONE: I GET comment products endpoints 2
01:28:04.795 [main] DEBUG org.apache.http.impl.conn.BasicClientConnectionManager -- Get connection for route {s}->https://altashop-api.fly.dev:443
01:28:04.795 [main] DEBUG org.apache.http.impl.conn.DefaultClientConnectionOperator -- Connecting to altashop-api.fly.dev:443
01:28:04.857 [main] DEBUG org.apache.http.client.protocol.RequestAddCookies -- CookieSpec selected: ignoreCookies
01:28:04.857 [main] DEBUG org.apache.http.client.protocol.RequestAuthCache -- Auth cache not set in the context
01:28:04.857 [main] DEBUG org.apache.http.client.protocol.RequestProxyAuthentication -- Proxy auth state: UNCHALLENGED
01:28:04.857 [main] DEBUG org.apache.http.impl.client.DefaultHttpClient -- Attempt 1 to execute request
01:28:04.857 [main] DEBUG org.apache.http.impl.conn.DefaultClientConnection -- Sending request: GET /api/products/2/comment HTTP/1.1
01:28:04.857 [main] DEBUG org.apache.http.wire --  >> "GET /api/products/2/comment HTTP/1.1[\r][\n]"
01:28:04.857 [main] DEBUG org.apache.http.wire --  >> "Authorization: Bearer eyJhbGciOiJIUzI1NiIsInR5cCI6IkpXVCJ9.eyJGdWxsbmFtZSI6Ik5hdXJhIFZpZXRhIEhhZmxhIiwiRW1haWwiOiJuYXVyYWhhZmxhQGdtYWlsLmNvbSJ9.s7o8kacM5c5L7fMRQwNBVTO4m2AeQS4Fu9QSdP9ASbA[\r][\n]"
01:28:04.857 [main] DEBUG org.apache.http.wire --  >> "Accept: */*[\r][\n]"
01:28:04.857 [main] DEBUG org.apache.http.wire --  >> "Host: altashop-api.fly.dev[\r][\n]"
01:28:04.857 [main] DEBUG org.apache.http.wire --  >> "Connection: Keep-Alive[\r][\n]"
01:28:04.857 [main] DEBUG org.apache.http.wire --  >> "User-Agent: Apache-HttpClient/4.5.13 (Java/17.0.8)[\r][\n]"
01:28:04.857 [main] DEBUG org.apache.http.wire --  >> "Accept-Encoding: gzip,deflate[\r][\n]"
01:28:04.857 [main] DEBUG org.apache.http.wire --  >> "[\r][\n]"
01:28:04.857 [main] DEBUG org.apache.http.headers -- >> GET /api/products/2/comment HTTP/1.1
01:28:04.857 [main] DEBUG org.apache.http.headers -- >> Authorization: Bearer eyJhbGciOiJIUzI1NiIsInR5cCI6IkpXVCJ9.eyJGdWxsbmFtZSI6Ik5hdXJhIFZpZXRhIEhhZmxhIiwiRW1haWwiOiJuYXVyYWhhZmxhQGdtYWlsLmNvbSJ9.s7o8kacM5c5L7fMRQwNBVTO4m2AeQS4Fu9QSdP9ASbA
01:28:04.857 [main] DEBUG org.apache.http.headers -- >> Accept: */*
01:28:04.857 [main] DEBUG org.apache.http.headers -- >> Host: altashop-api.fly.dev
01:28:04.857 [main] DEBUG org.apache.http.headers -- >> Connection: Keep-Alive
01:28:04.857 [main] DEBUG org.apache.http.headers -- >> User-Agent: Apache-HttpClient/4.5.13 (Java/17.0.8)
01:28:04.857 [main] DEBUG org.apache.http.headers -- >> Accept-Encoding: gzip,deflate
01:28:04.883 [main] DEBUG org.apache.http.wire --  << "HTTP/1.1 404 Not Found[\r][\n]"
01:28:04.884 [main] DEBUG org.apache.http.wire --  << "date: Thu, 02 Nov 2023 18:28:06 GMT[\r][\n]"
01:28:04.884 [main] DEBUG org.apache.http.wire --  << "content-encoding: gzip[\r][\n]"
01:28:04.884 [main] DEBUG org.apache.http.wire --  << "content-type: text/plain; charset=utf-8[\r][\n]"
01:28:04.884 [main] DEBUG org.apache.http.wire --  << "transfer-encoding: chunked[\r][\n]"
01:28:04.884 [main] DEBUG org.apache.http.wire --  << "server: Fly/7328d5b5 (2023-10-27)[\r][\n]"
01:28:04.884 [main] DEBUG org.apache.http.wire --  << "via: 1.1 fly.io[\r][\n]"
01:28:04.884 [main] DEBUG org.apache.http.wire --  << "fly-request-id: 01HE8MNS55JP6CZA7SJV8WGQ03-sin[\r][\n]"
01:28:04.884 [main] DEBUG org.apache.http.wire --  << "[\r][\n]"
01:28:04.884 [main] DEBUG org.apache.http.impl.conn.DefaultClientConnection -- Receiving response: HTTP/1.1 404 Not Found
01:28:04.884 [main] DEBUG org.apache.http.headers -- << HTTP/1.1 404 Not Found
01:28:04.884 [main] DEBUG org.apache.http.headers -- << date: Thu, 02 Nov 2023 18:28:06 GMT
01:28:04.884 [main] DEBUG org.apache.http.headers -- << content-encoding: gzip
01:28:04.884 [main] DEBUG org.apache.http.headers -- << content-type: text/plain; charset=utf-8
01:28:04.884 [main] DEBUG org.apache.http.headers -- << transfer-encoding: chunked
01:28:04.884 [main] DEBUG org.apache.http.headers -- << server: Fly/7328d5b5 (2023-10-27)
01:28:04.884 [main] DEBUG org.apache.http.headers -- << via: 1.1 fly.io
01:28:04.884 [main] DEBUG org.apache.http.headers -- << fly-request-id: 01HE8MNS55JP6CZA7SJV8WGQ03-sin
01:28:04.884 [main] DEBUG org.apache.http.impl.client.DefaultHttpClient -- Connection can be kept alive indefinitely
01:28:04.884 [main] DEBUG io.restassured.internal.RestAssuredHttpBuilder -- Parsing response as: text/plain; charset=utf-8
01:28:04.884 [main] DEBUG org.apache.http.wire --  << "1E[\r][\n]"
01:28:04.884 [main] DEBUG org.apache.http.wire --  << "[0x1f][0x8b][0x8][0x0][0x0][0x0][0x0][0x0][0x4][0xff][0xcb][0xcb]/QH[0xcb]/[0xcd]K[0xe1][0x2][0x0][0xd4]I[0xfa]r[\n]"
01:28:04.884 [main] DEBUG org.apache.http.wire --  << "[0x0][0x0][0x0]"
01:28:04.885 [main] DEBUG org.apache.http.wire --  << "[\r][\n]"
01:28:04.885 [main] DEBUG org.apache.http.wire --  << "0[\r][\n]"
01:28:04.885 [main] DEBUG org.apache.http.wire --  << "[\r][\n]"
01:28:04.885 [main] DEBUG io.restassured.internal.RestAssuredHttpBuilder -- Parsed data to instance of: class org.apache.http.conn.EofSensorInputStream
01:28:04.892 [main] DEBUG org.apache.http.impl.conn.BasicClientConnectionManager -- Releasing connection org.apache.http.impl.conn.ManagedClientConnectionImpl@45539bd8
01:28:04.892 [main] DEBUG org.apache.http.impl.conn.BasicClientConnectionManager -- Connection can be kept alive indefinitely
01:28:04.893 [main] DEBUG net.thucydides.core.steps.StepInterceptor -- STEP DONE: I GET HTTP request for comments products using invalid endpoints
  &amp#27;[32mWhen &amp#27;[0m&amp#27;[32mI GET HTTP request for comments products using invalid endpoints&amp#27;[0m                &amp#27;[90m# starter.stepdefinition.CommentSteps.getHTTPRequestForCommentProductsUsingInvalidEndpoints()&amp#27;[0m
01:28:04.897 [main] DEBUG net.thucydides.core.steps.StepInterceptor -- STARTING STEP: CommentSteps.receiveResponseCode404ForCommentProductsUsingInvalidEndpoints - I receive valid HTTP response 404 for comments products using invalid endpoints
01:28:04.898 [main] DEBUG net.thucydides.core.steps.StepInterceptor -- STEP DONE: I receive valid HTTP response 404 for comments products using invalid endpoints
  &amp#27;[32mThen &amp#27;[0m&amp#27;[32mI receive valid HTTP response 404 for comments products using invalid endpoints&amp#27;[0m &amp#27;[90m# starter.stepdefinition.CommentSteps.receiveResponseCode404ForCommentProductsUsingInvalidEndpoints()&amp#27;[0m
01:28:04.901 [main] INFO  -- 
  _____   ___   ___   _____     ___     _     ___   ___   ___   ___  
 |_   _| | __| / __| |_   _|   | _ \   /_\   / __| / __| | __| |   \ 
   | |   | _|  \__ \   | |     |  _/  / _ \  \__ \ \__ \ | _|  | |) |
   |_|   |___| |___/   |_|     |_|   /_/ \_\ |___/ |___/ |___| |___/ 

TC74 - Get comment for products invalid endpoints
----------------------------------------------------------------------
]]></system-out>
  </testcase>
  <testcase name="TC75 - Create a comment for products" classname="[08_Automation] - Comment" time="0.198">
    <system-out><![CDATA[
Scenario: TC75 - Create a comment for products                       &amp#27;[90m# src/test/resources/Comment.feature:13&amp#27;[0m
01:28:04.922 [main] INFO io.cucumber.core.plugin.SerenityReporter -- Running feature from file:///D:/TaksAlterra/MiniProject/MiniProject_API/src/test/resources/Comment.feature
01:28:04.923 [main] WARN io.cucumber.core.plugin.SerenityReporter -- Feature from file:///D:/TaksAlterra/MiniProject/MiniProject_API/src/test/resources/Comment.feature is not under the 'features' directory. Requirements report will not be correctly generated!
01:28:04.924 [main] INFO  -- 
  _____   ___   ___   _____     ___   _____     _     ___   _____   ___   ___  
 |_   _| | __| / __| |_   _|   / __| |_   _|   /_\   | _ \ |_   _| | __| |   \ 
   | |   | _|  \__ \   | |     \__ \   | |    / _ \  |   /   | |   | _|  | |) |
   |_|   |___| |___/   |_|     |___/   |_|   /_/ \_\ |_|_\   |_|   |___| |___/ 

TC75 - Create a comment for products([08-automation]---comment;tc75---create-a-comment-for-products)
--------------------------------------------------------------------------------
01:28:04.933 [main] DEBUG net.thucydides.core.steps.StepInterceptor -- STARTING STEP: CommentSteps.postCreateCommentForProductsEndpoints - I POST create a comment for products endpoints
01:28:04.933 [main] DEBUG net.thucydides.core.steps.StepInterceptor -- STEP DONE: I POST create a comment for products endpoints
  &amp#27;[32mGiven &amp#27;[0m&amp#27;[32mI POST create a comment for products endpoints&amp#27;[0m               &amp#27;[90m# starter.stepdefinition.CommentSteps.postCreateCommentForProductsEndpoints()&amp#27;[0m
01:28:04.936 [main] DEBUG net.thucydides.core.steps.StepInterceptor -- STARTING STEP: CommentSteps.postHTTPRequestCreateCommentForProducts - I POST HTTP request create a comment for products
01:28:04.943 [main] DEBUG net.thucydides.core.steps.StepInterceptor -- STARTING STEP: Comment.postHTTPRequestCreateCommentForProducts - I POST create a comment for products endpoints
01:28:04.944 [main] DEBUG net.thucydides.core.steps.StepInterceptor -- STEP DONE: I POST create a comment for products endpoints
01:28:04.995 [main] DEBUG org.apache.http.impl.conn.BasicClientConnectionManager -- Get connection for route {s}->https://altashop-api.fly.dev:443
01:28:04.995 [main] DEBUG org.apache.http.impl.conn.DefaultClientConnectionOperator -- Connecting to altashop-api.fly.dev:443
01:28:05.057 [main] DEBUG org.apache.http.client.protocol.RequestAddCookies -- CookieSpec selected: ignoreCookies
01:28:05.057 [main] DEBUG org.apache.http.client.protocol.RequestAuthCache -- Auth cache not set in the context
01:28:05.057 [main] DEBUG org.apache.http.client.protocol.RequestProxyAuthentication -- Proxy auth state: UNCHALLENGED
01:28:05.057 [main] DEBUG org.apache.http.impl.client.DefaultHttpClient -- Attempt 1 to execute request
01:28:05.057 [main] DEBUG org.apache.http.impl.conn.DefaultClientConnection -- Sending request: POST /api/products/2/comments HTTP/1.1
01:28:05.057 [main] DEBUG org.apache.http.wire --  >> "POST /api/products/2/comments HTTP/1.1[\r][\n]"
01:28:05.057 [main] DEBUG org.apache.http.wire --  >> "Authorization: Bearer eyJhbGciOiJIUzI1NiIsInR5cCI6IkpXVCJ9.eyJGdWxsbmFtZSI6Ik5hdXJhIFZpZXRhIEhhZmxhIiwiRW1haWwiOiJuYXVyYWhhZmxhQGdtYWlsLmNvbSJ9.s7o8kacM5c5L7fMRQwNBVTO4m2AeQS4Fu9QSdP9ASbA[\r][\n]"
01:28:05.057 [main] DEBUG org.apache.http.wire --  >> "Accept: */*[\r][\n]"
01:28:05.057 [main] DEBUG org.apache.http.wire --  >> "Content-Type: application/json[\r][\n]"
01:28:05.057 [main] DEBUG org.apache.http.wire --  >> "Content-Length: 87[\r][\n]"
01:28:05.057 [main] DEBUG org.apache.http.wire --  >> "Host: altashop-api.fly.dev[\r][\n]"
01:28:05.059 [main] DEBUG org.apache.http.wire --  >> "Connection: Keep-Alive[\r][\n]"
01:28:05.059 [main] DEBUG org.apache.http.wire --  >> "User-Agent: Apache-HttpClient/4.5.13 (Java/17.0.8)[\r][\n]"
01:28:05.059 [main] DEBUG org.apache.http.wire --  >> "Accept-Encoding: gzip,deflate[\r][\n]"
01:28:05.059 [main] DEBUG org.apache.http.wire --  >> "[\r][\n]"
01:28:05.059 [main] DEBUG org.apache.http.headers -- >> POST /api/products/2/comments HTTP/1.1
01:28:05.059 [main] DEBUG org.apache.http.headers -- >> Authorization: Bearer eyJhbGciOiJIUzI1NiIsInR5cCI6IkpXVCJ9.eyJGdWxsbmFtZSI6Ik5hdXJhIFZpZXRhIEhhZmxhIiwiRW1haWwiOiJuYXVyYWhhZmxhQGdtYWlsLmNvbSJ9.s7o8kacM5c5L7fMRQwNBVTO4m2AeQS4Fu9QSdP9ASbA
01:28:05.059 [main] DEBUG org.apache.http.headers -- >> Accept: */*
01:28:05.059 [main] DEBUG org.apache.http.headers -- >> Content-Type: application/json
01:28:05.059 [main] DEBUG org.apache.http.headers -- >> Content-Length: 87
01:28:05.059 [main] DEBUG org.apache.http.headers -- >> Host: altashop-api.fly.dev
01:28:05.059 [main] DEBUG org.apache.http.headers -- >> Connection: Keep-Alive
01:28:05.059 [main] DEBUG org.apache.http.headers -- >> User-Agent: Apache-HttpClient/4.5.13 (Java/17.0.8)
01:28:05.059 [main] DEBUG org.apache.http.headers -- >> Accept-Encoding: gzip,deflate
01:28:05.059 [main] DEBUG org.apache.http.wire --  >> "{"content":"the games are great including Gran Turismo 7 but sadly GT4 is much better"}"
01:28:05.090 [main] DEBUG org.apache.http.wire --  << "HTTP/1.1 200 OK[\r][\n]"
01:28:05.090 [main] DEBUG org.apache.http.wire --  << "content-type: application/json[\r][\n]"
01:28:05.090 [main] DEBUG org.apache.http.wire --  << "date: Thu, 02 Nov 2023 18:28:06 GMT[\r][\n]"
01:28:05.090 [main] DEBUG org.apache.http.wire --  << "content-encoding: gzip[\r][\n]"
01:28:05.090 [main] DEBUG org.apache.http.wire --  << "transfer-encoding: chunked[\r][\n]"
01:28:05.090 [main] DEBUG org.apache.http.wire --  << "server: Fly/7328d5b5 (2023-10-27)[\r][\n]"
01:28:05.090 [main] DEBUG org.apache.http.wire --  << "via: 1.1 fly.io[\r][\n]"
01:28:05.090 [main] DEBUG org.apache.http.wire --  << "fly-request-id: 01HE8MNSBEKAAYE8SWYQSM8762-sin[\r][\n]"
01:28:05.090 [main] DEBUG org.apache.http.wire --  << "[\r][\n]"
01:28:05.090 [main] DEBUG org.apache.http.impl.conn.DefaultClientConnection -- Receiving response: HTTP/1.1 200 OK
01:28:05.090 [main] DEBUG org.apache.http.headers -- << HTTP/1.1 200 OK
01:28:05.090 [main] DEBUG org.apache.http.headers -- << content-type: application/json
01:28:05.090 [main] DEBUG org.apache.http.headers -- << date: Thu, 02 Nov 2023 18:28:06 GMT
01:28:05.090 [main] DEBUG org.apache.http.headers -- << content-encoding: gzip
01:28:05.090 [main] DEBUG org.apache.http.headers -- << transfer-encoding: chunked
01:28:05.090 [main] DEBUG org.apache.http.headers -- << server: Fly/7328d5b5 (2023-10-27)
01:28:05.090 [main] DEBUG org.apache.http.headers -- << via: 1.1 fly.io
01:28:05.090 [main] DEBUG org.apache.http.headers -- << fly-request-id: 01HE8MNSBEKAAYE8SWYQSM8762-sin
01:28:05.091 [main] DEBUG org.apache.http.impl.client.DefaultHttpClient -- Connection can be kept alive indefinitely
01:28:05.091 [main] DEBUG io.restassured.internal.RestAssuredHttpBuilder -- Parsing response as: application/json
01:28:05.091 [main] DEBUG org.apache.http.wire --  << "9E[\r][\n]"
01:28:05.091 [main] DEBUG org.apache.http.wire --  << "[0x1f][0x8b][0x8][0x0][0x0][0x0][0x0][0x0][0x4][0xff][0xab]VJI,IT[0xb2][0xaa]V[0xf2]tQ[0xb2]242[0xb7]4[0xd5]Qr[0xce][0xcf]+I[0xcd]+Q[0xb2]R*[0xc9]HUHO[0xcc]M-VH,JUH/JM,Q[0xc8][0xcc]K[0xce])M[0xc9][0xcc]KWp/J[0xcc]S[0x8])-[0xca],[0xce][0xcd]W0WH*-Q(NL[0xc9][0xa9]Tp[0xf]1Q[0xc8],V[0xc8]-M[0xce]PHJ-)I-R[0xd2]Q[\n]"
01:28:05.091 [main] DEBUG org.apache.http.wire --  << "-N-R[0xb2][0xca]+[0xcd][0xc9][0xd1]Q[\n]"
01:28:05.091 [main] DEBUG org.apache.http.wire --  << "([0xca]O)M.[0x81]q[0x9d][0xf3]ss[0xc1][0x16][0x82]dkk[0xb9][0x0][0xc9][0x8]4v[0x96][0x0][0x0][0x0]"
01:28:05.091 [main] DEBUG org.apache.http.wire --  << "[\r][\n]"
01:28:05.091 [main] DEBUG org.apache.http.wire --  << "0[\r][\n]"
01:28:05.091 [main] DEBUG org.apache.http.wire --  << "[\r][\n]"
01:28:05.091 [main] DEBUG io.restassured.internal.RestAssuredHttpBuilder -- Parsed data to instance of: class org.apache.http.conn.EofSensorInputStream
01:28:05.093 [main] DEBUG org.apache.http.impl.conn.BasicClientConnectionManager -- Releasing connection org.apache.http.impl.conn.ManagedClientConnectionImpl@3dd591b9
01:28:05.093 [main] DEBUG org.apache.http.impl.conn.BasicClientConnectionManager -- Connection can be kept alive indefinitely
01:28:05.094 [main] DEBUG net.thucydides.core.steps.StepInterceptor -- STEP DONE: I POST HTTP request create a comment for products
  &amp#27;[32mWhen &amp#27;[0m&amp#27;[32mI POST HTTP request create a comment for products&amp#27;[0m             &amp#27;[90m# starter.stepdefinition.CommentSteps.postHTTPRequestCreateCommentForProducts()&amp#27;[0m
01:28:05.097 [main] DEBUG net.thucydides.core.steps.StepInterceptor -- STARTING STEP: CommentSteps.receiveResponseCode200ForCreateCommentProducts - I receive valid HTTP response 200 for create comment products
01:28:05.098 [main] DEBUG net.thucydides.core.steps.StepInterceptor -- STEP DONE: I receive valid HTTP response 200 for create comment products
  &amp#27;[32mThen &amp#27;[0m&amp#27;[32mI receive valid HTTP response 200 for create comment products&amp#27;[0m &amp#27;[90m# starter.stepdefinition.CommentSteps.receiveResponseCode200ForCreateCommentProducts()&amp#27;[0m
01:28:05.100 [main] INFO  -- 
  _____   ___   ___   _____     ___     _     ___   ___   ___   ___  
 |_   _| | __| / __| |_   _|   | _ \   /_\   / __| / __| | __| |   \ 
   | |   | _|  \__ \   | |     |  _/  / _ \  \__ \ \__ \ | _|  | |) |
   |_|   |___| |___/   |_|     |_|   /_/ \_\ |___/ |___/ |___| |___/ 

TC75 - Create a comment for products
----------------------------------------------------------------------
]]></system-out>
  </testcase>
  <testcase name="TC76 - Create a comment product invalid by ID with character symbols" classname="[08_Automation] - Comment" time="0.157">
    <system-out><![CDATA[
Scenario: TC76 - Create a comment product invalid by ID with character symbols                     &amp#27;[90m# src/test/resources/Comment.feature:18&amp#27;[0m
01:28:05.119 [main] INFO io.cucumber.core.plugin.SerenityReporter -- Running feature from file:///D:/TaksAlterra/MiniProject/MiniProject_API/src/test/resources/Comment.feature
01:28:05.119 [main] WARN io.cucumber.core.plugin.SerenityReporter -- Feature from file:///D:/TaksAlterra/MiniProject/MiniProject_API/src/test/resources/Comment.feature is not under the 'features' directory. Requirements report will not be correctly generated!
01:28:05.123 [main] INFO  -- 
  _____   ___   ___   _____     ___   _____     _     ___   _____   ___   ___  
 |_   _| | __| / __| |_   _|   / __| |_   _|   /_\   | _ \ |_   _| | __| |   \ 
   | |   | _|  \__ \   | |     \__ \   | |    / _ \  |   /   | |   | _|  | |) |
   |_|   |___| |___/   |_|     |___/   |_|   /_/ \_\ |_|_\   |_|   |___| |___/ 

TC76 - Create a comment product invalid by ID with character symbols([08-automation]---comment;tc76---create-a-comment-product-invalid-by-id-with-character-symbols)
--------------------------------------------------------------------------------
01:28:05.132 [main] DEBUG net.thucydides.core.steps.StepInterceptor -- STARTING STEP: CommentSteps.postCreateCommentForProductsEndpointsByID - I POST create a comment for products endpoints by ID
01:28:05.132 [main] DEBUG net.thucydides.core.steps.StepInterceptor -- STEP DONE: I POST create a comment for products endpoints by ID
  &amp#27;[32mGiven &amp#27;[0m&amp#27;[32mI POST create a comment for products endpoints by ID&amp#27;[0m                                       &amp#27;[90m# starter.stepdefinition.CommentSteps.postCreateCommentForProductsEndpointsByID()&amp#27;[0m
01:28:05.135 [main] DEBUG net.thucydides.core.steps.StepInterceptor -- STARTING STEP: CommentSteps.postHTTPRequestForCommentProductsInvalidByIDWithCharacterSymbols - I POST HTTP request for comment products invalid by ID with character symbols
01:28:05.138 [main] DEBUG net.thucydides.core.steps.StepInterceptor -- STARTING STEP: Comment.postHTTPRequestForCommentProductsInvalidByIDWithCharacterSymbols - I POST create a comment for products endpoints by ID
01:28:05.138 [main] DEBUG net.thucydides.core.steps.StepInterceptor -- STEP DONE: I POST create a comment for products endpoints by ID
01:28:05.160 [main] DEBUG org.apache.http.impl.conn.BasicClientConnectionManager -- Get connection for route {s}->https://altashop-api.fly.dev:443
01:28:05.160 [main] DEBUG org.apache.http.impl.conn.DefaultClientConnectionOperator -- Connecting to altashop-api.fly.dev:443
01:28:05.219 [main] DEBUG org.apache.http.client.protocol.RequestAddCookies -- CookieSpec selected: ignoreCookies
01:28:05.219 [main] DEBUG org.apache.http.client.protocol.RequestAuthCache -- Auth cache not set in the context
01:28:05.219 [main] DEBUG org.apache.http.client.protocol.RequestProxyAuthentication -- Proxy auth state: UNCHALLENGED
01:28:05.219 [main] DEBUG org.apache.http.impl.client.DefaultHttpClient -- Attempt 1 to execute request
01:28:05.219 [main] DEBUG org.apache.http.impl.conn.DefaultClientConnection -- Sending request: POST /api/products/-2/comments HTTP/1.1
01:28:05.219 [main] DEBUG org.apache.http.wire --  >> "POST /api/products/-2/comments HTTP/1.1[\r][\n]"
01:28:05.219 [main] DEBUG org.apache.http.wire --  >> "Authorization: Bearer eyJhbGciOiJIUzI1NiIsInR5cCI6IkpXVCJ9.eyJGdWxsbmFtZSI6Ik5hdXJhIFZpZXRhIEhhZmxhIiwiRW1haWwiOiJuYXVyYWhhZmxhQGdtYWlsLmNvbSJ9.s7o8kacM5c5L7fMRQwNBVTO4m2AeQS4Fu9QSdP9ASbA[\r][\n]"
01:28:05.219 [main] DEBUG org.apache.http.wire --  >> "Accept: */*[\r][\n]"
01:28:05.219 [main] DEBUG org.apache.http.wire --  >> "Content-Type: application/json[\r][\n]"
01:28:05.219 [main] DEBUG org.apache.http.wire --  >> "Content-Length: 87[\r][\n]"
01:28:05.219 [main] DEBUG org.apache.http.wire --  >> "Host: altashop-api.fly.dev[\r][\n]"
01:28:05.219 [main] DEBUG org.apache.http.wire --  >> "Connection: Keep-Alive[\r][\n]"
01:28:05.219 [main] DEBUG org.apache.http.wire --  >> "User-Agent: Apache-HttpClient/4.5.13 (Java/17.0.8)[\r][\n]"
01:28:05.219 [main] DEBUG org.apache.http.wire --  >> "Accept-Encoding: gzip,deflate[\r][\n]"
01:28:05.219 [main] DEBUG org.apache.http.wire --  >> "[\r][\n]"
01:28:05.219 [main] DEBUG org.apache.http.headers -- >> POST /api/products/-2/comments HTTP/1.1
01:28:05.220 [main] DEBUG org.apache.http.headers -- >> Authorization: Bearer eyJhbGciOiJIUzI1NiIsInR5cCI6IkpXVCJ9.eyJGdWxsbmFtZSI6Ik5hdXJhIFZpZXRhIEhhZmxhIiwiRW1haWwiOiJuYXVyYWhhZmxhQGdtYWlsLmNvbSJ9.s7o8kacM5c5L7fMRQwNBVTO4m2AeQS4Fu9QSdP9ASbA
01:28:05.220 [main] DEBUG org.apache.http.headers -- >> Accept: */*
01:28:05.220 [main] DEBUG org.apache.http.headers -- >> Content-Type: application/json
01:28:05.220 [main] DEBUG org.apache.http.headers -- >> Content-Length: 87
01:28:05.220 [main] DEBUG org.apache.http.headers -- >> Host: altashop-api.fly.dev
01:28:05.220 [main] DEBUG org.apache.http.headers -- >> Connection: Keep-Alive
01:28:05.220 [main] DEBUG org.apache.http.headers -- >> User-Agent: Apache-HttpClient/4.5.13 (Java/17.0.8)
01:28:05.220 [main] DEBUG org.apache.http.headers -- >> Accept-Encoding: gzip,deflate
01:28:05.220 [main] DEBUG org.apache.http.wire --  >> "{"content":"the games are great including Gran Turismo 7 but sadly GT4 is much better"}"
01:28:05.247 [main] DEBUG org.apache.http.wire --  << "HTTP/1.1 500 Internal Server Error[\r][\n]"
01:28:05.247 [main] DEBUG org.apache.http.wire --  << "content-type: application/json[\r][\n]"
01:28:05.248 [main] DEBUG org.apache.http.wire --  << "date: Thu, 02 Nov 2023 18:28:06 GMT[\r][\n]"
01:28:05.248 [main] DEBUG org.apache.http.wire --  << "content-encoding: gzip[\r][\n]"
01:28:05.248 [main] DEBUG org.apache.http.wire --  << "transfer-encoding: chunked[\r][\n]"
01:28:05.248 [main] DEBUG org.apache.http.wire --  << "server: Fly/7328d5b5 (2023-10-27)[\r][\n]"
01:28:05.248 [main] DEBUG org.apache.http.wire --  << "via: 1.1 fly.io[\r][\n]"
01:28:05.248 [main] DEBUG org.apache.http.wire --  << "fly-request-id: 01HE8MNSGF3V92H91GTPWCSPJE-sin[\r][\n]"
01:28:05.248 [main] DEBUG org.apache.http.wire --  << "[\r][\n]"
01:28:05.248 [main] DEBUG org.apache.http.impl.conn.DefaultClientConnection -- Receiving response: HTTP/1.1 500 Internal Server Error
01:28:05.248 [main] DEBUG org.apache.http.headers -- << HTTP/1.1 500 Internal Server Error
01:28:05.248 [main] DEBUG org.apache.http.headers -- << content-type: application/json
01:28:05.248 [main] DEBUG org.apache.http.headers -- << date: Thu, 02 Nov 2023 18:28:06 GMT
01:28:05.248 [main] DEBUG org.apache.http.headers -- << content-encoding: gzip
01:28:05.248 [main] DEBUG org.apache.http.headers -- << transfer-encoding: chunked
01:28:05.248 [main] DEBUG org.apache.http.headers -- << server: Fly/7328d5b5 (2023-10-27)
01:28:05.248 [main] DEBUG org.apache.http.headers -- << via: 1.1 fly.io
01:28:05.248 [main] DEBUG org.apache.http.headers -- << fly-request-id: 01HE8MNSGF3V92H91GTPWCSPJE-sin
01:28:05.248 [main] DEBUG org.apache.http.impl.client.DefaultHttpClient -- Connection can be kept alive indefinitely
01:28:05.248 [main] DEBUG io.restassured.internal.RestAssuredHttpBuilder -- Parsing response as: application/json
01:28:05.248 [main] DEBUG org.apache.http.wire --  << "5C[\r][\n]"
01:28:05.248 [main] DEBUG org.apache.http.wire --  << "[0x1f][0x8b][0x8][0x0][0x0][0x0][0x0][0x0][0x4][0xff][0xab]VJ-*[0xca]/R[0xb2]R2[0xb4]01137110767[0xb0]455434Q[0xc8],VH/JM,I-R([0xc9]H[0xcc]S[0xc8]M[0xac][0xc8][0xcc]-[0xcd]U(K[0xcc])MUH[0xcb]/R[0xf0][0xcc]+1Q[0xaa][0xe5][0x2][0x0][0x90]^[0xcd][0x8c]H[0x0][0x0][0x0]"
01:28:05.248 [main] DEBUG org.apache.http.wire --  << "[\r][\n]"
01:28:05.249 [main] DEBUG org.apache.http.wire --  << "0[\r][\n]"
01:28:05.249 [main] DEBUG org.apache.http.wire --  << "[\r][\n]"
01:28:05.249 [main] DEBUG io.restassured.internal.RestAssuredHttpBuilder -- Parsed data to instance of: class org.apache.http.conn.EofSensorInputStream
01:28:05.251 [main] DEBUG org.apache.http.impl.conn.BasicClientConnectionManager -- Releasing connection org.apache.http.impl.conn.ManagedClientConnectionImpl@24b8a393
01:28:05.251 [main] DEBUG org.apache.http.impl.conn.BasicClientConnectionManager -- Connection can be kept alive indefinitely
01:28:05.251 [main] DEBUG net.thucydides.core.steps.StepInterceptor -- STEP DONE: I POST HTTP request for comment products invalid by ID with character symbols
  &amp#27;[32mWhen &amp#27;[0m&amp#27;[32mI POST HTTP request for comment products invalid by ID with character symbols&amp#27;[0m               &amp#27;[90m# starter.stepdefinition.CommentSteps.postHTTPRequestForCommentProductsInvalidByIDWithCharacterSymbols()&amp#27;[0m
01:28:05.254 [main] DEBUG net.thucydides.core.steps.StepInterceptor -- STARTING STEP: CommentSteps.receiveResponseCode401ForCommentProductsInvalidByIDWithCharacterSymbols - I receive valid HTTP response 500 for comment products invalid by ID with character symbols
01:28:05.256 [main] DEBUG net.thucydides.core.steps.StepInterceptor -- STEP DONE: I receive valid HTTP response 500 for comment products invalid by ID with character symbols
  &amp#27;[32mThen &amp#27;[0m&amp#27;[32mI receive valid HTTP response 500 for comment products invalid by ID with character symbols&amp#27;[0m &amp#27;[90m# starter.stepdefinition.CommentSteps.receiveResponseCode401ForCommentProductsInvalidByIDWithCharacterSymbols()&amp#27;[0m
01:28:05.257 [main] INFO  -- 
  _____   ___   ___   _____     ___     _     ___   ___   ___   ___  
 |_   _| | __| / __| |_   _|   | _ \   /_\   / __| / __| | __| |   \ 
   | |   | _|  \__ \   | |     |  _/  / _ \  \__ \ \__ \ | _|  | |) |
   |_|   |___| |___/   |_|     |_|   /_/ \_\ |___/ |___/ |___| |___/ 

TC76 - Create a comment product invalid by ID with character symbols
----------------------------------------------------------------------
]]></system-out>
  </testcase>
  <testcase name="TC77 - Create a comment product invalid by ID with character alphabet" classname="[08_Automation] - Comment" time="0.15">
    <system-out><![CDATA[
Scenario: TC77 - Create a comment product invalid by ID with character alphabet                     &amp#27;[90m# src/test/resources/Comment.feature:23&amp#27;[0m
01:28:05.272 [main] INFO io.cucumber.core.plugin.SerenityReporter -- Running feature from file:///D:/TaksAlterra/MiniProject/MiniProject_API/src/test/resources/Comment.feature
01:28:05.273 [main] WARN io.cucumber.core.plugin.SerenityReporter -- Feature from file:///D:/TaksAlterra/MiniProject/MiniProject_API/src/test/resources/Comment.feature is not under the 'features' directory. Requirements report will not be correctly generated!
01:28:05.278 [main] INFO  -- 
  _____   ___   ___   _____     ___   _____     _     ___   _____   ___   ___  
 |_   _| | __| / __| |_   _|   / __| |_   _|   /_\   | _ \ |_   _| | __| |   \ 
   | |   | _|  \__ \   | |     \__ \   | |    / _ \  |   /   | |   | _|  | |) |
   |_|   |___| |___/   |_|     |___/   |_|   /_/ \_\ |_|_\   |_|   |___| |___/ 

TC77 - Create a comment product invalid by ID with character alphabet([08-automation]---comment;tc77---create-a-comment-product-invalid-by-id-with-character-alphabet)
--------------------------------------------------------------------------------
01:28:05.296 [main] DEBUG net.thucydides.core.steps.StepInterceptor -- STARTING STEP: CommentSteps.postCreateCommentForProductsEndpointsByID2 - I POST create a comment for products endpoints by ID 2
01:28:05.296 [main] DEBUG net.thucydides.core.steps.StepInterceptor -- STEP DONE: I POST create a comment for products endpoints by ID 2
  &amp#27;[32mGiven &amp#27;[0m&amp#27;[32mI POST create a comment for products endpoints by ID 2&amp#27;[0m                                      &amp#27;[90m# starter.stepdefinition.CommentSteps.postCreateCommentForProductsEndpointsByID2()&amp#27;[0m
01:28:05.300 [main] DEBUG net.thucydides.core.steps.StepInterceptor -- STARTING STEP: CommentSteps.postHTTPRequestForCommentProductsInvalidByIDWithCharacterAlphabet - I POST HTTP request for comment products invalid by ID with character alphabet
01:28:05.302 [main] DEBUG net.thucydides.core.steps.StepInterceptor -- STARTING STEP: Comment.postHTTPRequestForCommentProductsInvalidByIDWithCharacterAlphabet - I POST create a comment for products endpoints by ID 2
01:28:05.302 [main] DEBUG net.thucydides.core.steps.StepInterceptor -- STEP DONE: I POST create a comment for products endpoints by ID 2
01:28:05.312 [main] DEBUG org.apache.http.impl.conn.BasicClientConnectionManager -- Get connection for route {s}->https://altashop-api.fly.dev:443
01:28:05.312 [main] DEBUG org.apache.http.impl.conn.DefaultClientConnectionOperator -- Connecting to altashop-api.fly.dev:443
01:28:05.367 [main] DEBUG org.apache.http.client.protocol.RequestAddCookies -- CookieSpec selected: ignoreCookies
01:28:05.368 [main] DEBUG org.apache.http.client.protocol.RequestAuthCache -- Auth cache not set in the context
01:28:05.368 [main] DEBUG org.apache.http.client.protocol.RequestProxyAuthentication -- Proxy auth state: UNCHALLENGED
01:28:05.368 [main] DEBUG org.apache.http.impl.client.DefaultHttpClient -- Attempt 1 to execute request
01:28:05.368 [main] DEBUG org.apache.http.impl.conn.DefaultClientConnection -- Sending request: POST /api/products/dua/comments HTTP/1.1
01:28:05.368 [main] DEBUG org.apache.http.wire --  >> "POST /api/products/dua/comments HTTP/1.1[\r][\n]"
01:28:05.368 [main] DEBUG org.apache.http.wire --  >> "Authorization: Bearer eyJhbGciOiJIUzI1NiIsInR5cCI6IkpXVCJ9.eyJGdWxsbmFtZSI6Ik5hdXJhIFZpZXRhIEhhZmxhIiwiRW1haWwiOiJuYXVyYWhhZmxhQGdtYWlsLmNvbSJ9.s7o8kacM5c5L7fMRQwNBVTO4m2AeQS4Fu9QSdP9ASbA[\r][\n]"
01:28:05.368 [main] DEBUG org.apache.http.wire --  >> "Accept: */*[\r][\n]"
01:28:05.368 [main] DEBUG org.apache.http.wire --  >> "Content-Type: application/json[\r][\n]"
01:28:05.368 [main] DEBUG org.apache.http.wire --  >> "Content-Length: 87[\r][\n]"
01:28:05.368 [main] DEBUG org.apache.http.wire --  >> "Host: altashop-api.fly.dev[\r][\n]"
01:28:05.368 [main] DEBUG org.apache.http.wire --  >> "Connection: Keep-Alive[\r][\n]"
01:28:05.368 [main] DEBUG org.apache.http.wire --  >> "User-Agent: Apache-HttpClient/4.5.13 (Java/17.0.8)[\r][\n]"
01:28:05.368 [main] DEBUG org.apache.http.wire --  >> "Accept-Encoding: gzip,deflate[\r][\n]"
01:28:05.368 [main] DEBUG org.apache.http.wire --  >> "[\r][\n]"
01:28:05.368 [main] DEBUG org.apache.http.headers -- >> POST /api/products/dua/comments HTTP/1.1
01:28:05.368 [main] DEBUG org.apache.http.headers -- >> Authorization: Bearer eyJhbGciOiJIUzI1NiIsInR5cCI6IkpXVCJ9.eyJGdWxsbmFtZSI6Ik5hdXJhIFZpZXRhIEhhZmxhIiwiRW1haWwiOiJuYXVyYWhhZmxhQGdtYWlsLmNvbSJ9.s7o8kacM5c5L7fMRQwNBVTO4m2AeQS4Fu9QSdP9ASbA
01:28:05.368 [main] DEBUG org.apache.http.headers -- >> Accept: */*
01:28:05.368 [main] DEBUG org.apache.http.headers -- >> Content-Type: application/json
01:28:05.368 [main] DEBUG org.apache.http.headers -- >> Content-Length: 87
01:28:05.368 [main] DEBUG org.apache.http.headers -- >> Host: altashop-api.fly.dev
01:28:05.368 [main] DEBUG org.apache.http.headers -- >> Connection: Keep-Alive
01:28:05.368 [main] DEBUG org.apache.http.headers -- >> User-Agent: Apache-HttpClient/4.5.13 (Java/17.0.8)
01:28:05.368 [main] DEBUG org.apache.http.headers -- >> Accept-Encoding: gzip,deflate
01:28:05.368 [main] DEBUG org.apache.http.wire --  >> "{"content":"the games are great including Gran Turismo 7 but sadly GT4 is much better"}"
01:28:05.397 [main] DEBUG org.apache.http.wire --  << "HTTP/1.1 400 Bad Request[\r][\n]"
01:28:05.397 [main] DEBUG org.apache.http.wire --  << "content-type: application/json[\r][\n]"
01:28:05.397 [main] DEBUG org.apache.http.wire --  << "date: Thu, 02 Nov 2023 18:28:06 GMT[\r][\n]"
01:28:05.397 [main] DEBUG org.apache.http.wire --  << "content-encoding: gzip[\r][\n]"
01:28:05.397 [main] DEBUG org.apache.http.wire --  << "transfer-encoding: chunked[\r][\n]"
01:28:05.397 [main] DEBUG org.apache.http.wire --  << "server: Fly/7328d5b5 (2023-10-27)[\r][\n]"
01:28:05.397 [main] DEBUG org.apache.http.wire --  << "via: 1.1 fly.io[\r][\n]"
01:28:05.397 [main] DEBUG org.apache.http.wire --  << "fly-request-id: 01HE8MNSN237JV31GN34R60CVG-sin[\r][\n]"
01:28:05.397 [main] DEBUG org.apache.http.wire --  << "[\r][\n]"
01:28:05.397 [main] DEBUG org.apache.http.impl.conn.DefaultClientConnection -- Receiving response: HTTP/1.1 400 Bad Request
01:28:05.397 [main] DEBUG org.apache.http.headers -- << HTTP/1.1 400 Bad Request
01:28:05.397 [main] DEBUG org.apache.http.headers -- << content-type: application/json
01:28:05.397 [main] DEBUG org.apache.http.headers -- << date: Thu, 02 Nov 2023 18:28:06 GMT
01:28:05.397 [main] DEBUG org.apache.http.headers -- << content-encoding: gzip
01:28:05.397 [main] DEBUG org.apache.http.headers -- << transfer-encoding: chunked
01:28:05.397 [main] DEBUG org.apache.http.headers -- << server: Fly/7328d5b5 (2023-10-27)
01:28:05.397 [main] DEBUG org.apache.http.headers -- << via: 1.1 fly.io
01:28:05.397 [main] DEBUG org.apache.http.headers -- << fly-request-id: 01HE8MNSN237JV31GN34R60CVG-sin
01:28:05.399 [main] DEBUG org.apache.http.impl.client.DefaultHttpClient -- Connection can be kept alive indefinitely
01:28:05.399 [main] DEBUG io.restassured.internal.RestAssuredHttpBuilder -- Parsing response as: application/json
01:28:05.399 [main] DEBUG org.apache.http.wire --  << "4E[\r][\n]"
01:28:05.399 [main] DEBUG org.apache.http.wire --  << "[0x1f][0x8b][0x8][0x0][0x0][0x0][0x0][0x0][0x4][0xff][0xab]VJ-*[0xca]/R[0xb2]R*.)J[0xce][0xcf]+[0xd3]s,[0xc9][0xcf][0xb4]R(H,*[0xce][0xcc]KW[0x88]QJ)M[0x8c]Q[0xb2]R[0xc8][0xcc]+K[0xcc][0xc9]LQ([0xae][0xcc]+I[0xac]P[0xaa][0xe5][0x2][0x0][0xd1][0xc0]5[0xfb]:[0x0][0x0][0x0]"
01:28:05.399 [main] DEBUG org.apache.http.wire --  << "[\r][\n]"
01:28:05.399 [main] DEBUG org.apache.http.wire --  << "0[\r][\n]"
01:28:05.399 [main] DEBUG org.apache.http.wire --  << "[\r][\n]"
01:28:05.399 [main] DEBUG io.restassured.internal.RestAssuredHttpBuilder -- Parsed data to instance of: class org.apache.http.conn.EofSensorInputStream
01:28:05.401 [main] DEBUG org.apache.http.impl.conn.BasicClientConnectionManager -- Releasing connection org.apache.http.impl.conn.ManagedClientConnectionImpl@58068b40
01:28:05.401 [main] DEBUG org.apache.http.impl.conn.BasicClientConnectionManager -- Connection can be kept alive indefinitely
01:28:05.402 [main] DEBUG net.thucydides.core.steps.StepInterceptor -- STEP DONE: I POST HTTP request for comment products invalid by ID with character alphabet
  &amp#27;[32mWhen &amp#27;[0m&amp#27;[32mI POST HTTP request for comment products invalid by ID with character alphabet&amp#27;[0m               &amp#27;[90m# starter.stepdefinition.CommentSteps.postHTTPRequestForCommentProductsInvalidByIDWithCharacterAlphabet()&amp#27;[0m
01:28:05.405 [main] DEBUG net.thucydides.core.steps.StepInterceptor -- STARTING STEP: CommentSteps.receiveResponseCode400ForCommentProductsInvalidByIDWithCharacterAlphabet - I receive valid HTTP response 400 for comment products invalid by ID with character alphabet
01:28:05.406 [main] DEBUG net.thucydides.core.steps.StepInterceptor -- STEP DONE: I receive valid HTTP response 400 for comment products invalid by ID with character alphabet
  &amp#27;[32mThen &amp#27;[0m&amp#27;[32mI receive valid HTTP response 400 for comment products invalid by ID with character alphabet&amp#27;[0m &amp#27;[90m# starter.stepdefinition.CommentSteps.receiveResponseCode400ForCommentProductsInvalidByIDWithCharacterAlphabet()&amp#27;[0m
01:28:05.407 [main] INFO  -- 
  _____   ___   ___   _____     ___     _     ___   ___   ___   ___  
 |_   _| | __| / __| |_   _|   | _ \   /_\   / __| / __| | __| |   \ 
   | |   | _|  \__ \   | |     |  _/  / _ \  \__ \ \__ \ | _|  | |) |
   |_|   |___| |___/   |_|     |_|   /_/ \_\ |___/ |___/ |___| |___/ 

TC77 - Create a comment product invalid by ID with character alphabet
----------------------------------------------------------------------
]]></system-out>
  </testcase>
  <testcase name="TC78 - Create a comment for products with body parameter is empty" classname="[08_Automation] - Comment" time="0.135">
    <system-out><![CDATA[
Scenario: TC78 - Create a comment for products with body parameter is empty                &amp#27;[90m# src/test/resources/Comment.feature:28&amp#27;[0m
01:28:05.416 [main] INFO io.cucumber.core.plugin.SerenityReporter -- Running feature from file:///D:/TaksAlterra/MiniProject/MiniProject_API/src/test/resources/Comment.feature
01:28:05.416 [main] WARN io.cucumber.core.plugin.SerenityReporter -- Feature from file:///D:/TaksAlterra/MiniProject/MiniProject_API/src/test/resources/Comment.feature is not under the 'features' directory. Requirements report will not be correctly generated!
01:28:05.419 [main] INFO  -- 
  _____   ___   ___   _____     ___   _____     _     ___   _____   ___   ___  
 |_   _| | __| / __| |_   _|   / __| |_   _|   /_\   | _ \ |_   _| | __| |   \ 
   | |   | _|  \__ \   | |     \__ \   | |    / _ \  |   /   | |   | _|  | |) |
   |_|   |___| |___/   |_|     |___/   |_|   /_/ \_\ |_|_\   |_|   |___| |___/ 

TC78 - Create a comment for products with body parameter is empty([08-automation]---comment;tc78---create-a-comment-for-products-with-body-parameter-is-empty)
--------------------------------------------------------------------------------
01:28:05.426 [main] DEBUG net.thucydides.core.steps.StepInterceptor -- STARTING STEP: CommentSteps.postCreateCommentForProductsEndpoints2 - I POST create a comment for products endpoints 2
01:28:05.428 [main] DEBUG net.thucydides.core.steps.StepInterceptor -- STEP DONE: I POST create a comment for products endpoints 2
  &amp#27;[32mGiven &amp#27;[0m&amp#27;[32mI POST create a comment for products endpoints 2&amp#27;[0m                                   &amp#27;[90m# starter.stepdefinition.CommentSteps.postCreateCommentForProductsEndpoints2()&amp#27;[0m
01:28:05.434 [main] DEBUG net.thucydides.core.steps.StepInterceptor -- STARTING STEP: CommentSteps.postHTTPRequestForCommentProductsWithBodyParameterIsEmpty - I POST HTTP request for comment products with body parameter is empty
01:28:05.436 [main] DEBUG net.thucydides.core.steps.StepInterceptor -- STARTING STEP: Comment.postHTTPRequestForCommentProductsWithBodyParameterIsEmpty - I POST create a comment for products endpoints 2
01:28:05.436 [main] DEBUG net.thucydides.core.steps.StepInterceptor -- STEP DONE: I POST create a comment for products endpoints 2
01:28:05.450 [main] DEBUG org.apache.http.impl.conn.BasicClientConnectionManager -- Get connection for route {s}->https://altashop-api.fly.dev:443
01:28:05.450 [main] DEBUG org.apache.http.impl.conn.DefaultClientConnectionOperator -- Connecting to altashop-api.fly.dev:443
01:28:05.508 [main] DEBUG org.apache.http.client.protocol.RequestAddCookies -- CookieSpec selected: ignoreCookies
01:28:05.508 [main] DEBUG org.apache.http.client.protocol.RequestAuthCache -- Auth cache not set in the context
01:28:05.508 [main] DEBUG org.apache.http.client.protocol.RequestProxyAuthentication -- Proxy auth state: UNCHALLENGED
01:28:05.508 [main] DEBUG org.apache.http.impl.client.DefaultHttpClient -- Attempt 1 to execute request
01:28:05.508 [main] DEBUG org.apache.http.impl.conn.DefaultClientConnection -- Sending request: POST /api/products/2/comments HTTP/1.1
01:28:05.508 [main] DEBUG org.apache.http.wire --  >> "POST /api/products/2/comments HTTP/1.1[\r][\n]"
01:28:05.509 [main] DEBUG org.apache.http.wire --  >> "Authorization: Bearer eyJhbGciOiJIUzI1NiIsInR5cCI6IkpXVCJ9.eyJGdWxsbmFtZSI6Ik5hdXJhIFZpZXRhIEhhZmxhIiwiRW1haWwiOiJuYXVyYWhhZmxhQGdtYWlsLmNvbSJ9.s7o8kacM5c5L7fMRQwNBVTO4m2AeQS4Fu9QSdP9ASbA)[\r][\n]"
01:28:05.509 [main] DEBUG org.apache.http.wire --  >> "Accept: */*[\r][\n]"
01:28:05.509 [main] DEBUG org.apache.http.wire --  >> "Content-Type: application/json[\r][\n]"
01:28:05.509 [main] DEBUG org.apache.http.wire --  >> "Content-Length: 2[\r][\n]"
01:28:05.509 [main] DEBUG org.apache.http.wire --  >> "Host: altashop-api.fly.dev[\r][\n]"
01:28:05.509 [main] DEBUG org.apache.http.wire --  >> "Connection: Keep-Alive[\r][\n]"
01:28:05.509 [main] DEBUG org.apache.http.wire --  >> "User-Agent: Apache-HttpClient/4.5.13 (Java/17.0.8)[\r][\n]"
01:28:05.509 [main] DEBUG org.apache.http.wire --  >> "Accept-Encoding: gzip,deflate[\r][\n]"
01:28:05.509 [main] DEBUG org.apache.http.wire --  >> "[\r][\n]"
01:28:05.509 [main] DEBUG org.apache.http.headers -- >> POST /api/products/2/comments HTTP/1.1
01:28:05.509 [main] DEBUG org.apache.http.headers -- >> Authorization: Bearer eyJhbGciOiJIUzI1NiIsInR5cCI6IkpXVCJ9.eyJGdWxsbmFtZSI6Ik5hdXJhIFZpZXRhIEhhZmxhIiwiRW1haWwiOiJuYXVyYWhhZmxhQGdtYWlsLmNvbSJ9.s7o8kacM5c5L7fMRQwNBVTO4m2AeQS4Fu9QSdP9ASbA)
01:28:05.509 [main] DEBUG org.apache.http.headers -- >> Accept: */*
01:28:05.509 [main] DEBUG org.apache.http.headers -- >> Content-Type: application/json
01:28:05.509 [main] DEBUG org.apache.http.headers -- >> Content-Length: 2
01:28:05.509 [main] DEBUG org.apache.http.headers -- >> Host: altashop-api.fly.dev
01:28:05.509 [main] DEBUG org.apache.http.headers -- >> Connection: Keep-Alive
01:28:05.509 [main] DEBUG org.apache.http.headers -- >> User-Agent: Apache-HttpClient/4.5.13 (Java/17.0.8)
01:28:05.509 [main] DEBUG org.apache.http.headers -- >> Accept-Encoding: gzip,deflate
01:28:05.509 [main] DEBUG org.apache.http.wire --  >> "{}"
01:28:05.534 [main] DEBUG org.apache.http.wire --  << "HTTP/1.1 401 Unauthorized[\r][\n]"
01:28:05.534 [main] DEBUG org.apache.http.wire --  << "content-type: application/json[\r][\n]"
01:28:05.534 [main] DEBUG org.apache.http.wire --  << "date: Thu, 02 Nov 2023 18:28:07 GMT[\r][\n]"
01:28:05.534 [main] DEBUG org.apache.http.wire --  << "content-encoding: gzip[\r][\n]"
01:28:05.534 [main] DEBUG org.apache.http.wire --  << "transfer-encoding: chunked[\r][\n]"
01:28:05.534 [main] DEBUG org.apache.http.wire --  << "server: Fly/7328d5b5 (2023-10-27)[\r][\n]"
01:28:05.534 [main] DEBUG org.apache.http.wire --  << "via: 1.1 fly.io[\r][\n]"
01:28:05.534 [main] DEBUG org.apache.http.wire --  << "fly-request-id: 01HE8MNSSGNXTD5MRBAXHFHP5C-sin[\r][\n]"
01:28:05.534 [main] DEBUG org.apache.http.wire --  << "[\r][\n]"
01:28:05.534 [main] DEBUG org.apache.http.impl.conn.DefaultClientConnection -- Receiving response: HTTP/1.1 401 Unauthorized
01:28:05.534 [main] DEBUG org.apache.http.headers -- << HTTP/1.1 401 Unauthorized
01:28:05.534 [main] DEBUG org.apache.http.headers -- << content-type: application/json
01:28:05.534 [main] DEBUG org.apache.http.headers -- << date: Thu, 02 Nov 2023 18:28:07 GMT
01:28:05.534 [main] DEBUG org.apache.http.headers -- << content-encoding: gzip
01:28:05.534 [main] DEBUG org.apache.http.headers -- << transfer-encoding: chunked
01:28:05.534 [main] DEBUG org.apache.http.headers -- << server: Fly/7328d5b5 (2023-10-27)
01:28:05.534 [main] DEBUG org.apache.http.headers -- << via: 1.1 fly.io
01:28:05.534 [main] DEBUG org.apache.http.headers -- << fly-request-id: 01HE8MNSSGNXTD5MRBAXHFHP5C-sin
01:28:05.534 [main] DEBUG org.apache.http.impl.client.DefaultHttpClient -- Connection can be kept alive indefinitely
01:28:05.534 [main] DEBUG org.apache.http.impl.client.DefaultHttpClient -- Authentication required
01:28:05.534 [main] DEBUG org.apache.http.impl.client.DefaultHttpClient -- altashop-api.fly.dev:443 requested authentication
01:28:05.534 [main] DEBUG org.apache.http.impl.client.DefaultHttpClient -- Response contains no authentication challenges
01:28:05.535 [main] DEBUG io.restassured.internal.RestAssuredHttpBuilder -- Parsing response as: application/json
01:28:05.535 [main] DEBUG org.apache.http.wire --  << "45[\r][\n]"
01:28:05.535 [main] DEBUG org.apache.http.wire --  << "[0x1f][0x8b][0x8][0x0][0x0][0x0][0x0][0x0][0x4][0xff][0xab]VJ-*[0xca]/R[0xb2]R[0xca][0xcc][0xc9]IMO[0xcc]QHJ,N53QHI,ITH,Q[0xc8][0xcc]+(-QH[0xaa],IU01V[0xaa][0xe5][0x2][0x0]W[0xa1][0x99][0xe4]1[0x0][0x0][0x0]"
01:28:05.535 [main] DEBUG org.apache.http.wire --  << "[\r][\n]"
01:28:05.536 [main] DEBUG org.apache.http.wire --  << "0[\r][\n]"
01:28:05.536 [main] DEBUG org.apache.http.wire --  << "[\r][\n]"
01:28:05.536 [main] DEBUG io.restassured.internal.RestAssuredHttpBuilder -- Parsed data to instance of: class org.apache.http.conn.EofSensorInputStream
01:28:05.536 [main] DEBUG org.apache.http.impl.conn.BasicClientConnectionManager -- Releasing connection org.apache.http.impl.conn.ManagedClientConnectionImpl@434a8938
01:28:05.537 [main] DEBUG org.apache.http.impl.conn.BasicClientConnectionManager -- Connection can be kept alive indefinitely
01:28:05.537 [main] DEBUG net.thucydides.core.steps.StepInterceptor -- STEP DONE: I POST HTTP request for comment products with body parameter is empty
  &amp#27;[32mWhen &amp#27;[0m&amp#27;[32mI POST HTTP request for comment products with body parameter is empty&amp#27;[0m               &amp#27;[90m# starter.stepdefinition.CommentSteps.postHTTPRequestForCommentProductsWithBodyParameterIsEmpty()&amp#27;[0m
01:28:05.541 [main] DEBUG net.thucydides.core.steps.StepInterceptor -- STARTING STEP: CommentSteps.receiveResponseCode401ForCommentProductsWithBodyParameterIsEmpty - I receive valid HTTP response 401 for comment products with body parameter is empty
01:28:05.541 [main] DEBUG net.thucydides.core.steps.StepInterceptor -- STEP DONE: I receive valid HTTP response 401 for comment products with body parameter is empty
  &amp#27;[32mThen &amp#27;[0m&amp#27;[32mI receive valid HTTP response 401 for comment products with body parameter is empty&amp#27;[0m &amp#27;[90m# starter.stepdefinition.CommentSteps.receiveResponseCode401ForCommentProductsWithBodyParameterIsEmpty()&amp#27;[0m
01:28:05.543 [main] INFO  -- 
  _____   ___   ___   _____     ___     _     ___   ___   ___   ___  
 |_   _| | __| / __| |_   _|   | _ \   /_\   / __| / __| | __| |   \ 
   | |   | _|  \__ \   | |     |  _/  / _ \  \__ \ \__ \ | _|  | |) |
   |_|   |___| |___/   |_|     |_|   /_/ \_\ |___/ |___/ |___| |___/ 

TC78 - Create a comment for products with body parameter is empty
----------------------------------------------------------------------
]]></system-out>
  </testcase>
  <testcase name="TC13 - Login valid account" classname="[02_Automation] - Login" time="0.282">
    <system-out><![CDATA[01:28:05.547 [main] INFO io.cucumber.core.plugin.SerenityReporter -- Running feature from file:///D:/TaksAlterra/MiniProject/MiniProject_API/src/test/resources/Login.feature
01:28:05.547 [main] WARN io.cucumber.core.plugin.SerenityReporter -- Feature from file:///D:/TaksAlterra/MiniProject/MiniProject_API/src/test/resources/Login.feature is not under the 'features' directory. Requirements report will not be correctly generated!
01:28:05.549 [main] DEBUG net.thucydides.core.steps.StepEventBus -- Test suite started for story net.thucydides.core.model.Story@9ac5c9a9
01:28:05.550 [main] INFO  -- Test Suite Started: [02_Automation] - Login

Scenario: TC13 - Login valid account                  &amp#27;[90m# src/test/resources/Login.feature:3&amp#27;[0m
01:28:05.569 [main] INFO io.cucumber.core.plugin.SerenityReporter -- Running feature from file:///D:/TaksAlterra/MiniProject/MiniProject_API/src/test/resources/Login.feature
[...]
01:28:14.818 [main] DEBUG net.thucydides.core.steps.StepInterceptor -- STARTING STEP: RegisterSteps.receiveResponseCode405ForRegisterWithInvalidHTTPMethod - I receive valid HTTP response 405 for register with invalid HTTP method
01:28:14.818 [main] DEBUG net.thucydides.core.steps.StepInterceptor -- STEP DONE: I receive valid HTTP response 405 for register with invalid HTTP method
  &amp#27;[32mThen &amp#27;[0m&amp#27;[32mI receive valid HTTP response 405 for register with invalid HTTP method&amp#27;[0m &amp#27;[90m# starter.stepdefinition.RegisterSteps.receiveResponseCode405ForRegisterWithInvalidHTTPMethod()&amp#27;[0m
01:28:14.819 [main] INFO  -- 
  _____   ___   ___   _____     ___     _     ___   ___   ___   ___  
 |_   _| | __| / __| |_   _|   | _ \   /_\   / __| / __| | __| |   \ 
   | |   | _|  \__ \   | |     |  _/  / _ \  \__ \ \__ \ | _|  | |) |
   |_|   |___| |___/   |_|     |_|   /_/ \_\ |___/ |___/ |___| |___/ 

TC12 - Register with invalid HTTP method
----------------------------------------------------------------------
]]></system-out>
  </testcase>
  <testcase name="TC22 - Get user information" classname="[03_Automation] - User Information" time="0.108">
    <system-out><![CDATA[01:28:14.820 [main] INFO io.cucumber.core.plugin.SerenityReporter -- Running feature from file:///D:/TaksAlterra/MiniProject/MiniProject_API/src/test/resources/UserInformation.feature
01:28:14.820 [main] WARN io.cucumber.core.plugin.SerenityReporter -- Feature from file:///D:/TaksAlterra/MiniProject/MiniProject_API/src/test/resources/UserInformation.feature is not under the 'features' directory. Requirements report will not be correctly generated!
01:28:14.820 [main] DEBUG net.thucydides.core.steps.StepEventBus -- Test suite started for story net.thucydides.core.model.Story@18f4b3f3
01:28:14.820 [main] INFO  -- Test Suite Started: [03_Automation] - User Information

Scenario: TC22 - Get user information                         &amp#27;[90m# src/test/resources/UserInformation.feature:3&amp#27;[0m
01:28:14.826 [main] INFO io.cucumber.core.plugin.SerenityReporter -- Running feature from file:///D:/TaksAlterra/MiniProject/MiniProject_API/src/test/resources/UserInformation.feature
01:28:14.826 [main] WARN io.cucumber.core.plugin.SerenityReporter -- Feature from file:///D:/TaksAlterra/MiniProject/MiniProject_API/src/test/resources/UserInformation.feature is not under the 'features' directory. Requirements report will not be correctly generated!
01:28:14.828 [main] INFO  -- 
  _____   ___   ___   _____     ___   _____     _     ___   _____   ___   ___  
 |_   _| | __| / __| |_   _|   / __| |_   _|   /_\   | _ \ |_   _| | __| |   \ 
   | |   | _|  \__ \   | |     \__ \   | |    / _ \  |   /   | |   | _|  | |) |
   |_|   |___| |___/   |_|     |___/   |_|   /_/ \_\ |_|_\   |_|   |___| |___/ 

TC22 - Get user information([03-automation]---user-information;tc22---get-user-information)
--------------------------------------------------------------------------------
01:28:14.839 [main] DEBUG net.thucydides.core.steps.StepInterceptor -- STARTING STEP: UserInformationSteps.getUserInformationEndpoints - I GET user information endpoints
01:28:14.839 [main] DEBUG net.thucydides.core.steps.StepInterceptor -- STEP DONE: I GET user information endpoints
  &amp#27;[32mGiven &amp#27;[0m&amp#27;[32mI GET user information endpoints&amp#27;[0m                      &amp#27;[90m# starter.stepdefinition.UserInformationSteps.getUserInformationEndpoints()&amp#27;[0m
01:28:14.841 [main] DEBUG net.thucydides.core.steps.StepInterceptor -- STARTING STEP: UserInformationSteps.getHTTPRequestUserInformation - I GET HTTP request with valid token
01:28:14.842 [main] DEBUG net.thucydides.core.steps.StepInterceptor -- STARTING STEP: UserInformation.getHTTPRequestUserInformation - I GET user information endpoints
01:28:14.842 [main] DEBUG net.thucydides.core.steps.StepInterceptor -- STEP DONE: I GET user information endpoints
01:28:14.845 [main] DEBUG org.apache.http.impl.conn.BasicClientConnectionManager -- Get connection for route {s}->https://altashop-api.fly.dev:443
01:28:14.845 [main] DEBUG org.apache.http.impl.conn.DefaultClientConnectionOperator -- Connecting to altashop-api.fly.dev:443
01:28:14.896 [main] DEBUG org.apache.http.client.protocol.RequestAddCookies -- CookieSpec selected: ignoreCookies
01:28:14.896 [main] DEBUG org.apache.http.client.protocol.RequestAuthCache -- Auth cache not set in the context
01:28:14.896 [main] DEBUG org.apache.http.client.protocol.RequestProxyAuthentication -- Proxy auth state: UNCHALLENGED
01:28:14.896 [main] DEBUG org.apache.http.impl.client.DefaultHttpClient -- Attempt 1 to execute request
01:28:14.896 [main] DEBUG org.apache.http.impl.conn.DefaultClientConnection -- Sending request: GET /api/auth/info HTTP/1.1
01:28:14.896 [main] DEBUG org.apache.http.wire --  >> "GET /api/auth/info HTTP/1.1[\r][\n]"
01:28:14.896 [main] DEBUG org.apache.http.wire --  >> "Authorization: Bearer eyJhbGciOiJIUzI1NiIsInR5cCI6IkpXVCJ9.eyJGdWxsbmFtZSI6IldpeWFuIEhlcnJhIEhlcnZpYW5hIiwiRW1haWwiOiJ3aXlhbjEyM0BnbWFpbC5jb20ifQ.Rsm7iH_obOaXakAORv2RniUWUxeZfBjkK8S8HtuLly8[\r][\n]"
01:28:14.896 [main] DEBUG org.apache.http.wire --  >> "Accept: */*[\r][\n]"
01:28:14.896 [main] DEBUG org.apache.http.wire --  >> "Host: altashop-api.fly.dev[\r][\n]"
01:28:14.896 [main] DEBUG org.apache.http.wire --  >> "Connection: Keep-Alive[\r][\n]"
01:28:14.896 [main] DEBUG org.apache.http.wire --  >> "User-Agent: Apache-HttpClient/4.5.13 (Java/17.0.8)[\r][\n]"
01:28:14.896 [main] DEBUG org.apache.http.wire --  >> "Accept-Encoding: gzip,deflate[\r][\n]"
01:28:14.896 [main] DEBUG org.apache.http.wire --  >> "[\r][\n]"
01:28:14.896 [main] DEBUG org.apache.http.headers -- >> GET /api/auth/info HTTP/1.1
01:28:14.896 [main] DEBUG org.apache.http.headers -- >> Authorization: Bearer eyJhbGciOiJIUzI1NiIsInR5cCI6IkpXVCJ9.eyJGdWxsbmFtZSI6IldpeWFuIEhlcnJhIEhlcnZpYW5hIiwiRW1haWwiOiJ3aXlhbjEyM0BnbWFpbC5jb20ifQ.Rsm7iH_obOaXakAORv2RniUWUxeZfBjkK8S8HtuLly8
01:28:14.896 [main] DEBUG org.apache.http.headers -- >> Accept: */*
01:28:14.896 [main] DEBUG org.apache.http.headers -- >> Host: altashop-api.fly.dev
01:28:14.896 [main] DEBUG org.apache.http.headers -- >> Connection: Keep-Alive
01:28:14.896 [main] DEBUG org.apache.http.headers -- >> User-Agent: Apache-HttpClient/4.5.13 (Java/17.0.8)
01:28:14.896 [main] DEBUG org.apache.http.headers -- >> Accept-Encoding: gzip,deflate
01:28:14.924 [main] DEBUG org.apache.http.wire --  << "HTTP/1.1 200 OK[\r][\n]"
01:28:14.924 [main] DEBUG org.apache.http.wire --  << "content-type: application/json[\r][\n]"
01:28:14.924 [main] DEBUG org.apache.http.wire --  << "date: Thu, 02 Nov 2023 18:28:16 GMT[\r][\n]"
01:28:14.924 [main] DEBUG org.apache.http.wire --  << "content-encoding: gzip[\r][\n]"
01:28:14.924 [main] DEBUG org.apache.http.wire --  << "transfer-encoding: chunked[\r][\n]"
01:28:14.924 [main] DEBUG org.apache.http.wire --  << "server: Fly/7328d5b5 (2023-10-27)[\r][\n]"
01:28:14.924 [main] DEBUG org.apache.http.wire --  << "via: 1.1 fly.io[\r][\n]"
01:28:14.924 [main] DEBUG org.apache.http.wire --  << "fly-request-id: 01HE8MP2YV3C6D0FBEZC2WFZET-sin[\r][\n]"
01:28:14.924 [main] DEBUG org.apache.http.wire --  << "[\r][\n]"
01:28:14.924 [main] DEBUG org.apache.http.impl.conn.DefaultClientConnection -- Receiving response: HTTP/1.1 200 OK
01:28:14.924 [main] DEBUG org.apache.http.headers -- << HTTP/1.1 200 OK
01:28:14.924 [main] DEBUG org.apache.http.headers -- << content-type: application/json
01:28:14.924 [main] DEBUG org.apache.http.headers -- << date: Thu, 02 Nov 2023 18:28:16 GMT
01:28:14.924 [main] DEBUG org.apache.http.headers -- << content-encoding: gzip
01:28:14.924 [main] DEBUG org.apache.http.headers -- << transfer-encoding: chunked
01:28:14.924 [main] DEBUG org.apache.http.headers -- << server: Fly/7328d5b5 (2023-10-27)
01:28:14.924 [main] DEBUG org.apache.http.headers -- << via: 1.1 fly.io
01:28:14.924 [main] DEBUG org.apache.http.headers -- << fly-request-id: 01HE8MP2YV3C6D0FBEZC2WFZET-sin
01:28:14.924 [main] DEBUG org.apache.http.impl.client.DefaultHttpClient -- Connection can be kept alive indefinitely
01:28:14.924 [main] DEBUG io.restassured.internal.RestAssuredHttpBuilder -- Parsing response as: application/json
01:28:14.924 [main] DEBUG org.apache.http.wire --  << "6F[\r][\n]"
01:28:14.924 [main] DEBUG org.apache.http.wire --  << "[0x1f][0x8b][0x8][0x0][0x0][0x0][0x0][0x0][0x4][0xff][0xab]VJI,IT[0xb2][0xaa]V[0xf2]tQ[0xb2]2[0xb2]476[0xd7]Qr+[0xcd][0xc9][0xc9]K[0xcc]MU[0xb2]R[\n]"
01:28:14.924 [main] DEBUG org.apache.http.wire --  << "[0xcf][0xac]L[0xcc]S[0xf0]H-*J[0x4][0x91]e[0x99][0x89]y[0x89]J:J[0xae][0xb9][0x89][0x99]9JVJ[0xe5] iC#c[0x87]t[0x90][0x80]^r~[0xae][0x92][0x8e]R@bqqy~Q[\n]"
01:28:14.924 [main] DEBUG org.apache.http.wire --  << "[0x92][0xbc]Rm-[0x17][0x0][0xaf]ye[0x92]k[0x0][0x0][0x0]"
01:28:14.924 [main] DEBUG org.apache.http.wire --  << "[\r][\n]"
01:28:14.924 [main] DEBUG org.apache.http.wire --  << "0[\r][\n]"
01:28:14.924 [main] DEBUG org.apache.http.wire --  << "[\r][\n]"
01:28:14.924 [main] DEBUG io.restassured.internal.RestAssuredHttpBuilder -- Parsed data to instance of: class org.apache.http.conn.EofSensorInputStream
01:28:14.924 [main] DEBUG org.apache.http.impl.conn.BasicClientConnectionManager -- Releasing connection org.apache.http.impl.conn.ManagedClientConnectionImpl@439b893a
01:28:14.924 [main] DEBUG org.apache.http.impl.conn.BasicClientConnectionManager -- Connection can be kept alive indefinitely
01:28:14.926 [main] DEBUG net.thucydides.core.steps.StepInterceptor -- STEP DONE: I GET HTTP request with valid token
  &amp#27;[32mWhen &amp#27;[0m&amp#27;[32mI GET HTTP request with valid token&amp#27;[0m                    &amp#27;[90m# starter.stepdefinition.UserInformationSteps.getHTTPRequestUserInformation()&amp#27;[0m
01:28:14.927 [main] DEBUG net.thucydides.core.steps.StepInterceptor -- STARTING STEP: UserInformationSteps.receiveResponseCode200UserInformation - I receive valid HTTP response 200 for user information
01:28:14.927 [main] DEBUG net.thucydides.core.steps.StepInterceptor -- STEP DONE: I receive valid HTTP response 200 for user information
  &amp#27;[32mThen &amp#27;[0m&amp#27;[32mI receive valid HTTP response 200 for user information&amp#27;[0m &amp#27;[90m# starter.stepdefinition.UserInformationSteps.receiveResponseCode200UserInformation()&amp#27;[0m
01:28:14.928 [main] INFO  -- 
  _____   ___   ___   _____     ___     _     ___   ___   ___   ___  
 |_   _| | __| / __| |_   _|   | _ \   /_\   / __| / __| | __| |   \ 
   | |   | _|  \__ \   | |     |  _/  / _ \  \__ \ \__ \ | _|  | |) |
   |_|   |___| |___/   |_|     |_|   /_/ \_\ |___/ |___/ |___| |___/ 

TC22 - Get user information
----------------------------------------------------------------------
]]></system-out>
  </testcase>
  <testcase name="TC23 - Get user information without token" classname="[03_Automation] - User Information" time="0.091">
    <system-out><![CDATA[
Scenario: TC23 - Get user information without token                         &amp#27;[90m# src/test/resources/UserInformation.feature:8&amp#27;[0m
01:28:14.932 [main] INFO io.cucumber.core.plugin.SerenityReporter -- Running feature from file:///D:/TaksAlterra/MiniProject/MiniProject_API/src/test/resources/UserInformation.feature
01:28:14.932 [main] WARN io.cucumber.core.plugin.SerenityReporter -- Feature from file:///D:/TaksAlterra/MiniProject/MiniProject_API/src/test/resources/UserInformation.feature is not under the 'features' directory. Requirements report will not be correctly generated!
01:28:14.932 [main] INFO  -- 
  _____   ___   ___   _____     ___   _____     _     ___   _____   ___   ___  
 |_   _| | __| / __| |_   _|   / __| |_   _|   /_\   | _ \ |_   _| | __| |   \ 
   | |   | _|  \__ \   | |     \__ \   | |    / _ \  |   /   | |   | _|  | |) |
   |_|   |___| |___/   |_|     |___/   |_|   /_/ \_\ |_|_\   |_|   |___| |___/ 

TC23 - Get user information without token([03-automation]---user-information;tc23---get-user-information-without-token)
--------------------------------------------------------------------------------
01:28:14.936 [main] DEBUG net.thucydides.core.steps.StepInterceptor -- STARTING STEP: UserInformationSteps.getUserInformationEndpoints2 - I GET user information endpoints 2
01:28:14.936 [main] DEBUG net.thucydides.core.steps.StepInterceptor -- STEP DONE: I GET user information endpoints 2
  &amp#27;[32mGiven &amp#27;[0m&amp#27;[32mI GET user information endpoints 2&amp#27;[0m                                  &amp#27;[90m# starter.stepdefinition.UserInformationSteps.getUserInformationEndpoints2()&amp#27;[0m
01:28:14.937 [main] DEBUG net.thucydides.core.steps.StepInterceptor -- STARTING STEP: UserInformationSteps.getHTTPRequestForUserInformationWithoutToken - I GET HTTP request for user information without token
01:28:14.938 [main] DEBUG net.thucydides.core.steps.StepInterceptor -- STARTING STEP: UserInformation.getHTTPRequestForUserInformationWithoutToken - I GET user information endpoints
01:28:14.938 [main] DEBUG net.thucydides.core.steps.StepInterceptor -- STEP DONE: I GET user information endpoints
01:28:14.941 [main] DEBUG org.apache.http.impl.conn.BasicClientConnectionManager -- Get connection for route {s}->https://altashop-api.fly.dev:443
01:28:14.941 [main] DEBUG org.apache.http.impl.conn.DefaultClientConnectionOperator -- Connecting to altashop-api.fly.dev:443
01:28:14.990 [main] DEBUG org.apache.http.client.protocol.RequestAddCookies -- CookieSpec selected: ignoreCookies
01:28:14.990 [main] DEBUG org.apache.http.client.protocol.RequestAuthCache -- Auth cache not set in the context
01:28:14.990 [main] DEBUG org.apache.http.client.protocol.RequestTargetAuthentication -- Target auth state: UNCHALLENGED
01:28:14.991 [main] DEBUG org.apache.http.client.protocol.RequestProxyAuthentication -- Proxy auth state: UNCHALLENGED
01:28:14.991 [main] DEBUG org.apache.http.impl.client.DefaultHttpClient -- Attempt 1 to execute request
01:28:14.991 [main] DEBUG org.apache.http.impl.conn.DefaultClientConnection -- Sending request: GET /api/auth/info HTTP/1.1
01:28:14.991 [main] DEBUG org.apache.http.wire --  >> "GET /api/auth/info HTTP/1.1[\r][\n]"
01:28:14.991 [main] DEBUG org.apache.http.wire --  >> "Accept: */*[\r][\n]"
01:28:14.991 [main] DEBUG org.apache.http.wire --  >> "Host: altashop-api.fly.dev[\r][\n]"
01:28:14.991 [main] DEBUG org.apache.http.wire --  >> "Connection: Keep-Alive[\r][\n]"
01:28:14.991 [main] DEBUG org.apache.http.wire --  >> "User-Agent: Apache-HttpClient/4.5.13 (Java/17.0.8)[\r][\n]"
01:28:14.991 [main] DEBUG org.apache.http.wire --  >> "Accept-Encoding: gzip,deflate[\r][\n]"
01:28:14.991 [main] DEBUG org.apache.http.wire --  >> "[\r][\n]"
01:28:14.991 [main] DEBUG org.apache.http.headers -- >> GET /api/auth/info HTTP/1.1
01:28:14.991 [main] DEBUG org.apache.http.headers -- >> Accept: */*
01:28:14.991 [main] DEBUG org.apache.http.headers -- >> Host: altashop-api.fly.dev
01:28:14.991 [main] DEBUG org.apache.http.headers -- >> Connection: Keep-Alive
01:28:14.991 [main] DEBUG org.apache.http.headers -- >> User-Agent: Apache-HttpClient/4.5.13 (Java/17.0.8)
01:28:14.991 [main] DEBUG org.apache.http.headers -- >> Accept-Encoding: gzip,deflate
01:28:15.014 [main] DEBUG org.apache.http.wire --  << "HTTP/1.1 401 Unauthorized[\r][\n]"
01:28:15.014 [main] DEBUG org.apache.http.wire --  << "content-type: application/json[\r][\n]"
01:28:15.014 [main] DEBUG org.apache.http.wire --  << "date: Thu, 02 Nov 2023 18:28:16 GMT[\r][\n]"
01:28:15.014 [main] DEBUG org.apache.http.wire --  << "content-encoding: gzip[\r][\n]"
01:28:15.014 [main] DEBUG org.apache.http.wire --  << "transfer-encoding: chunked[\r][\n]"
01:28:15.014 [main] DEBUG org.apache.http.wire --  << "server: Fly/7328d5b5 (2023-10-27)[\r][\n]"
01:28:15.014 [main] DEBUG org.apache.http.wire --  << "via: 1.1 fly.io[\r][\n]"
01:28:15.014 [main] DEBUG org.apache.http.wire --  << "fly-request-id: 01HE8MP31SW66CSNZDY2YTA7W5-sin[\r][\n]"
01:28:15.014 [main] DEBUG org.apache.http.wire --  << "[\r][\n]"
01:28:15.014 [main] DEBUG org.apache.http.impl.conn.DefaultClientConnection -- Receiving response: HTTP/1.1 401 Unauthorized
01:28:15.014 [main] DEBUG org.apache.http.headers -- << HTTP/1.1 401 Unauthorized
01:28:15.014 [main] DEBUG org.apache.http.headers -- << content-type: application/json
01:28:15.014 [main] DEBUG org.apache.http.headers -- << date: Thu, 02 Nov 2023 18:28:16 GMT
01:28:15.014 [main] DEBUG org.apache.http.headers -- << content-encoding: gzip
01:28:15.014 [main] DEBUG org.apache.http.headers -- << transfer-encoding: chunked
01:28:15.014 [main] DEBUG org.apache.http.headers -- << server: Fly/7328d5b5 (2023-10-27)
01:28:15.014 [main] DEBUG org.apache.http.headers -- << via: 1.1 fly.io
01:28:15.014 [main] DEBUG org.apache.http.headers -- << fly-request-id: 01HE8MP31SW66CSNZDY2YTA7W5-sin
01:28:15.014 [main] DEBUG org.apache.http.impl.client.DefaultHttpClient -- Connection can be kept alive indefinitely
01:28:15.014 [main] DEBUG org.apache.http.impl.client.DefaultHttpClient -- Authentication required
01:28:15.014 [main] DEBUG org.apache.http.impl.client.DefaultHttpClient -- altashop-api.fly.dev:443 requested authentication
01:28:15.014 [main] DEBUG org.apache.http.impl.client.DefaultHttpClient -- Response contains no authentication challenges
01:28:15.014 [main] DEBUG io.restassured.internal.RestAssuredHttpBuilder -- Parsing response as: application/json
01:28:15.014 [main] DEBUG org.apache.http.wire --  << "2D[\r][\n]"
01:28:15.014 [main] DEBUG org.apache.http.wire --  << "[0x1f][0x8b][0x8][0x0][0x0][0x0][0x0][0x0][0x4][0xff][0xab]VJ-*[0xca]/R[0xb2]R*[0xcd]K,-[0xc9][0xc8]/[0xca][0xac]JMQ[0xaa][0xe5][0x2][0x0]@[0x17]da[0x19][0x0][0x0][0x0]"
01:28:15.014 [main] DEBUG org.apache.http.wire --  << "[\r][\n]"
01:28:15.014 [main] DEBUG org.apache.http.wire --  << "0[\r][\n]"
01:28:15.014 [main] DEBUG org.apache.http.wire --  << "[\r][\n]"
01:28:15.014 [main] DEBUG io.restassured.internal.RestAssuredHttpBuilder -- Parsed data to instance of: class org.apache.http.conn.EofSensorInputStream
01:28:15.016 [main] DEBUG org.apache.http.impl.conn.BasicClientConnectionManager -- Releasing connection org.apache.http.impl.conn.ManagedClientConnectionImpl@59929512
01:28:15.016 [main] DEBUG org.apache.http.impl.conn.BasicClientConnectionManager -- Connection can be kept alive indefinitely
01:28:15.016 [main] DEBUG net.thucydides.core.steps.StepInterceptor -- STEP DONE: I GET HTTP request for user information without token
  &amp#27;[32mWhen &amp#27;[0m&amp#27;[32mI GET HTTP request for user information without token&amp#27;[0m                &amp#27;[90m# starter.stepdefinition.UserInformationSteps.getHTTPRequestForUserInformationWithoutToken()&amp#27;[0m
01:28:15.017 [main] DEBUG net.thucydides.core.steps.StepInterceptor -- STARTING STEP: UserInformationSteps.receiveResponseCode401ForUserInformationWithoutToken - I receive valid HTTP response 401 for user information without token
01:28:15.018 [main] DEBUG net.thucydides.core.steps.StepInterceptor -- STEP DONE: I receive valid HTTP response 401 for user information without token
  &amp#27;[32mThen &amp#27;[0m&amp#27;[32mI receive valid HTTP response 401 for user information without token&amp#27;[0m &amp#27;[90m# starter.stepdefinition.UserInformationSteps.receiveResponseCode401ForUserInformationWithoutToken()&amp#27;[0m
01:28:15.019 [main] INFO  -- 
  _____   ___   ___   _____     ___     _     ___   ___   ___   ___  
 |_   _| | __| / __| |_   _|   | _ \   /_\   / __| / __| | __| |   \ 
   | |   | _|  \__ \   | |     |  _/  / _ \  \__ \ \__ \ | _|  | |) |
   |_|   |___| |___/   |_|     |_|   /_/ \_\ |___/ |___/ |___| |___/ 

TC23 - Get user information without token
----------------------------------------------------------------------
]]></system-out>
  </testcase>
</testsuite>