<?xml version="1.0" encoding="UTF-8"?>
<testsuite xmlns:xsi="http://www.w3.org/2001/XMLSchema-instance" xsi:noNamespaceSchemaLocation="https://maven.apache.org/surefire/maven-failsafe-plugin/xsd/failsafe-test-report-3.0.xsd" version="3.0" name="starter.CucumberTestSuite" time="15.379" tests="67" errors="0" skipped="0" failures="1">
  <properties>
[...]
</properties>
  <testcase name="TC73 - Get comment products valid endpoints" classname="[08_Automation] - Comment" time="2.804">
    <system-out><![CDATA[04:37:21.438 [main] DEBUG net.thucydides.core.guice.Injectors -- Created injector for module net.thucydides.core.guice.ThucydidesModule
04:37:21.691 [main] INFO io.cucumber.core.plugin.SerenityReporter -- Running feature from file:///D:/TaksAlterra/MiniProject/MiniProject_API/src/test/resources/Comment.feature
04:37:21.691 [main] WARN io.cucumber.core.plugin.SerenityReporter -- Feature from file:///D:/TaksAlterra/MiniProject/MiniProject_API/src/test/resources/Comment.feature is not under the 'features' directory. Requirements report will not be correctly generated!
04:37:21.826 [main] DEBUG net.thucydides.core.guice.Injectors -- Created injector for module net.thucydides.core.guice.webdriver.WebDriverModule
04:37:21.845 [main] INFO  -- 

-------------------------------------------------------------------------------------
     _______. _______ .______       _______ .__   __.  __  .___________.____    ____ 
    /       ||   ____||   _  \     |   ____||  \ |  | |  | |           |\   \  /   / 
   |   (----`|  |__   |  |_)  |    |  |__   |   \|  | |  | `---|  |----` \   \/   /  
    \   \    |   __|  |      /     |   __|  |  . `  | |  |     |  |       \_    _/   
.----)   |   |  |____ |  |\  \----.|  |____ |  |\   | |  |     |  |         |  |     
|_______/    |_______|| _| `._____||_______||__| \__| |__|     |__|         |__|    
                                                                                     
 News and tutorials at http://www.serenity-bdd.info                                  
 Documentation at https://wakaleo.gitbooks.io/the-serenity-book/content/             
 Join the Serenity Community on Gitter: https://gitter.im/serenity-bdd/serenity-core 
 Serenity BDD Support and Training at http://serenity-bdd.info/#/trainingandsupport  
-------------------------------------------------------------------------------------

04:37:21.847 [main] DEBUG net.thucydides.core.steps.StepEventBus -- Test suite started for story net.thucydides.core.model.Story@67ab0f63
04:37:21.849 [main] INFO  -- Test Suite Started: [08_Automation] - Comment
04:37:21.860 [main] INFO io.cucumber.core.plugin.SerenityReporter -- Running feature from file:///D:/TaksAlterra/MiniProject/MiniProject_API/src/test/resources/Login.feature
04:37:21.860 [main] WARN io.cucumber.core.plugin.SerenityReporter -- Feature from file:///D:/TaksAlterra/MiniProject/MiniProject_API/src/test/resources/Login.feature is not under the 'features' directory. Requirements report will not be correctly generated!
04:37:21.865 [main] DEBUG net.thucydides.core.steps.StepEventBus -- Test suite started for story net.thucydides.core.model.Story@9ac5c9a9
04:37:21.865 [main] INFO  -- Test Suite Started: [02_Automation] - Login
04:37:21.865 [main] INFO io.cucumber.core.plugin.SerenityReporter -- Running feature from file:///D:/TaksAlterra/MiniProject/MiniProject_API/src/test/resources/Orders.feature
04:37:21.866 [main] WARN io.cucumber.core.plugin.SerenityReporter -- Feature from file:///D:/TaksAlterra/MiniProject/MiniProject_API/src/test/resources/Orders.feature is not under the 'features' directory. Requirements report will not be correctly generated!
04:37:21.869 [main] DEBUG net.thucydides.core.steps.StepEventBus -- Test suite started for story net.thucydides.core.model.Story@d9dd1d4b
04:37:21.870 [main] INFO  -- Test Suite Started: [06_Automation] - Orders
04:37:21.870 [main] INFO io.cucumber.core.plugin.SerenityReporter -- Running feature from file:///D:/TaksAlterra/MiniProject/MiniProject_API/src/test/resources/ProductCategories.feature
04:37:21.870 [main] WARN io.cucumber.core.plugin.SerenityReporter -- Feature from file:///D:/TaksAlterra/MiniProject/MiniProject_API/src/test/resources/ProductCategories.feature is not under the 'features' directory. Requirements report will not be correctly generated!
04:37:21.874 [main] DEBUG net.thucydides.core.steps.StepEventBus -- Test suite started for story net.thucydides.core.model.Story@97399b2e
04:37:21.874 [main] INFO  -- Test Suite Started: [04_Automation] - Product Categories
04:37:21.874 [main] INFO io.cucumber.core.plugin.SerenityReporter -- Running feature from file:///D:/TaksAlterra/MiniProject/MiniProject_API/src/test/resources/Products.feature
04:37:21.874 [main] WARN io.cucumber.core.plugin.SerenityReporter -- Feature from file:///D:/TaksAlterra/MiniProject/MiniProject_API/src/test/resources/Products.feature is not under the 'features' directory. Requirements report will not be correctly generated!
04:37:21.878 [main] DEBUG net.thucydides.core.steps.StepEventBus -- Test suite started for story net.thucydides.core.model.Story@6d4c1ca7
04:37:21.878 [main] INFO  -- Test Suite Started: [05_Automation] - Product
04:37:21.878 [main] INFO io.cucumber.core.plugin.SerenityReporter -- Running feature from file:///D:/TaksAlterra/MiniProject/MiniProject_API/src/test/resources/Ratings.feature
04:37:21.879 [main] WARN io.cucumber.core.plugin.SerenityReporter -- Feature from file:///D:/TaksAlterra/MiniProject/MiniProject_API/src/test/resources/Ratings.feature is not under the 'features' directory. Requirements report will not be correctly generated!
04:37:21.881 [main] DEBUG net.thucydides.core.steps.StepEventBus -- Test suite started for story net.thucydides.core.model.Story@f34dfc64
04:37:21.882 [main] INFO  -- Test Suite Started: [07_Automation] - Ratings
04:37:21.882 [main] INFO io.cucumber.core.plugin.SerenityReporter -- Running feature from file:///D:/TaksAlterra/MiniProject/MiniProject_API/src/test/resources/Register.feature
04:37:21.882 [main] WARN io.cucumber.core.plugin.SerenityReporter -- Feature from file:///D:/TaksAlterra/MiniProject/MiniProject_API/src/test/resources/Register.feature is not under the 'features' directory. Requirements report will not be correctly generated!
04:37:21.885 [main] DEBUG net.thucydides.core.steps.StepEventBus -- Test suite started for story net.thucydides.core.model.Story@7a445946
04:37:21.885 [main] INFO  -- Test Suite Started: [01_Automation] - Register
04:37:21.885 [main] INFO io.cucumber.core.plugin.SerenityReporter -- Running feature from file:///D:/TaksAlterra/MiniProject/MiniProject_API/src/test/resources/UserInformation.feature
04:37:21.885 [main] WARN io.cucumber.core.plugin.SerenityReporter -- Feature from file:///D:/TaksAlterra/MiniProject/MiniProject_API/src/test/resources/UserInformation.feature is not under the 'features' directory. Requirements report will not be correctly generated!
04:37:21.888 [main] DEBUG net.thucydides.core.steps.StepEventBus -- Test suite started for story net.thucydides.core.model.Story@18f4b3f3
04:37:21.888 [main] INFO  -- Test Suite Started: [03_Automation] - User Information
04:37:21.889 [main] INFO io.cucumber.core.plugin.SerenityReporter -- Running feature from file:///D:/TaksAlterra/MiniProject/MiniProject_API/src/test/resources/Comment.feature
04:37:21.889 [main] WARN io.cucumber.core.plugin.SerenityReporter -- Feature from file:///D:/TaksAlterra/MiniProject/MiniProject_API/src/test/resources/Comment.feature is not under the 'features' directory. Requirements report will not be correctly generated!
04:37:21.890 [main] DEBUG net.thucydides.core.steps.StepEventBus -- Test suite started for story net.thucydides.core.model.Story@67ab0f63
04:37:21.891 [main] INFO  -- Test Suite Started: [08_Automation] - Comment

Scenario: TC73 - Get comment products valid endpoints           &amp#27;[90m# src/test/resources/Comment.feature:3&amp#27;[0m
04:37:21.982 [main] INFO io.cucumber.core.plugin.SerenityReporter -- Running feature from file:///D:/TaksAlterra/MiniProject/MiniProject_API/src/test/resources/Comment.feature
04:37:21.982 [main] WARN io.cucumber.core.plugin.SerenityReporter -- Feature from file:///D:/TaksAlterra/MiniProject/MiniProject_API/src/test/resources/Comment.feature is not under the 'features' directory. Requirements report will not be correctly generated!
04:37:22.068 [main] INFO  -- 
  _____   ___   ___   _____     ___   _____     _     ___   _____   ___   ___  
 |_   _| | __| / __| |_   _|   / __| |_   _|   /_\   | _ \ |_   _| | __| |   \ 
   | |   | _|  \__ \   | |     \__ \   | |    / _ \  |   /   | |   | _|  | |) |
   |_|   |___| |___/   |_|     |___/   |_|   /_/ \_\ |_|_\   |_|   |___| |___/ 

TC73 - Get comment products valid endpoints([08-automation]---comment;tc73---get-comment-products-valid-endpoints)
--------------------------------------------------------------------------------
04:37:22.411 [main] DEBUG net.thucydides.core.steps.StepInterceptor -- STARTING STEP: CommentSteps.getCommentProductsEndpoints - I GET comment products endpoints
04:37:22.413 [main] DEBUG net.thucydides.core.steps.StepInterceptor -- STEP DONE: I GET comment products endpoints
  &amp#27;[32mGiven &amp#27;[0m&amp#27;[32mI GET comment products endpoints&amp#27;[0m                        &amp#27;[90m# starter.stepdefinition.CommentSteps.getCommentProductsEndpoints()&amp#27;[0m
04:37:22.421 [main] DEBUG net.thucydides.core.steps.StepInterceptor -- STARTING STEP: CommentSteps.getHTTPRequestWithValidDataForCommentsProducts - I GET HTTP request with valid data for comments products
04:37:23.776 [main] DEBUG net.thucydides.core.steps.StepInterceptor -- STARTING STEP: Comment.getHTTPRequestWithValidDataForCommentsProducts - I GET comment products endpoints
04:37:23.777 [main] DEBUG net.thucydides.core.steps.StepInterceptor -- STEP DONE: I GET comment products endpoints
04:37:24.292 [main] DEBUG org.apache.http.impl.conn.BasicClientConnectionManager -- Get connection for route {s}->https://altashop-api.fly.dev:443
04:37:24.391 [main] DEBUG org.apache.http.impl.conn.DefaultClientConnectionOperator -- Connecting to altashop-api.fly.dev:443
04:37:24.547 [main] DEBUG org.apache.http.client.protocol.RequestAddCookies -- CookieSpec selected: ignoreCookies
04:37:24.548 [main] DEBUG org.apache.http.client.protocol.RequestAuthCache -- Auth cache not set in the context
04:37:24.548 [main] DEBUG org.apache.http.client.protocol.RequestProxyAuthentication -- Proxy auth state: UNCHALLENGED
04:37:24.548 [main] DEBUG org.apache.http.impl.client.DefaultHttpClient -- Attempt 1 to execute request
04:37:24.549 [main] DEBUG org.apache.http.impl.conn.DefaultClientConnection -- Sending request: GET /api/products/2/comments HTTP/1.1
04:37:24.549 [main] DEBUG org.apache.http.wire --  >> "GET /api/products/2/comments HTTP/1.1[\r][\n]"
04:37:24.549 [main] DEBUG org.apache.http.wire --  >> "Authorization: Bearer eyJhbGciOiJIUzI1NiIsInR5cCI6IkpXVCJ9.eyJGdWxsbmFtZSI6Ik5hdXJhIFZpZXRhIEhhZmxhIiwiRW1haWwiOiJuYXVyYWhhZmxhQGdtYWlsLmNvbSJ9.s7o8kacM5c5L7fMRQwNBVTO4m2AeQS4Fu9QSdP9ASbA[\r][\n]"
04:37:24.549 [main] DEBUG org.apache.http.wire --  >> "Accept: */*[\r][\n]"
04:37:24.549 [main] DEBUG org.apache.http.wire --  >> "Host: altashop-api.fly.dev[\r][\n]"
04:37:24.549 [main] DEBUG org.apache.http.wire --  >> "Connection: Keep-Alive[\r][\n]"
04:37:24.549 [main] DEBUG org.apache.http.wire --  >> "User-Agent: Apache-HttpClient/4.5.13 (Java/17.0.8)[\r][\n]"
04:37:24.549 [main] DEBUG org.apache.http.wire --  >> "Accept-Encoding: gzip,deflate[\r][\n]"
04:37:24.550 [main] DEBUG org.apache.http.wire --  >> "[\r][\n]"
04:37:24.550 [main] DEBUG org.apache.http.headers -- >> GET /api/products/2/comments HTTP/1.1
04:37:24.550 [main] DEBUG org.apache.http.headers -- >> Authorization: Bearer eyJhbGciOiJIUzI1NiIsInR5cCI6IkpXVCJ9.eyJGdWxsbmFtZSI6Ik5hdXJhIFZpZXRhIEhhZmxhIiwiRW1haWwiOiJuYXVyYWhhZmxhQGdtYWlsLmNvbSJ9.s7o8kacM5c5L7fMRQwNBVTO4m2AeQS4Fu9QSdP9ASbA
04:37:24.550 [main] DEBUG org.apache.http.headers -- >> Accept: */*
04:37:24.550 [main] DEBUG org.apache.http.headers -- >> Host: altashop-api.fly.dev
04:37:24.550 [main] DEBUG org.apache.http.headers -- >> Connection: Keep-Alive
04:37:24.550 [main] DEBUG org.apache.http.headers -- >> User-Agent: Apache-HttpClient/4.5.13 (Java/17.0.8)
04:37:24.550 [main] DEBUG org.apache.http.headers -- >> Accept-Encoding: gzip,deflate
04:37:24.582 [main] DEBUG org.apache.http.wire --  << "HTTP/1.1 200 OK[\r][\n]"
04:37:24.583 [main] DEBUG org.apache.http.wire --  << "content-type: application/json[\r][\n]"
04:37:24.583 [main] DEBUG org.apache.http.wire --  << "date: Mon, 30 Oct 2023 21:37:26 GMT[\r][\n]"
04:37:24.583 [main] DEBUG org.apache.http.wire --  << "transfer-encoding: chunked[\r][\n]"
04:37:24.583 [main] DEBUG org.apache.http.wire --  << "content-encoding: gzip[\r][\n]"
04:37:24.583 [main] DEBUG org.apache.http.wire --  << "server: Fly/7328d5b5 (2023-10-27)[\r][\n]"
04:37:24.583 [main] DEBUG org.apache.http.wire --  << "via: 1.1 fly.io[\r][\n]"
04:37:24.583 [main] DEBUG org.apache.http.wire --  << "fly-request-id: 01HE18A9K5TMZK4QRSCAG9A370-sin[\r][\n]"
04:37:24.583 [main] DEBUG org.apache.http.wire --  << "[\r][\n]"
04:37:24.583 [main] DEBUG org.apache.http.impl.conn.DefaultClientConnection -- Receiving response: HTTP/1.1 200 OK
04:37:24.584 [main] DEBUG org.apache.http.headers -- << HTTP/1.1 200 OK
04:37:24.584 [main] DEBUG org.apache.http.headers -- << content-type: application/json
04:37:24.584 [main] DEBUG org.apache.http.headers -- << date: Mon, 30 Oct 2023 21:37:26 GMT
04:37:24.584 [main] DEBUG org.apache.http.headers -- << transfer-encoding: chunked
04:37:24.584 [main] DEBUG org.apache.http.headers -- << content-encoding: gzip
04:37:24.584 [main] DEBUG org.apache.http.headers -- << server: Fly/7328d5b5 (2023-10-27)
04:37:24.584 [main] DEBUG org.apache.http.headers -- << via: 1.1 fly.io
04:37:24.584 [main] DEBUG org.apache.http.headers -- << fly-request-id: 01HE18A9K5TMZK4QRSCAG9A370-sin
04:37:24.587 [main] DEBUG org.apache.http.impl.client.DefaultHttpClient -- Connection can be kept alive indefinitely
04:37:24.589 [main] DEBUG io.restassured.internal.RestAssuredHttpBuilder -- Parsing response as: application/json
04:37:24.589 [main] DEBUG org.apache.http.wire --  << "F3[\r][\n]"
04:37:24.589 [main] DEBUG org.apache.http.wire --  << "[0x1f][0x8b][0x8][0x0][0x0][0x0][0x0][0x0][0x4][0xff][0xaa]VJI,IT[0xb2][0x8a][0xae]V[0xf2]tQ[0xb2]244[0xb3]4[0xd7]Qr[0xce][0xcf]+I[0xcd]+Q[0xb2]R*[0xc9]HUHO[0xcc]M-VH,JUH/JM,Q[0xc8][0xcc]K[0xce])M[0xc9][0xcc]KWp/J[0xcc]S[0x8])-[0xca],[0xce][0xcd]W0WH*-Q(NL[0xc9][0xa9]Tp[0xf]1Q[0xc8],V[0xc8]-M[0xce]PHJ-)I-R[0xd2]Q[\n]"
04:37:24.589 [main] DEBUG org.apache.http.wire --  << "-N-R[0xb2][0xca]+[0xcd][0xc9][0xd1]Q[\n]"
04:37:24.590 [main] DEBUG org.apache.http.wire --  << "([0xca]O)M.[0x81]q[0x9d][0xf3]ss[0xc1][0x16][0x82]dku`[0x8e]174[0x19]D[0x8e]12[0x18]L[0x8e]1[0x1c]L[0x8e]1[0x1a]L[0x8e]1[0x1e]D[0x8e]1[0x1e]L[0x8e]1[0x19]L[0xd1]d2[0x98]B[0xc6]r[0x10][0xe5]&[0xb][0xa3]A[0x14]2[0x16]F[0x83][0xa8][0x4][0xb6]02[0x1d]<Y[0xdb][0xc2][0xc8]l09f[0x10][0xd5][0xda][0x16]F[0x16][0x83](d[0x8c][0x7]Q[0xad]mal9[0x88]B[0xc6][0x84][0xec][0x90][0x1][0x0][0x0][0x0][0xff][0xff]"
04:37:24.590 [main] DEBUG org.apache.http.wire --  << "[\r][\n]"
04:37:24.590 [main] DEBUG org.apache.http.wire --  << "151[\r][\n]"
04:37:24.590 [main] DEBUG org.apache.http.wire --  << "[0xa2]~K[0xcf][0xc2]d0[0x95][0xc0][0x83][0xa9][0xa2][0xb4]0[0x19]L%[0xb0][0xc9]`*[0xf4]L[0x7]SEi:[0x98]B[0xc6][0xc]%k'[0x92][0xd5][0xf9][0xb2]0C[0xc9][0x92][\n]"
04:37:24.590 [main] DEBUG org.apache.http.wire --  << "[0xe4][0x19]b1[0x98][0xea][0x2][0x8b]ATKZ[0x1a][0xa0][0xc4][0x91]_j[0xb9]BQjNjbq[0xaa]B[0x1][0xb4]sLN[0x97][0xd9][0xd2][0x0]%[0xd6][0xc0][0xfd][0xec]l[0x5][0xa7][0xc4][0xa2]R[0xb2][0xe2][0xcf][0xd2]p[0x10]5[0xb9],[\r][0x7]Q[0x1e][0xb3]4[0x1c]L[0x89][0xc9]p[0x10]e3[0xcb][0xc1]4Pbi[0x84][0x92][0x1f][0x6]v<[0xcb][0xd2]h[0x10][0xf5][0xc0]-M[0x6]S[0x2]6[0x19]D-cKS[0x94][0xa2]y[0x80][0xd3][0x8c][0xe9]`*[0x81]M[0x7]S[0x9a]1[0x1d]Li[0xc6]l0em[0xb3]A[0xd4]2[0xb6]4[0x1b]D[0x1d][0x18]K[0xb3][0xc1][0x94][0x9b][0xcc][0x6]S{[0xc6]l05![0xcc][0x6]S[0xd6]6[0x1f]L[0xd5][0x81][0xf9]`j[0xcf][0x98][0xf][0xa6]B[0xcf]|0[0x15]z[0xe6][0x83][0xa9][0xd0]3[0x1f]L[0x85][0x9e][0xf9]`*[0xf4][0xcc][0x7]S{[0xc6]|0[0x15]z[0x16][0x83][0xa9][0xd0][0xb3][0x18]L[0xb9][0xc9]r0[0x95]3[0x96][0x83]*d[0x6]S9c9[0x98][0xca][0x99][0xc1][0xb4][0xaa][0xc6][0xd2]r[0xf0][0xb4][0xf4][0x8c][0xc][0xc][0x6]O[0xa1]gd`8x[0xb2][0xb6][0x91][0xc1] [0x1a]z52[0x18]DC[0xaf]F[0x6][0x83]h[0xe8][0xd5][0xc8]`[0x10][\r][0xbd][0x1a][0x19][0x18][0xe][0xa6][0xdc]4[0x88][0xc6][0x81][0x8d][0xc][0x6][0xd1]8[0xb0][0x91][0xc1] [0x1a][0x7]62 }[0xbd][0x11][0x0][0x0][0x0][0xff][0xff]"
04:37:24.590 [main] DEBUG org.apache.http.wire --  << "[\r][\n]"
04:37:24.590 [main] DEBUG org.apache.http.wire --  << "274[\r][\n]"
04:37:24.590 [main] DEBUG org.apache.http.wire --  << "[0xa2][0xd9][0x8a]O#[0x83]A[0xb4][0xde][0xc8][0xc8]`[0x10][0xad]722[0x18]D[0xeb][0x8d][0x8c][0xc][0x8c][0x6]O[0xbf][0xc9][0xc8]`[0x10][0xad]7220[0x1a]L%[0xb0][0xf1][0xe0]i[0x90][0x1b][0x19][0xc][0xa2][0xc5]OF[0x6][0x83]h[0xf1][0x93][0x91][0xc1] Z[0xfc]dd0[0x88][0x16][0xe6][0x1a][0x19][0xc][0xa2][0xc5]OF[0x6]&[0x83])7[\r][0xa2][0x95]XF[0x6][0x83]h*[0xd9][0xc8][0xc0]d0uo[0x7][0xd1][0xbc][0xb6][0x91][0xc1] [0x9a][0xd7]620[0x1d]<[0x13][0x19]F[0x6][0xa6][0x83]g"[0xc3][0xc8]`[0x10][0xad]k420[0x1d]<[0x3][0x8c]F[0x6][0x83]h-[0x84][0x91][0x1][0xea][0xfa][0xc8][0x1]]%bd0[0x88][0xa6][0x92][0x8d][0xc][0x6][0xd1]T[0xb2][0x91][0xc1] [0x9a]J62[0x18]DS[0xc9]F[0x6][0x83]h*[0xd9][0xc8]`[0x10]M%[0x1b][0x19][0xc][0xa2][0xa9]d#[0x83]A4[0x95]ld0[0x88][0xa6][0x92][0x8d][0xc][0x6][0xd1]T[0xb2][0x91][0xc1] [0x9a]J620[0x1f]Lm[0xe0]A4[0xaf]md0[0x88][0xe6][0xb5][0x8d][0xc],[0x6]S[0x1b][0xd8]b0M~[\r][0xa2][0x19]#[0x3][0x8b]A[0xd4][0xf1]7[0x1c]L#[0xe4][0x86][0x83]i[0x84][0xdc]p0[\r][0xbd][0x1a][0xe][0xa2]}[0xa7]F[0x86][0xc6][0x83][0xa8][0x9c]14[0x1e]D}m[0xc3]At@[0x83][0x91][0xa1][0xf1] [0xea]k[0x1b][0x9a][0xe][0xa2]&[0x84]![0xea][0x86][0xc6][0x81][0xed]k[0x1b][0xe][0xa2][0xd5][0xf5]F[0x86][0x83]hA[0xbb][0x91][0xe1]`j[0xcf][0x18]Z[0xc][0xa6]rfP5!,[0x6][0xcf][0xd2]8##[0x83]AT[0xe8][0x19][0x19][0xc][0xaa][0x90][0x19]D[0x93][0xec]F[0x83]i[0x9d][0x9e][0x91][0xe1][0xe0]Y[0x9c]ldd8[0x88][0xca][0x19][0xa3][0xc1][0xb4][0x82][0xd1]h0[0xad]`4[0x1a]L+[0x18][0x8d][0x6][0xd3][0xa2]A[0xa3][0xc1][0xb4]h[0xd0]h0[0xad][0xd3]3[0x1a]L[0xcb][0x9c][0x8c][0x7]S[0xd6]6[0x1e]L[0xa3][0x10][0xc6][0x83][0xa9][0xe3]o<[0x98][0xfa][0xda][0xc6][0x83]i[0x1][0x98][0xb1][0xf1] j[0xcf][0x18][0x1b][0xf][0xa2][0xee][0xad][0xf1]`Z%b<[0x98][0x16]f[0x18][0xf][0xa2]c[0x95][0x8c][0x8c][0x7][0xd3][0x90][0x88][0xf1] :[0xfd][0xc0][0xc8]x0[0xad][0x85]0[0x1e]DG1[0x18][0x19][0xf][0xa2][0xd3][0xf][0x8c][0x8c][0x7][0xd3][0x1c][0xa5][0xf1]`[0x9a][0x16]4[0x1e]L[0xd3][0x82][0xc6][0x83]i[0xf2][0xcb]x[0x10][0x9d][0xe0]fdl9[0x88]:[0xfe][0xc6][0x83][0xe8][0xd4]`#[0xe3]A[0xb4]+[0xd9][0xc8][0xd8]r[0x10]M[0x98][0x1a][0xf][0xa2][0x8d][0xc0]F[0xc6][0x83]i[0xef][0xad][0x9][0xea][0x11][0x84][0x3];[0xab]b[0x82]zp[0xe1]@;f[0x10][0x8d][0x3][0x9b][0x18][0xc][0xa2][0xae][0x8a][0xc9]`[0x1a][0x7]61[0x1c]D[0xf3][0xda]&[0x83]i[0x1c][0xd8]d0[\r][0x16][0x99][0xc][0xa6]q`[0x93][0xc1]4[0xe]l2[0x98][0xc6][0x81]M[0x6][0xd3][0xd0][0xab][0xc9]`[0xda]"m2[0x98]F;M[0x6][0xd3][0x9a]+[0x93][0xc1]4Bn2[0x98]6[0x2][0x9b][0xc][0xa6][0x5]`&[0x6]T][0xdb][0x9][0x0][0x0][0x0][0xff][0xff]"
04:37:24.590 [main] DEBUG org.apache.http.wire --  << "[\r][\n]"
04:37:24.590 [main] DEBUG org.apache.http.wire --  << "185[\r][\n]"
04:37:24.590 [main] DEBUG org.apache.http.wire --  << "[0xa2][0xe8]V'#[0x13][0x83]A[0xd4];0[0x19]L[0xab][0xd1]L[0x6][0xd3][0x2]0[0x93][0xc1]4w`2[0x98][0xe6][0xe]L[0x6][0xd3][0xdc][0x81][0xc9]`[0xda][0xc9]n2[0x98]v[0xb2][0x9b][0xc][0xa6][0x9d][0xec]&[0x83]i'[0xbb][0xc9]`[0xda]<n2[0x98]6[0x8f][0x9b][0xc][0xa6][0x99]8[0x93][0xc1][0xb4]_[0xdb]d0m[0x91]6[0x19]L[[0xa4]M[0x6][0xd3][0xae]d[0x93][0xc1]4aj2[0x98]&LM[0x6][0xd3][0x84][0xa9][0xc9]`[0x9a]05[0x19]L[0x13][0xa6]&[0x83]i[0xc2][0xd4]d0[0xad][0xae]7A[0xdd]V[0xef][0x99][0x97][0xa9][0x90][0x98][0x92][0x98][0x93][0x98][0xa1][0x90][0xc][0xb9]>W!/?7[0xb5]H[0xc1][0x88][0x9c][0x9b]~[0x8c]LP[0xb7][0xa6]S[0xdd]t[0x94][0x91]Z[0xaa][0x9b][0x8e][0xd2][0xbd][0xa5][0xba][0xe9]([0xfd]U[0xaa][0x9b][0x8e][0xb2]*[0x8a][0xda][0xa6][0xa3]n[0xea][0xa4][0xba][0xe9]([0x87][0x9d]Q[0xdb]t[0xd4][0xf9]U[0xaa][0x9b]N[0xd3]4[0x83]:[0x3]Ju[0xb7][0xd3]4[0xcd]X[0xa2][0xc4][0xea][0xc0][0xce][0xc4][0x99][0xe][0xa6]9J[0xd3][0xc1]4Gij0[0x88][0xf6][0x1d][0x98][0xe][0xa6][0x1]F[0xd3][0xc1][0xb4][0xa5][0xc8]t0[0x8d]v[0x9a][0xe][0xa6])[0x1e][0xd3][0xc1]4[0xc5]c:[0x98]N[0xc1]5[0x1d]Lg[0xbd][0x9a][0xe][0xa6][0xd5][0xf5][0xa6][0x83]i[0xb8][0xde]t0[\r][0xd7][0x9b][0xe][0xa6][0xa1]W[0xd3]At[0x83][0xb2][0x91][0xe9]`[0x1a][0x7]6[0x1d]L[0xe3][0xc0][0xa6][0x83]i[0x1c][0xd8]t0[0x8d][0x3][0x9b][0xe][0xa6][0xa1]W[0xd3][0xc1][0xb4]#[0xc3]t0[0xcd]k[0x9b][0xe][0xa6][0xcd]V[0xa6][0x83][0xe9],[0x11]S[0xe3]A[0xb4][0x82][0xd1]t0[0x9d][0x9c]l:[0x98][0xce][0x7]6[0x1d]L[0xf3]M[0xa6][0x83]i[0x8a][0xc7]t0M[0xf1][0x98][0xe][0xa6]SpM[0x7][0xd3]|[0x93][0xe9]`[0x9a]o2[0x1d]D[0xd7][0x13][0x1b][0x99][0xd2]o[0xf2][0xb][0x0][0x0][0x0][0xff][0xff]"
04:37:24.590 [main] DEBUG org.apache.http.wire --  << "[\r][\n]"
04:37:24.591 [main] DEBUG org.apache.http.wire --  << "9C[\r][\n]"
04:37:24.591 [main] DEBUG org.apache.http.wire --  << "*M.Q[0xb2][0xca]+[0xcd][0xc9][0xd1]Qr[0x86]L[0x5]@[0xb8][0xb5]:[0xd5]J[0x9e].JV[0x86]F[0xa6][0x83]i[0xf2][0xcb]t0M~[0x99][0xe][0xa6][0xc9]/[0xd3][0xc1]t[0xb4][0x94][0xe9]`[0x9a][0x89]3[0x1d]L3q[0xa6][0x83][0xe9][0xb4]mS3[0x94][0xc9][0x80][0x1][0x1e][0xae]G[0x9d][0xa3][0x1c]h[0xc7][0xc][0xa6][0x89][0xc][0xd4][0xf9][0xd5][0x1][0xe][0x99][0xc1]t[0xf4][0xb7][0xe9]`:[0xfa][0xdb]t0[0x1d][0xfd]m:[0x98][0x8e][0xfe]6[0x1d]LG[0x9b][0xe][0xa6][0xa3][0xbf]M[0x7][0xd3][0xb6]zS[0xd4][0xa3][0xbf][0xa9]<[0xf3]l[0x8a][0xba]O[0x9e][0xea][0xa6][0xa3]LiR[0xdd]t[0x94]u[0x1c][0x3]\[0x2][0xf][0x82]3[0x18]ck[0xb9][0x0][0x0][0x0][0x0][0xff][0xff]"
04:37:24.591 [main] DEBUG org.apache.http.wire --  << "[\r][\n]"
04:37:24.591 [main] DEBUG org.apache.http.wire --  << "A[\r][\n]"
04:37:24.591 [main] DEBUG org.apache.http.wire --  << "[0x3][0x0][0xf8][0x14][0x9f][0x12][0x0][0x9c][0x0][0x0]"
04:37:24.591 [main] DEBUG org.apache.http.wire --  << "[\r][\n]"
04:37:24.591 [main] DEBUG org.apache.http.wire --  << "0[\r][\n]"
04:37:24.591 [main] DEBUG org.apache.http.wire --  << "[\r][\n]"
04:37:24.591 [main] DEBUG io.restassured.internal.RestAssuredHttpBuilder -- Parsed data to instance of: class org.apache.http.conn.EofSensorInputStream
04:37:24.617 [main] DEBUG org.apache.http.impl.conn.BasicClientConnectionManager -- Releasing connection org.apache.http.impl.conn.ManagedClientConnectionImpl@731e0bff
04:37:24.617 [main] DEBUG org.apache.http.impl.conn.BasicClientConnectionManager -- Connection can be kept alive indefinitely
04:37:24.665 [main] DEBUG net.thucydides.core.steps.StepInterceptor -- STEP DONE: I GET HTTP request with valid data for comments products
  &amp#27;[32mWhen &amp#27;[0m&amp#27;[32mI GET HTTP request with valid data for comments products&amp#27;[0m &amp#27;[90m# starter.stepdefinition.CommentSteps.getHTTPRequestWithValidDataForCommentsProducts()&amp#27;[0m
04:37:24.669 [main] DEBUG net.thucydides.core.steps.StepInterceptor -- STARTING STEP: CommentSteps.receiveResponseCode200ForCommentsProducts - I receive valid HTTP response 200 for comments products
04:37:24.688 [main] DEBUG net.thucydides.core.steps.StepInterceptor -- STEP DONE: I receive valid HTTP response 200 for comments products
  &amp#27;[32mThen &amp#27;[0m&amp#27;[32mI receive valid HTTP response 200 for comments products&amp#27;[0m  &amp#27;[90m# starter.stepdefinition.CommentSteps.receiveResponseCode200ForCommentsProducts()&amp#27;[0m
04:37:24.693 [main] INFO  -- 
  _____   ___   ___   _____     ___     _     ___   ___   ___   ___  
 |_   _| | __| / __| |_   _|   | _ \   /_\   / __| / __| | __| |   \ 
   | |   | _|  \__ \   | |     |  _/  / _ \  \__ \ \__ \ | _|  | |) |
   |_|   |___| |___/   |_|     |_|   /_/ \_\ |___/ |___/ |___| |___/ 

TC73 - Get comment products valid endpoints
----------------------------------------------------------------------
]]></system-out>
  </testcase>
  <testcase name="TC74 - Get comment for products invalid endpoints" classname="[08_Automation] - Comment" time="0.15">
    <system-out><![CDATA[
Scenario: TC74 - Get comment for products invalid endpoints                            &amp#27;[90m# src/test/resources/Comment.feature:8&amp#27;[0m
04:37:24.713 [main] INFO io.cucumber.core.plugin.SerenityReporter -- Running feature from file:///D:/TaksAlterra/MiniProject/MiniProject_API/src/test/resources/Comment.feature
04:37:24.713 [main] WARN io.cucumber.core.plugin.SerenityReporter -- Feature from file:///D:/TaksAlterra/MiniProject/MiniProject_API/src/test/resources/Comment.feature is not under the 'features' directory. Requirements report will not be correctly generated!
04:37:24.715 [main] INFO  -- 
  _____   ___   ___   _____     ___   _____     _     ___   _____   ___   ___  
 |_   _| | __| / __| |_   _|   / __| |_   _|   /_\   | _ \ |_   _| | __| |   \ 
   | |   | _|  \__ \   | |     \__ \   | |    / _ \  |   /   | |   | _|  | |) |
   |_|   |___| |___/   |_|     |___/   |_|   /_/ \_\ |_|_\   |_|   |___| |___/ 

TC74 - Get comment for products invalid endpoints([08-automation]---comment;tc74---get-comment-for-products-invalid-endpoints)
--------------------------------------------------------------------------------
04:37:24.723 [main] DEBUG net.thucydides.core.steps.StepInterceptor -- STARTING STEP: CommentSteps.getCommentProductsEndpoints2 - I GET comment products endpoints 2
04:37:24.723 [main] DEBUG net.thucydides.core.steps.StepInterceptor -- STEP DONE: I GET comment products endpoints 2
  &amp#27;[32mGiven &amp#27;[0m&amp#27;[32mI GET comment products endpoints 2&amp#27;[0m                                             &amp#27;[90m# starter.stepdefinition.CommentSteps.getCommentProductsEndpoints2()&amp#27;[0m
04:37:24.726 [main] DEBUG net.thucydides.core.steps.StepInterceptor -- STARTING STEP: CommentSteps.getHTTPRequestForCommentProductsUsingInvalidEndpoints - I GET HTTP request for comments products using invalid endpoints
04:37:24.729 [main] DEBUG net.thucydides.core.steps.StepInterceptor -- STARTING STEP: Comment.getHTTPRequestForCommentProductsUsingInvalidEndpoints - I GET comment products endpoints 2
04:37:24.729 [main] DEBUG net.thucydides.core.steps.StepInterceptor -- STEP DONE: I GET comment products endpoints 2
04:37:24.743 [main] DEBUG org.apache.http.impl.conn.BasicClientConnectionManager -- Get connection for route {s}->https://altashop-api.fly.dev:443
04:37:24.743 [main] DEBUG org.apache.http.impl.conn.DefaultClientConnectionOperator -- Connecting to altashop-api.fly.dev:443
04:37:24.807 [main] DEBUG org.apache.http.client.protocol.RequestAddCookies -- CookieSpec selected: ignoreCookies
04:37:24.807 [main] DEBUG org.apache.http.client.protocol.RequestAuthCache -- Auth cache not set in the context
04:37:24.807 [main] DEBUG org.apache.http.client.protocol.RequestProxyAuthentication -- Proxy auth state: UNCHALLENGED
04:37:24.807 [main] DEBUG org.apache.http.impl.client.DefaultHttpClient -- Attempt 1 to execute request
04:37:24.807 [main] DEBUG org.apache.http.impl.conn.DefaultClientConnection -- Sending request: GET /api/products/2/comment HTTP/1.1
04:37:24.807 [main] DEBUG org.apache.http.wire --  >> "GET /api/products/2/comment HTTP/1.1[\r][\n]"
04:37:24.807 [main] DEBUG org.apache.http.wire --  >> "Authorization: Bearer eyJhbGciOiJIUzI1NiIsInR5cCI6IkpXVCJ9.eyJGdWxsbmFtZSI6Ik5hdXJhIFZpZXRhIEhhZmxhIiwiRW1haWwiOiJuYXVyYWhhZmxhQGdtYWlsLmNvbSJ9.s7o8kacM5c5L7fMRQwNBVTO4m2AeQS4Fu9QSdP9ASbA[\r][\n]"
04:37:24.807 [main] DEBUG org.apache.http.wire --  >> "Accept: */*[\r][\n]"
04:37:24.807 [main] DEBUG org.apache.http.wire --  >> "Host: altashop-api.fly.dev[\r][\n]"
04:37:24.807 [main] DEBUG org.apache.http.wire --  >> "Connection: Keep-Alive[\r][\n]"
04:37:24.807 [main] DEBUG org.apache.http.wire --  >> "User-Agent: Apache-HttpClient/4.5.13 (Java/17.0.8)[\r][\n]"
04:37:24.807 [main] DEBUG org.apache.http.wire --  >> "Accept-Encoding: gzip,deflate[\r][\n]"
04:37:24.807 [main] DEBUG org.apache.http.wire --  >> "[\r][\n]"
04:37:24.807 [main] DEBUG org.apache.http.headers -- >> GET /api/products/2/comment HTTP/1.1
04:37:24.807 [main] DEBUG org.apache.http.headers -- >> Authorization: Bearer eyJhbGciOiJIUzI1NiIsInR5cCI6IkpXVCJ9.eyJGdWxsbmFtZSI6Ik5hdXJhIFZpZXRhIEhhZmxhIiwiRW1haWwiOiJuYXVyYWhhZmxhQGdtYWlsLmNvbSJ9.s7o8kacM5c5L7fMRQwNBVTO4m2AeQS4Fu9QSdP9ASbA
04:37:24.808 [main] DEBUG org.apache.http.headers -- >> Accept: */*
04:37:24.808 [main] DEBUG org.apache.http.headers -- >> Host: altashop-api.fly.dev
04:37:24.808 [main] DEBUG org.apache.http.headers -- >> Connection: Keep-Alive
04:37:24.808 [main] DEBUG org.apache.http.headers -- >> User-Agent: Apache-HttpClient/4.5.13 (Java/17.0.8)
04:37:24.808 [main] DEBUG org.apache.http.headers -- >> Accept-Encoding: gzip,deflate
04:37:24.833 [main] DEBUG org.apache.http.wire --  << "HTTP/1.1 404 Not Found[\r][\n]"
04:37:24.833 [main] DEBUG org.apache.http.wire --  << "date: Mon, 30 Oct 2023 21:37:26 GMT[\r][\n]"
04:37:24.833 [main] DEBUG org.apache.http.wire --  << "content-encoding: gzip[\r][\n]"
04:37:24.833 [main] DEBUG org.apache.http.wire --  << "content-type: text/plain; charset=utf-8[\r][\n]"
04:37:24.833 [main] DEBUG org.apache.http.wire --  << "transfer-encoding: chunked[\r][\n]"
04:37:24.833 [main] DEBUG org.apache.http.wire --  << "server: Fly/7328d5b5 (2023-10-27)[\r][\n]"
04:37:24.833 [main] DEBUG org.apache.http.wire --  << "via: 1.1 fly.io[\r][\n]"
04:37:24.833 [main] DEBUG org.apache.http.wire --  << "fly-request-id: 01HE18A9V4ZQHP5D0P3D69T4CY-sin[\r][\n]"
04:37:24.833 [main] DEBUG org.apache.http.wire --  << "[\r][\n]"
04:37:24.833 [main] DEBUG org.apache.http.impl.conn.DefaultClientConnection -- Receiving response: HTTP/1.1 404 Not Found
04:37:24.833 [main] DEBUG org.apache.http.headers -- << HTTP/1.1 404 Not Found
04:37:24.833 [main] DEBUG org.apache.http.headers -- << date: Mon, 30 Oct 2023 21:37:26 GMT
04:37:24.833 [main] DEBUG org.apache.http.headers -- << content-encoding: gzip
04:37:24.833 [main] DEBUG org.apache.http.headers -- << content-type: text/plain; charset=utf-8
04:37:24.833 [main] DEBUG org.apache.http.headers -- << transfer-encoding: chunked
04:37:24.833 [main] DEBUG org.apache.http.headers -- << server: Fly/7328d5b5 (2023-10-27)
04:37:24.833 [main] DEBUG org.apache.http.headers -- << via: 1.1 fly.io
04:37:24.833 [main] DEBUG org.apache.http.headers -- << fly-request-id: 01HE18A9V4ZQHP5D0P3D69T4CY-sin
04:37:24.833 [main] DEBUG org.apache.http.impl.client.DefaultHttpClient -- Connection can be kept alive indefinitely
04:37:24.834 [main] DEBUG io.restassured.internal.RestAssuredHttpBuilder -- Parsing response as: text/plain; charset=utf-8
04:37:24.834 [main] DEBUG org.apache.http.wire --  << "1E[\r][\n]"
04:37:24.834 [main] DEBUG org.apache.http.wire --  << "[0x1f][0x8b][0x8][0x0][0x0][0x0][0x0][0x0][0x4][0xff][0xcb][0xcb]/QH[0xcb]/[0xcd]K[0xe1][0x2][0x0][0xd4]I[0xfa]r[\n]"
04:37:24.834 [main] DEBUG org.apache.http.wire --  << "[0x0][0x0][0x0]"
04:37:24.834 [main] DEBUG org.apache.http.wire --  << "[\r][\n]"
04:37:24.834 [main] DEBUG org.apache.http.wire --  << "0[\r][\n]"
04:37:24.834 [main] DEBUG org.apache.http.wire --  << "[\r][\n]"
04:37:24.834 [main] DEBUG io.restassured.internal.RestAssuredHttpBuilder -- Parsed data to instance of: class org.apache.http.conn.EofSensorInputStream
04:37:24.839 [main] DEBUG org.apache.http.impl.conn.BasicClientConnectionManager -- Releasing connection org.apache.http.impl.conn.ManagedClientConnectionImpl@6a0e97fc
04:37:24.839 [main] DEBUG org.apache.http.impl.conn.BasicClientConnectionManager -- Connection can be kept alive indefinitely
04:37:24.840 [main] DEBUG net.thucydides.core.steps.StepInterceptor -- STEP DONE: I GET HTTP request for comments products using invalid endpoints
  &amp#27;[32mWhen &amp#27;[0m&amp#27;[32mI GET HTTP request for comments products using invalid endpoints&amp#27;[0m                &amp#27;[90m# starter.stepdefinition.CommentSteps.getHTTPRequestForCommentProductsUsingInvalidEndpoints()&amp#27;[0m
04:37:24.843 [main] DEBUG net.thucydides.core.steps.StepInterceptor -- STARTING STEP: CommentSteps.receiveResponseCode404ForCommentProductsUsingInvalidEndpoints - I receive valid HTTP response 404 for comments products using invalid endpoints
04:37:24.844 [main] DEBUG net.thucydides.core.steps.StepInterceptor -- STEP DONE: I receive valid HTTP response 404 for comments products using invalid endpoints
  &amp#27;[32mThen &amp#27;[0m&amp#27;[32mI receive valid HTTP response 404 for comments products using invalid endpoints&amp#27;[0m &amp#27;[90m# starter.stepdefinition.CommentSteps.receiveResponseCode404ForCommentProductsUsingInvalidEndpoints()&amp#27;[0m
04:37:24.846 [main] INFO  -- 
  _____   ___   ___   _____     ___     _     ___   ___   ___   ___  
 |_   _| | __| / __| |_   _|   | _ \   /_\   / __| / __| | __| |   \ 
   | |   | _|  \__ \   | |     |  _/  / _ \  \__ \ \__ \ | _|  | |) |
   |_|   |___| |___/   |_|     |_|   /_/ \_\ |___/ |___/ |___| |___/ 

TC74 - Get comment for products invalid endpoints
----------------------------------------------------------------------
]]></system-out>
  </testcase>
  <testcase name="TC75 - Create a comment for products" classname="[08_Automation] - Comment" time="0.177">
    <system-out><![CDATA[04:37:24.871 [Finalizer] DEBUG org.apache.http.impl.conn.DefaultClientConnection -- Connection 0.0.0.0:54360<->149.248.193.56:443 closed

Scenario: TC75 - Create a comment for products                       &amp#27;[90m# src/test/resources/Comment.feature:13&amp#27;[0m
04:37:24.875 [main] INFO io.cucumber.core.plugin.SerenityReporter -- Running feature from file:///D:/TaksAlterra/MiniProject/MiniProject_API/src/test/resources/Comment.feature
04:37:24.876 [main] WARN io.cucumber.core.plugin.SerenityReporter -- Feature from file:///D:/TaksAlterra/MiniProject/MiniProject_API/src/test/resources/Comment.feature is not under the 'features' directory. Requirements report will not be correctly generated!
04:37:24.878 [main] INFO  -- 
  _____   ___   ___   _____     ___   _____     _     ___   _____   ___   ___  
 |_   _| | __| / __| |_   _|   / __| |_   _|   /_\   | _ \ |_   _| | __| |   \ 
   | |   | _|  \__ \   | |     \__ \   | |    / _ \  |   /   | |   | _|  | |) |
   |_|   |___| |___/   |_|     |___/   |_|   /_/ \_\ |_|_\   |_|   |___| |___/ 

TC75 - Create a comment for products([08-automation]---comment;tc75---create-a-comment-for-products)
--------------------------------------------------------------------------------
04:37:24.886 [main] DEBUG net.thucydides.core.steps.StepInterceptor -- STARTING STEP: CommentSteps.postCreateCommentForProductsEndpoints - I POST create a comment for products endpoints
04:37:24.886 [main] DEBUG net.thucydides.core.steps.StepInterceptor -- STEP DONE: I POST create a comment for products endpoints
  &amp#27;[32mGiven &amp#27;[0m&amp#27;[32mI POST create a comment for products endpoints&amp#27;[0m               &amp#27;[90m# starter.stepdefinition.CommentSteps.postCreateCommentForProductsEndpoints()&amp#27;[0m
04:37:24.888 [main] DEBUG net.thucydides.core.steps.StepInterceptor -- STARTING STEP: CommentSteps.postHTTPRequestCreateCommentForProducts - I POST HTTP request create a comment for products
04:37:24.894 [main] DEBUG net.thucydides.core.steps.StepInterceptor -- STARTING STEP: Comment.postHTTPRequestCreateCommentForProducts - I POST create a comment for products endpoints
04:37:24.894 [main] DEBUG net.thucydides.core.steps.StepInterceptor -- STEP DONE: I POST create a comment for products endpoints
04:37:24.928 [main] DEBUG org.apache.http.impl.conn.BasicClientConnectionManager -- Get connection for route {s}->https://altashop-api.fly.dev:443
04:37:24.928 [main] DEBUG org.apache.http.impl.conn.DefaultClientConnectionOperator -- Connecting to altashop-api.fly.dev:443
04:37:24.984 [main] DEBUG org.apache.http.client.protocol.RequestAddCookies -- CookieSpec selected: ignoreCookies
04:37:24.984 [main] DEBUG org.apache.http.client.protocol.RequestAuthCache -- Auth cache not set in the context
04:37:24.984 [main] DEBUG org.apache.http.client.protocol.RequestProxyAuthentication -- Proxy auth state: UNCHALLENGED
04:37:24.984 [main] DEBUG org.apache.http.impl.client.DefaultHttpClient -- Attempt 1 to execute request
04:37:24.985 [main] DEBUG org.apache.http.impl.conn.DefaultClientConnection -- Sending request: POST /api/products/2/comments HTTP/1.1
04:37:24.985 [main] DEBUG org.apache.http.wire --  >> "POST /api/products/2/comments HTTP/1.1[\r][\n]"
04:37:24.985 [main] DEBUG org.apache.http.wire --  >> "Authorization: Bearer eyJhbGciOiJIUzI1NiIsInR5cCI6IkpXVCJ9.eyJGdWxsbmFtZSI6Ik5hdXJhIFZpZXRhIEhhZmxhIiwiRW1haWwiOiJuYXVyYWhhZmxhQGdtYWlsLmNvbSJ9.s7o8kacM5c5L7fMRQwNBVTO4m2AeQS4Fu9QSdP9ASbA[\r][\n]"
04:37:24.985 [main] DEBUG org.apache.http.wire --  >> "Accept: */*[\r][\n]"
04:37:24.985 [main] DEBUG org.apache.http.wire --  >> "Content-Type: application/json[\r][\n]"
04:37:24.985 [main] DEBUG org.apache.http.wire --  >> "Content-Length: 87[\r][\n]"
04:37:24.985 [main] DEBUG org.apache.http.wire --  >> "Host: altashop-api.fly.dev[\r][\n]"
04:37:24.985 [main] DEBUG org.apache.http.wire --  >> "Connection: Keep-Alive[\r][\n]"
04:37:24.985 [main] DEBUG org.apache.http.wire --  >> "User-Agent: Apache-HttpClient/4.5.13 (Java/17.0.8)[\r][\n]"
04:37:24.985 [main] DEBUG org.apache.http.wire --  >> "Accept-Encoding: gzip,deflate[\r][\n]"
04:37:24.985 [main] DEBUG org.apache.http.wire --  >> "[\r][\n]"
04:37:24.985 [main] DEBUG org.apache.http.headers -- >> POST /api/products/2/comments HTTP/1.1
04:37:24.985 [main] DEBUG org.apache.http.headers -- >> Authorization: Bearer eyJhbGciOiJIUzI1NiIsInR5cCI6IkpXVCJ9.eyJGdWxsbmFtZSI6Ik5hdXJhIFZpZXRhIEhhZmxhIiwiRW1haWwiOiJuYXVyYWhhZmxhQGdtYWlsLmNvbSJ9.s7o8kacM5c5L7fMRQwNBVTO4m2AeQS4Fu9QSdP9ASbA
04:37:24.985 [main] DEBUG org.apache.http.headers -- >> Accept: */*
04:37:24.985 [main] DEBUG org.apache.http.headers -- >> Content-Type: application/json
04:37:24.985 [main] DEBUG org.apache.http.headers -- >> Content-Length: 87
04:37:24.985 [main] DEBUG org.apache.http.headers -- >> Host: altashop-api.fly.dev
04:37:24.985 [main] DEBUG org.apache.http.headers -- >> Connection: Keep-Alive
04:37:24.985 [main] DEBUG org.apache.http.headers -- >> User-Agent: Apache-HttpClient/4.5.13 (Java/17.0.8)
04:37:24.985 [main] DEBUG org.apache.http.headers -- >> Accept-Encoding: gzip,deflate
04:37:24.985 [main] DEBUG org.apache.http.wire --  >> "{"content":"the games are great including Gran Turismo 7 but sadly GT4 is much better"}"
04:37:25.016 [main] DEBUG org.apache.http.wire --  << "HTTP/1.1 200 OK[\r][\n]"
04:37:25.016 [main] DEBUG org.apache.http.wire --  << "content-type: application/json[\r][\n]"
04:37:25.016 [main] DEBUG org.apache.http.wire --  << "date: Mon, 30 Oct 2023 21:37:26 GMT[\r][\n]"
04:37:25.016 [main] DEBUG org.apache.http.wire --  << "content-encoding: gzip[\r][\n]"
04:37:25.016 [main] DEBUG org.apache.http.wire --  << "transfer-encoding: chunked[\r][\n]"
04:37:25.016 [main] DEBUG org.apache.http.wire --  << "server: Fly/7328d5b5 (2023-10-27)[\r][\n]"
04:37:25.016 [main] DEBUG org.apache.http.wire --  << "via: 1.1 fly.io[\r][\n]"
04:37:25.016 [main] DEBUG org.apache.http.wire --  << "fly-request-id: 01HE18AA0QVQFK8MFMJM1KXBZ1-sin[\r][\n]"
04:37:25.016 [main] DEBUG org.apache.http.wire --  << "[\r][\n]"
04:37:25.016 [main] DEBUG org.apache.http.impl.conn.DefaultClientConnection -- Receiving response: HTTP/1.1 200 OK
04:37:25.016 [main] DEBUG org.apache.http.headers -- << HTTP/1.1 200 OK
04:37:25.016 [main] DEBUG org.apache.http.headers -- << content-type: application/json
04:37:25.016 [main] DEBUG org.apache.http.headers -- << date: Mon, 30 Oct 2023 21:37:26 GMT
04:37:25.016 [main] DEBUG org.apache.http.headers -- << content-encoding: gzip
04:37:25.016 [main] DEBUG org.apache.http.headers -- << transfer-encoding: chunked
04:37:25.016 [main] DEBUG org.apache.http.headers -- << server: Fly/7328d5b5 (2023-10-27)
04:37:25.016 [main] DEBUG org.apache.http.headers -- << via: 1.1 fly.io
04:37:25.016 [main] DEBUG org.apache.http.headers -- << fly-request-id: 01HE18AA0QVQFK8MFMJM1KXBZ1-sin
04:37:25.017 [main] DEBUG org.apache.http.impl.client.DefaultHttpClient -- Connection can be kept alive indefinitely
04:37:25.017 [main] DEBUG io.restassured.internal.RestAssuredHttpBuilder -- Parsing response as: application/json
04:37:25.017 [main] DEBUG org.apache.http.wire --  << "9E[\r][\n]"
04:37:25.017 [main] DEBUG org.apache.http.wire --  << "[0x1f][0x8b][0x8][0x0][0x0][0x0][0x0][0x0][0x4][0xff][0xab]VJI,IT[0xb2][0xaa]V[0xf2]tQ[0xb2]242[0xb5]0[0xd7]Qr[0xce][0xcf]+I[0xcd]+Q[0xb2]R*[0xc9]HUHO[0xcc]M-VH,JUH/JM,Q[0xc8][0xcc]K[0xce])M[0xc9][0xcc]KWp/J[0xcc]S[0x8])-[0xca],[0xce][0xcd]W0WH*-Q(NL[0xc9][0xa9]Tp[0xf]1Q[0xc8],V[0xc8]-M[0xce]PHJ-)I-R[0xd2]Q[\n]"
04:37:25.017 [main] DEBUG org.apache.http.wire --  << "-N-R[0xb2][0xca]+[0xcd][0xc9][0xd1]Q[\n]"
04:37:25.017 [main] DEBUG org.apache.http.wire --  << "([0xca]O)M.[0x81]q[0x9d][0xf3]ss[0xc1][0x16][0x82]dkk[0xb9][0x0][0x9a]a`[0xbe][0x96][0x0][0x0][0x0]"
04:37:25.017 [main] DEBUG org.apache.http.wire --  << "[\r][\n]"
04:37:25.017 [main] DEBUG org.apache.http.wire --  << "0[\r][\n]"
04:37:25.017 [main] DEBUG org.apache.http.wire --  << "[\r][\n]"
04:37:25.017 [main] DEBUG io.restassured.internal.RestAssuredHttpBuilder -- Parsed data to instance of: class org.apache.http.conn.EofSensorInputStream
04:37:25.019 [main] DEBUG org.apache.http.impl.conn.BasicClientConnectionManager -- Releasing connection org.apache.http.impl.conn.ManagedClientConnectionImpl@2211e731
04:37:25.019 [main] DEBUG org.apache.http.impl.conn.BasicClientConnectionManager -- Connection can be kept alive indefinitely
04:37:25.019 [main] DEBUG net.thucydides.core.steps.StepInterceptor -- STEP DONE: I POST HTTP request create a comment for products
  &amp#27;[32mWhen &amp#27;[0m&amp#27;[32mI POST HTTP request create a comment for products&amp#27;[0m             &amp#27;[90m# starter.stepdefinition.CommentSteps.postHTTPRequestCreateCommentForProducts()&amp#27;[0m
04:37:25.022 [main] DEBUG net.thucydides.core.steps.StepInterceptor -- STARTING STEP: CommentSteps.receiveResponseCode200ForCreateCommentProducts - I receive valid HTTP response 200 for create comment products
04:37:25.023 [main] DEBUG net.thucydides.core.steps.StepInterceptor -- STEP DONE: I receive valid HTTP response 200 for create comment products
  &amp#27;[32mThen &amp#27;[0m&amp#27;[32mI receive valid HTTP response 200 for create comment products&amp#27;[0m &amp#27;[90m# starter.stepdefinition.CommentSteps.receiveResponseCode200ForCreateCommentProducts()&amp#27;[0m
04:37:25.024 [main] INFO  -- 
  _____   ___   ___   _____     ___     _     ___   ___   ___   ___  
 |_   _| | __| / __| |_   _|   | _ \   /_\   / __| / __| | __| |   \ 
   | |   | _|  \__ \   | |     |  _/  / _ \  \__ \ \__ \ | _|  | |) |
   |_|   |___| |___/   |_|     |_|   /_/ \_\ |___/ |___/ |___| |___/ 

TC75 - Create a comment for products
----------------------------------------------------------------------
]]></system-out>
  </testcase>
  <testcase name="TC76 - Create a comment product invalid by ID with character symbols" classname="[08_Automation] - Comment" time="0.125">
    <system-out><![CDATA[
Scenario: TC76 - Create a comment product invalid by ID with character symbols                     &amp#27;[90m# src/test/resources/Comment.feature:18&amp#27;[0m
04:37:25.036 [main] INFO io.cucumber.core.plugin.SerenityReporter -- Running feature from file:///D:/TaksAlterra/MiniProject/MiniProject_API/src/test/resources/Comment.feature
04:37:25.036 [main] WARN io.cucumber.core.plugin.SerenityReporter -- Feature from file:///D:/TaksAlterra/MiniProject/MiniProject_API/src/test/resources/Comment.feature is not under the 'features' directory. Requirements report will not be correctly generated!
04:37:25.038 [main] INFO  -- 
  _____   ___   ___   _____     ___   _____     _     ___   _____   ___   ___  
 |_   _| | __| / __| |_   _|   / __| |_   _|   /_\   | _ \ |_   _| | __| |   \ 
   | |   | _|  \__ \   | |     \__ \   | |    / _ \  |   /   | |   | _|  | |) |
   |_|   |___| |___/   |_|     |___/   |_|   /_/ \_\ |_|_\   |_|   |___| |___/ 

TC76 - Create a comment product invalid by ID with character symbols([08-automation]---comment;tc76---create-a-comment-product-invalid-by-id-with-character-symbols)
--------------------------------------------------------------------------------
04:37:25.044 [main] DEBUG net.thucydides.core.steps.StepInterceptor -- STARTING STEP: CommentSteps.postCreateCommentForProductsEndpointsByID - I POST create a comment for products endpoints by ID
04:37:25.044 [main] DEBUG net.thucydides.core.steps.StepInterceptor -- STEP DONE: I POST create a comment for products endpoints by ID
  &amp#27;[32mGiven &amp#27;[0m&amp#27;[32mI POST create a comment for products endpoints by ID&amp#27;[0m                                       &amp#27;[90m# starter.stepdefinition.CommentSteps.postCreateCommentForProductsEndpointsByID()&amp#27;[0m
04:37:25.046 [main] DEBUG net.thucydides.core.steps.StepInterceptor -- STARTING STEP: CommentSteps.postHTTPRequestForCommentProductsInvalidByIDWithCharacterSymbols - I POST HTTP request for comment products invalid by ID with character symbols
04:37:25.048 [main] DEBUG net.thucydides.core.steps.StepInterceptor -- STARTING STEP: Comment.postHTTPRequestForCommentProductsInvalidByIDWithCharacterSymbols - I POST create a comment for products endpoints by ID
04:37:25.049 [main] DEBUG net.thucydides.core.steps.StepInterceptor -- STEP DONE: I POST create a comment for products endpoints by ID
04:37:25.063 [main] DEBUG org.apache.http.impl.conn.BasicClientConnectionManager -- Get connection for route {s}->https://altashop-api.fly.dev:443
04:37:25.063 [main] DEBUG org.apache.http.impl.conn.DefaultClientConnectionOperator -- Connecting to altashop-api.fly.dev:443
04:37:25.116 [main] DEBUG org.apache.http.client.protocol.RequestAddCookies -- CookieSpec selected: ignoreCookies
04:37:25.116 [main] DEBUG org.apache.http.client.protocol.RequestAuthCache -- Auth cache not set in the context
04:37:25.116 [main] DEBUG org.apache.http.client.protocol.RequestProxyAuthentication -- Proxy auth state: UNCHALLENGED
04:37:25.116 [main] DEBUG org.apache.http.impl.client.DefaultHttpClient -- Attempt 1 to execute request
04:37:25.116 [main] DEBUG org.apache.http.impl.conn.DefaultClientConnection -- Sending request: POST /api/products/-2/comments HTTP/1.1
04:37:25.116 [main] DEBUG org.apache.http.wire --  >> "POST /api/products/-2/comments HTTP/1.1[\r][\n]"
04:37:25.116 [main] DEBUG org.apache.http.wire --  >> "Authorization: Bearer eyJhbGciOiJIUzI1NiIsInR5cCI6IkpXVCJ9.eyJGdWxsbmFtZSI6Ik5hdXJhIFZpZXRhIEhhZmxhIiwiRW1haWwiOiJuYXVyYWhhZmxhQGdtYWlsLmNvbSJ9.s7o8kacM5c5L7fMRQwNBVTO4m2AeQS4Fu9QSdP9ASbA[\r][\n]"
04:37:25.116 [main] DEBUG org.apache.http.wire --  >> "Accept: */*[\r][\n]"
04:37:25.116 [main] DEBUG org.apache.http.wire --  >> "Content-Type: application/json[\r][\n]"
04:37:25.116 [main] DEBUG org.apache.http.wire --  >> "Content-Length: 87[\r][\n]"
04:37:25.116 [main] DEBUG org.apache.http.wire --  >> "Host: altashop-api.fly.dev[\r][\n]"
04:37:25.116 [main] DEBUG org.apache.http.wire --  >> "Connection: Keep-Alive[\r][\n]"
04:37:25.116 [main] DEBUG org.apache.http.wire --  >> "User-Agent: Apache-HttpClient/4.5.13 (Java/17.0.8)[\r][\n]"
04:37:25.116 [main] DEBUG org.apache.http.wire --  >> "Accept-Encoding: gzip,deflate[\r][\n]"
04:37:25.116 [main] DEBUG org.apache.http.wire --  >> "[\r][\n]"
04:37:25.116 [main] DEBUG org.apache.http.headers -- >> POST /api/products/-2/comments HTTP/1.1
04:37:25.117 [main] DEBUG org.apache.http.headers -- >> Authorization: Bearer eyJhbGciOiJIUzI1NiIsInR5cCI6IkpXVCJ9.eyJGdWxsbmFtZSI6Ik5hdXJhIFZpZXRhIEhhZmxhIiwiRW1haWwiOiJuYXVyYWhhZmxhQGdtYWlsLmNvbSJ9.s7o8kacM5c5L7fMRQwNBVTO4m2AeQS4Fu9QSdP9ASbA
04:37:25.117 [main] DEBUG org.apache.http.headers -- >> Accept: */*
04:37:25.117 [main] DEBUG org.apache.http.headers -- >> Content-Type: application/json
04:37:25.117 [main] DEBUG org.apache.http.headers -- >> Content-Length: 87
04:37:25.117 [main] DEBUG org.apache.http.headers -- >> Host: altashop-api.fly.dev
04:37:25.117 [main] DEBUG org.apache.http.headers -- >> Connection: Keep-Alive
04:37:25.117 [main] DEBUG org.apache.http.headers -- >> User-Agent: Apache-HttpClient/4.5.13 (Java/17.0.8)
04:37:25.117 [main] DEBUG org.apache.http.headers -- >> Accept-Encoding: gzip,deflate
04:37:25.117 [main] DEBUG org.apache.http.wire --  >> "{"content":"the games are great including Gran Turismo 7 but sadly GT4 is much better"}"
04:37:25.143 [main] DEBUG org.apache.http.wire --  << "HTTP/1.1 500 Internal Server Error[\r][\n]"
04:37:25.143 [main] DEBUG org.apache.http.wire --  << "content-type: application/json[\r][\n]"
04:37:25.143 [main] DEBUG org.apache.http.wire --  << "date: Mon, 30 Oct 2023 21:37:26 GMT[\r][\n]"
04:37:25.143 [main] DEBUG org.apache.http.wire --  << "content-encoding: gzip[\r][\n]"
04:37:25.143 [main] DEBUG org.apache.http.wire --  << "transfer-encoding: chunked[\r][\n]"
04:37:25.143 [main] DEBUG org.apache.http.wire --  << "server: Fly/7328d5b5 (2023-10-27)[\r][\n]"
04:37:25.143 [main] DEBUG org.apache.http.wire --  << "via: 1.1 fly.io[\r][\n]"
04:37:25.143 [main] DEBUG org.apache.http.wire --  << "fly-request-id: 01HE18AA4RZ1JV8X1VZ9NADCH2-sin[\r][\n]"
04:37:25.143 [main] DEBUG org.apache.http.wire --  << "[\r][\n]"
04:37:25.143 [main] DEBUG org.apache.http.impl.conn.DefaultClientConnection -- Receiving response: HTTP/1.1 500 Internal Server Error
04:37:25.143 [main] DEBUG org.apache.http.headers -- << HTTP/1.1 500 Internal Server Error
04:37:25.143 [main] DEBUG org.apache.http.headers -- << content-type: application/json
04:37:25.143 [main] DEBUG org.apache.http.headers -- << date: Mon, 30 Oct 2023 21:37:26 GMT
04:37:25.143 [main] DEBUG org.apache.http.headers -- << content-encoding: gzip
04:37:25.143 [main] DEBUG org.apache.http.headers -- << transfer-encoding: chunked
04:37:25.143 [main] DEBUG org.apache.http.headers -- << server: Fly/7328d5b5 (2023-10-27)
04:37:25.143 [main] DEBUG org.apache.http.headers -- << via: 1.1 fly.io
04:37:25.143 [main] DEBUG org.apache.http.headers -- << fly-request-id: 01HE18AA4RZ1JV8X1VZ9NADCH2-sin
04:37:25.144 [main] DEBUG org.apache.http.impl.client.DefaultHttpClient -- Connection can be kept alive indefinitely
04:37:25.144 [main] DEBUG io.restassured.internal.RestAssuredHttpBuilder -- Parsing response as: application/json
04:37:25.144 [main] DEBUG org.apache.http.wire --  << "5C[\r][\n]"
04:37:25.144 [main] DEBUG org.apache.http.wire --  << "[0x1f][0x8b][0x8][0x0][0x0][0x0][0x0][0x0][0x4][0xff][0xab]VJ-*[0xca]/R[0xb2]R2[0xb4]01137110767[0xb0]455434Q[0xc8],VH/JM,I-R([0xc9]H[0xcc]S[0xc8]M[0xac][0xc8][0xcc]-[0xcd]U(K[0xcc])MUH[0xcb]/R[0xf0][0xcc]+1Q[0xaa][0xe5][0x2][0x0][0x90]^[0xcd][0x8c]H[0x0][0x0][0x0]"
04:37:25.144 [main] DEBUG org.apache.http.wire --  << "[\r][\n]"
04:37:25.144 [main] DEBUG org.apache.http.wire --  << "0[\r][\n]"
04:37:25.144 [main] DEBUG org.apache.http.wire --  << "[\r][\n]"
04:37:25.144 [main] DEBUG io.restassured.internal.RestAssuredHttpBuilder -- Parsed data to instance of: class org.apache.http.conn.EofSensorInputStream
04:37:25.145 [main] DEBUG org.apache.http.impl.conn.BasicClientConnectionManager -- Releasing connection org.apache.http.impl.conn.ManagedClientConnectionImpl@29ccab93
04:37:25.145 [main] DEBUG org.apache.http.impl.conn.BasicClientConnectionManager -- Connection can be kept alive indefinitely
04:37:25.145 [main] DEBUG net.thucydides.core.steps.StepInterceptor -- STEP DONE: I POST HTTP request for comment products invalid by ID with character symbols
  &amp#27;[32mWhen &amp#27;[0m&amp#27;[32mI POST HTTP request for comment products invalid by ID with character symbols&amp#27;[0m               &amp#27;[90m# starter.stepdefinition.CommentSteps.postHTTPRequestForCommentProductsInvalidByIDWithCharacterSymbols()&amp#27;[0m
04:37:25.147 [main] DEBUG net.thucydides.core.steps.StepInterceptor -- STARTING STEP: CommentSteps.receiveResponseCode401ForCommentProductsInvalidByIDWithCharacterSymbols - I receive valid HTTP response 500 for comment products invalid by ID with character symbols
04:37:25.149 [main] DEBUG net.thucydides.core.steps.StepInterceptor -- STEP DONE: I receive valid HTTP response 500 for comment products invalid by ID with character symbols
  &amp#27;[32mThen &amp#27;[0m&amp#27;[32mI receive valid HTTP response 500 for comment products invalid by ID with character symbols&amp#27;[0m &amp#27;[90m# starter.stepdefinition.CommentSteps.receiveResponseCode401ForCommentProductsInvalidByIDWithCharacterSymbols()&amp#27;[0m
04:37:25.150 [main] INFO  -- 
  _____   ___   ___   _____     ___     _     ___   ___   ___   ___  
 |_   _| | __| / __| |_   _|   | _ \   /_\   / __| / __| | __| |   \ 
   | |   | _|  \__ \   | |     |  _/  / _ \  \__ \ \__ \ | _|  | |) |
   |_|   |___| |___/   |_|     |_|   /_/ \_\ |___/ |___/ |___| |___/ 

TC76 - Create a comment product invalid by ID with character symbols
----------------------------------------------------------------------
]]></system-out>
  </testcase>
  <testcase name="TC77 - Create a comment product invalid by ID with character alphabet" classname="[08_Automation] - Comment" time="0.118">
    <system-out><![CDATA[
Scenario: TC77 - Create a comment product invalid by ID with character alphabet                     &amp#27;[90m# src/test/resources/Comment.feature:23&amp#27;[0m
04:37:25.160 [main] INFO io.cucumber.core.plugin.SerenityReporter -- Running feature from file:///D:/TaksAlterra/MiniProject/MiniProject_API/src/test/resources/Comment.feature
04:37:25.160 [main] WARN io.cucumber.core.plugin.SerenityReporter -- Feature from file:///D:/TaksAlterra/MiniProject/MiniProject_API/src/test/resources/Comment.feature is not under the 'features' directory. Requirements report will not be correctly generated!
04:37:25.161 [main] INFO  -- 
  _____   ___   ___   _____     ___   _____     _     ___   _____   ___   ___  
 |_   _| | __| / __| |_   _|   / __| |_   _|   /_\   | _ \ |_   _| | __| |   \ 
   | |   | _|  \__ \   | |     \__ \   | |    / _ \  |   /   | |   | _|  | |) |
   |_|   |___| |___/   |_|     |___/   |_|   /_/ \_\ |_|_\   |_|   |___| |___/ 

TC77 - Create a comment product invalid by ID with character alphabet([08-automation]---comment;tc77---create-a-comment-product-invalid-by-id-with-character-alphabet)
--------------------------------------------------------------------------------
04:37:25.166 [main] DEBUG net.thucydides.core.steps.StepInterceptor -- STARTING STEP: CommentSteps.postCreateCommentForProductsEndpointsByID2 - I POST create a comment for products endpoints by ID 2
04:37:25.166 [main] DEBUG net.thucydides.core.steps.StepInterceptor -- STEP DONE: I POST create a comment for products endpoints by ID 2
  &amp#27;[32mGiven &amp#27;[0m&amp#27;[32mI POST create a comment for products endpoints by ID 2&amp#27;[0m                                      &amp#27;[90m# starter.stepdefinition.CommentSteps.postCreateCommentForProductsEndpointsByID2()&amp#27;[0m
04:37:25.169 [main] DEBUG net.thucydides.core.steps.StepInterceptor -- STARTING STEP: CommentSteps.postHTTPRequestForCommentProductsInvalidByIDWithCharacterAlphabet - I POST HTTP request for comment products invalid by ID with character alphabet
04:37:25.171 [main] DEBUG net.thucydides.core.steps.StepInterceptor -- STARTING STEP: Comment.postHTTPRequestForCommentProductsInvalidByIDWithCharacterAlphabet - I POST create a comment for products endpoints by ID 2
04:37:25.171 [main] DEBUG net.thucydides.core.steps.StepInterceptor -- STEP DONE: I POST create a comment for products endpoints by ID 2
04:37:25.183 [main] DEBUG org.apache.http.impl.conn.BasicClientConnectionManager -- Get connection for route {s}->https://altashop-api.fly.dev:443
04:37:25.183 [main] DEBUG org.apache.http.impl.conn.DefaultClientConnectionOperator -- Connecting to altashop-api.fly.dev:443
04:37:25.237 [main] DEBUG org.apache.http.client.protocol.RequestAddCookies -- CookieSpec selected: ignoreCookies
04:37:25.237 [main] DEBUG org.apache.http.client.protocol.RequestAuthCache -- Auth cache not set in the context
04:37:25.237 [main] DEBUG org.apache.http.client.protocol.RequestProxyAuthentication -- Proxy auth state: UNCHALLENGED
04:37:25.237 [main] DEBUG org.apache.http.impl.client.DefaultHttpClient -- Attempt 1 to execute request
04:37:25.237 [main] DEBUG org.apache.http.impl.conn.DefaultClientConnection -- Sending request: POST /api/products/dua/comments HTTP/1.1
04:37:25.237 [main] DEBUG org.apache.http.wire --  >> "POST /api/products/dua/comments HTTP/1.1[\r][\n]"
04:37:25.237 [main] DEBUG org.apache.http.wire --  >> "Authorization: Bearer eyJhbGciOiJIUzI1NiIsInR5cCI6IkpXVCJ9.eyJGdWxsbmFtZSI6Ik5hdXJhIFZpZXRhIEhhZmxhIiwiRW1haWwiOiJuYXVyYWhhZmxhQGdtYWlsLmNvbSJ9.s7o8kacM5c5L7fMRQwNBVTO4m2AeQS4Fu9QSdP9ASbA[\r][\n]"
04:37:25.237 [main] DEBUG org.apache.http.wire --  >> "Accept: */*[\r][\n]"
04:37:25.237 [main] DEBUG org.apache.http.wire --  >> "Content-Type: application/json[\r][\n]"
04:37:25.237 [main] DEBUG org.apache.http.wire --  >> "Content-Length: 87[\r][\n]"
04:37:25.237 [main] DEBUG org.apache.http.wire --  >> "Host: altashop-api.fly.dev[\r][\n]"
04:37:25.237 [main] DEBUG org.apache.http.wire --  >> "Connection: Keep-Alive[\r][\n]"
04:37:25.237 [main] DEBUG org.apache.http.wire --  >> "User-Agent: Apache-HttpClient/4.5.13 (Java/17.0.8)[\r][\n]"
04:37:25.237 [main] DEBUG org.apache.http.wire --  >> "Accept-Encoding: gzip,deflate[\r][\n]"
04:37:25.237 [main] DEBUG org.apache.http.wire --  >> "[\r][\n]"
04:37:25.237 [main] DEBUG org.apache.http.headers -- >> POST /api/products/dua/comments HTTP/1.1
04:37:25.237 [main] DEBUG org.apache.http.headers -- >> Authorization: Bearer eyJhbGciOiJIUzI1NiIsInR5cCI6IkpXVCJ9.eyJGdWxsbmFtZSI6Ik5hdXJhIFZpZXRhIEhhZmxhIiwiRW1haWwiOiJuYXVyYWhhZmxhQGdtYWlsLmNvbSJ9.s7o8kacM5c5L7fMRQwNBVTO4m2AeQS4Fu9QSdP9ASbA
04:37:25.237 [main] DEBUG org.apache.http.headers -- >> Accept: */*
04:37:25.237 [main] DEBUG org.apache.http.headers -- >> Content-Type: application/json
04:37:25.238 [main] DEBUG org.apache.http.headers -- >> Content-Length: 87
04:37:25.238 [main] DEBUG org.apache.http.headers -- >> Host: altashop-api.fly.dev
04:37:25.238 [main] DEBUG org.apache.http.headers -- >> Connection: Keep-Alive
04:37:25.238 [main] DEBUG org.apache.http.headers -- >> User-Agent: Apache-HttpClient/4.5.13 (Java/17.0.8)
04:37:25.238 [main] DEBUG org.apache.http.headers -- >> Accept-Encoding: gzip,deflate
04:37:25.238 [main] DEBUG org.apache.http.wire --  >> "{"content":"the games are great including Gran Turismo 7 but sadly GT4 is much better"}"
04:37:25.261 [main] DEBUG org.apache.http.wire --  << "HTTP/1.1 400 Bad Request[\r][\n]"
04:37:25.261 [main] DEBUG org.apache.http.wire --  << "content-type: application/json[\r][\n]"
04:37:25.261 [main] DEBUG org.apache.http.wire --  << "date: Mon, 30 Oct 2023 21:37:26 GMT[\r][\n]"
04:37:25.261 [main] DEBUG org.apache.http.wire --  << "content-encoding: gzip[\r][\n]"
04:37:25.261 [main] DEBUG org.apache.http.wire --  << "transfer-encoding: chunked[\r][\n]"
04:37:25.261 [main] DEBUG org.apache.http.wire --  << "server: Fly/7328d5b5 (2023-10-27)[\r][\n]"
04:37:25.261 [main] DEBUG org.apache.http.wire --  << "via: 1.1 fly.io[\r][\n]"
04:37:25.261 [main] DEBUG org.apache.http.wire --  << "fly-request-id: 01HE18AA8J6E150K56WD4TB56V-sin[\r][\n]"
04:37:25.261 [main] DEBUG org.apache.http.wire --  << "[\r][\n]"
04:37:25.261 [main] DEBUG org.apache.http.impl.conn.DefaultClientConnection -- Receiving response: HTTP/1.1 400 Bad Request
04:37:25.262 [main] DEBUG org.apache.http.headers -- << HTTP/1.1 400 Bad Request
04:37:25.262 [main] DEBUG org.apache.http.headers -- << content-type: application/json
04:37:25.262 [main] DEBUG org.apache.http.headers -- << date: Mon, 30 Oct 2023 21:37:26 GMT
04:37:25.262 [main] DEBUG org.apache.http.headers -- << content-encoding: gzip
04:37:25.262 [main] DEBUG org.apache.http.headers -- << transfer-encoding: chunked
04:37:25.262 [main] DEBUG org.apache.http.headers -- << server: Fly/7328d5b5 (2023-10-27)
04:37:25.262 [main] DEBUG org.apache.http.headers -- << via: 1.1 fly.io
04:37:25.262 [main] DEBUG org.apache.http.headers -- << fly-request-id: 01HE18AA8J6E150K56WD4TB56V-sin
04:37:25.262 [main] DEBUG org.apache.http.impl.client.DefaultHttpClient -- Connection can be kept alive indefinitely
04:37:25.262 [main] DEBUG io.restassured.internal.RestAssuredHttpBuilder -- Parsing response as: application/json
04:37:25.262 [main] DEBUG org.apache.http.wire --  << "4E[\r][\n]"
04:37:25.262 [main] DEBUG org.apache.http.wire --  << "[0x1f][0x8b][0x8][0x0][0x0][0x0][0x0][0x0][0x4][0xff][0xab]VJ-*[0xca]/R[0xb2]R*.)J[0xce][0xcf]+[0xd3]s,[0xc9][0xcf][0xb4]R(H,*[0xce][0xcc]KW[0x88]QJ)M[0x8c]Q[0xb2]R[0xc8][0xcc]+K[0xcc][0xc9]LQ([0xae][0xcc]+I[0xac]P[0xaa][0xe5][0x2][0x0][0xd1][0xc0]5[0xfb]:[0x0][0x0][0x0]"
04:37:25.262 [main] DEBUG org.apache.http.wire --  << "[\r][\n]"
04:37:25.262 [main] DEBUG org.apache.http.wire --  << "0[\r][\n]"
04:37:25.262 [main] DEBUG org.apache.http.wire --  << "[\r][\n]"
04:37:25.262 [main] DEBUG io.restassured.internal.RestAssuredHttpBuilder -- Parsed data to instance of: class org.apache.http.conn.EofSensorInputStream
04:37:25.263 [main] DEBUG org.apache.http.impl.conn.BasicClientConnectionManager -- Releasing connection org.apache.http.impl.conn.ManagedClientConnectionImpl@32c6d164
04:37:25.263 [main] DEBUG org.apache.http.impl.conn.BasicClientConnectionManager -- Connection can be kept alive indefinitely
04:37:25.264 [main] DEBUG net.thucydides.core.steps.StepInterceptor -- STEP DONE: I POST HTTP request for comment products invalid by ID with character alphabet
  &amp#27;[32mWhen &amp#27;[0m&amp#27;[32mI POST HTTP request for comment products invalid by ID with character alphabet&amp#27;[0m               &amp#27;[90m# starter.stepdefinition.CommentSteps.postHTTPRequestForCommentProductsInvalidByIDWithCharacterAlphabet()&amp#27;[0m
04:37:25.266 [main] DEBUG net.thucydides.core.steps.StepInterceptor -- STARTING STEP: CommentSteps.receiveResponseCode400ForCommentProductsInvalidByIDWithCharacterAlphabet - I receive valid HTTP response 400 for comment products invalid by ID with character alphabet
04:37:25.267 [main] DEBUG net.thucydides.core.steps.StepInterceptor -- STEP DONE: I receive valid HTTP response 400 for comment products invalid by ID with character alphabet
  &amp#27;[32mThen &amp#27;[0m&amp#27;[32mI receive valid HTTP response 400 for comment products invalid by ID with character alphabet&amp#27;[0m &amp#27;[90m# starter.stepdefinition.CommentSteps.receiveResponseCode400ForCommentProductsInvalidByIDWithCharacterAlphabet()&amp#27;[0m
04:37:25.268 [main] INFO  -- 
  _____   ___   ___   _____     ___     _     ___   ___   ___   ___  
 |_   _| | __| / __| |_   _|   | _ \   /_\   / __| / __| | __| |   \ 
   | |   | _|  \__ \   | |     |  _/  / _ \  \__ \ \__ \ | _|  | |) |
   |_|   |___| |___/   |_|     |_|   /_/ \_\ |___/ |___/ |___| |___/ 

TC77 - Create a comment product invalid by ID with character alphabet
----------------------------------------------------------------------
]]></system-out>
  </testcase>
  <testcase name="TC78 - Create a comment for products with body parameter is empty" classname="[08_Automation] - Comment" time="0.122">
    <system-out><![CDATA[
Scenario: TC78 - Create a comment for products with body parameter is empty                &amp#27;[90m# src/test/resources/Comment.feature:28&amp#27;[0m
04:37:25.277 [main] INFO io.cucumber.core.plugin.SerenityReporter -- Running feature from file:///D:/TaksAlterra/MiniProject/MiniProject_API/src/test/resources/Comment.feature
04:37:25.277 [main] WARN io.cucumber.core.plugin.SerenityReporter -- Feature from file:///D:/TaksAlterra/MiniProject/MiniProject_API/src/test/resources/Comment.feature is not under the 'features' directory. Requirements report will not be correctly generated!
04:37:25.279 [main] INFO  -- 
  _____   ___   ___   _____     ___   _____     _     ___   _____   ___   ___  
 |_   _| | __| / __| |_   _|   / __| |_   _|   /_\   | _ \ |_   _| | __| |   \ 
   | |   | _|  \__ \   | |     \__ \   | |    / _ \  |   /   | |   | _|  | |) |
   |_|   |___| |___/   |_|     |___/   |_|   /_/ \_\ |_|_\   |_|   |___| |___/ 

TC78 - Create a comment for products with body parameter is empty([08-automation]---comment;tc78---create-a-comment-for-products-with-body-parameter-is-empty)
--------------------------------------------------------------------------------
04:37:25.287 [Finalizer] DEBUG org.apache.http.impl.conn.DefaultClientConnection -- Connection 0.0.0.0:54363<->149.248.193.56:443 closed
04:37:25.287 [Finalizer] DEBUG org.apache.http.impl.conn.DefaultClientConnection -- Connection 0.0.0.0:54362<->149.248.193.56:443 closed
04:37:25.292 [main] DEBUG net.thucydides.core.steps.StepInterceptor -- STARTING STEP: CommentSteps.postCreateCommentForProductsEndpoints2 - I POST create a comment for products endpoints 2
04:37:25.292 [main] DEBUG net.thucydides.core.steps.StepInterceptor -- STEP DONE: I POST create a comment for products endpoints 2
  &amp#27;[32mGiven &amp#27;[0m&amp#27;[32mI POST create a comment for products endpoints 2&amp#27;[0m                                   &amp#27;[90m# starter.stepdefinition.CommentSteps.postCreateCommentForProductsEndpoints2()&amp#27;[0m
04:37:25.294 [main] DEBUG net.thucydides.core.steps.StepInterceptor -- STARTING STEP: CommentSteps.postHTTPRequestForCommentProductsWithBodyParameterIsEmpty - I POST HTTP request for comment products with body parameter is empty
04:37:25.296 [main] DEBUG net.thucydides.core.steps.StepInterceptor -- STARTING STEP: Comment.postHTTPRequestForCommentProductsWithBodyParameterIsEmpty - I POST create a comment for products endpoints 2
04:37:25.296 [main] DEBUG net.thucydides.core.steps.StepInterceptor -- STEP DONE: I POST create a comment for products endpoints 2
04:37:25.307 [main] DEBUG org.apache.http.impl.conn.BasicClientConnectionManager -- Get connection for route {s}->https://altashop-api.fly.dev:443
04:37:25.307 [main] DEBUG org.apache.http.impl.conn.DefaultClientConnectionOperator -- Connecting to altashop-api.fly.dev:443
04:37:25.357 [main] DEBUG org.apache.http.client.protocol.RequestAddCookies -- CookieSpec selected: ignoreCookies
04:37:25.357 [main] DEBUG org.apache.http.client.protocol.RequestAuthCache -- Auth cache not set in the context
04:37:25.357 [main] DEBUG org.apache.http.client.protocol.RequestProxyAuthentication -- Proxy auth state: UNCHALLENGED
04:37:25.357 [main] DEBUG org.apache.http.impl.client.DefaultHttpClient -- Attempt 1 to execute request
04:37:25.357 [main] DEBUG org.apache.http.impl.conn.DefaultClientConnection -- Sending request: POST /api/products/2/comments HTTP/1.1
04:37:25.357 [main] DEBUG org.apache.http.wire --  >> "POST /api/products/2/comments HTTP/1.1[\r][\n]"
04:37:25.357 [main] DEBUG org.apache.http.wire --  >> "Authorization: Bearer eyJhbGciOiJIUzI1NiIsInR5cCI6IkpXVCJ9.eyJGdWxsbmFtZSI6Ik5hdXJhIFZpZXRhIEhhZmxhIiwiRW1haWwiOiJuYXVyYWhhZmxhQGdtYWlsLmNvbSJ9.s7o8kacM5c5L7fMRQwNBVTO4m2AeQS4Fu9QSdP9ASbA)[\r][\n]"
04:37:25.357 [main] DEBUG org.apache.http.wire --  >> "Accept: */*[\r][\n]"
04:37:25.357 [main] DEBUG org.apache.http.wire --  >> "Content-Type: application/json[\r][\n]"
04:37:25.357 [main] DEBUG org.apache.http.wire --  >> "Content-Length: 2[\r][\n]"
04:37:25.357 [main] DEBUG org.apache.http.wire --  >> "Host: altashop-api.fly.dev[\r][\n]"
04:37:25.357 [main] DEBUG org.apache.http.wire --  >> "Connection: Keep-Alive[\r][\n]"
04:37:25.357 [main] DEBUG org.apache.http.wire --  >> "User-Agent: Apache-HttpClient/4.5.13 (Java/17.0.8)[\r][\n]"
04:37:25.357 [main] DEBUG org.apache.http.wire --  >> "Accept-Encoding: gzip,deflate[\r][\n]"
04:37:25.357 [main] DEBUG org.apache.http.wire --  >> "[\r][\n]"
04:37:25.357 [main] DEBUG org.apache.http.headers -- >> POST /api/products/2/comments HTTP/1.1
04:37:25.357 [main] DEBUG org.apache.http.headers -- >> Authorization: Bearer eyJhbGciOiJIUzI1NiIsInR5cCI6IkpXVCJ9.eyJGdWxsbmFtZSI6Ik5hdXJhIFZpZXRhIEhhZmxhIiwiRW1haWwiOiJuYXVyYWhhZmxhQGdtYWlsLmNvbSJ9.s7o8kacM5c5L7fMRQwNBVTO4m2AeQS4Fu9QSdP9ASbA)
04:37:25.357 [main] DEBUG org.apache.http.headers -- >> Accept: */*
04:37:25.357 [main] DEBUG org.apache.http.headers -- >> Content-Type: application/json
04:37:25.357 [main] DEBUG org.apache.http.headers -- >> Content-Length: 2
04:37:25.357 [main] DEBUG org.apache.http.headers -- >> Host: altashop-api.fly.dev
04:37:25.357 [main] DEBUG org.apache.http.headers -- >> Connection: Keep-Alive
04:37:25.357 [main] DEBUG org.apache.http.headers -- >> User-Agent: Apache-HttpClient/4.5.13 (Java/17.0.8)
04:37:25.357 [main] DEBUG org.apache.http.headers -- >> Accept-Encoding: gzip,deflate
04:37:25.357 [main] DEBUG org.apache.http.wire --  >> "{}"
04:37:25.382 [main] DEBUG org.apache.http.wire --  << "HTTP/1.1 401 Unauthorized[\r][\n]"
04:37:25.382 [main] DEBUG org.apache.http.wire --  << "content-type: application/json[\r][\n]"
04:37:25.382 [main] DEBUG org.apache.http.wire --  << "date: Mon, 30 Oct 2023 21:37:26 GMT[\r][\n]"
04:37:25.382 [main] DEBUG org.apache.http.wire --  << "content-encoding: gzip[\r][\n]"
04:37:25.382 [main] DEBUG org.apache.http.wire --  << "transfer-encoding: chunked[\r][\n]"
04:37:25.382 [main] DEBUG org.apache.http.wire --  << "server: Fly/7328d5b5 (2023-10-27)[\r][\n]"
04:37:25.382 [main] DEBUG org.apache.http.wire --  << "via: 1.1 fly.io[\r][\n]"
04:37:25.382 [main] DEBUG org.apache.http.wire --  << "fly-request-id: 01HE18AACAFQGBEE2WPZFNTD6M-sin[\r][\n]"
04:37:25.382 [main] DEBUG org.apache.http.wire --  << "[\r][\n]"
04:37:25.382 [main] DEBUG org.apache.http.impl.conn.DefaultClientConnection -- Receiving response: HTTP/1.1 401 Unauthorized
04:37:25.382 [main] DEBUG org.apache.http.headers -- << HTTP/1.1 401 Unauthorized
04:37:25.382 [main] DEBUG org.apache.http.headers -- << content-type: application/json
04:37:25.382 [main] DEBUG org.apache.http.headers -- << date: Mon, 30 Oct 2023 21:37:26 GMT
04:37:25.382 [main] DEBUG org.apache.http.headers -- << content-encoding: gzip
04:37:25.382 [main] DEBUG org.apache.http.headers -- << transfer-encoding: chunked
04:37:25.382 [main] DEBUG org.apache.http.headers -- << server: Fly/7328d5b5 (2023-10-27)
04:37:25.382 [main] DEBUG org.apache.http.headers -- << via: 1.1 fly.io
04:37:25.382 [main] DEBUG org.apache.http.headers -- << fly-request-id: 01HE18AACAFQGBEE2WPZFNTD6M-sin
04:37:25.382 [main] DEBUG org.apache.http.impl.client.DefaultHttpClient -- Connection can be kept alive indefinitely
04:37:25.382 [main] DEBUG org.apache.http.impl.client.DefaultHttpClient -- Authentication required
04:37:25.382 [main] DEBUG org.apache.http.impl.client.DefaultHttpClient -- altashop-api.fly.dev:443 requested authentication
04:37:25.382 [main] DEBUG org.apache.http.impl.client.DefaultHttpClient -- Response contains no authentication challenges
04:37:25.383 [main] DEBUG io.restassured.internal.RestAssuredHttpBuilder -- Parsing response as: application/json
04:37:25.383 [main] DEBUG org.apache.http.wire --  << "45[\r][\n]"
04:37:25.383 [main] DEBUG org.apache.http.wire --  << "[0x1f][0x8b][0x8][0x0][0x0][0x0][0x0][0x0][0x4][0xff][0xab]VJ-*[0xca]/R[0xb2]R[0xca][0xcc][0xc9]IMO[0xcc]QHJ,N53QHI,ITH,Q[0xc8][0xcc]+(-QH[0xaa],IU01V[0xaa][0xe5][0x2][0x0]W[0xa1][0x99][0xe4]1[0x0][0x0][0x0]"
04:37:25.383 [main] DEBUG org.apache.http.wire --  << "[\r][\n]"
04:37:25.383 [main] DEBUG org.apache.http.wire --  << "0[\r][\n]"
04:37:25.383 [main] DEBUG org.apache.http.wire --  << "[\r][\n]"
04:37:25.383 [main] DEBUG io.restassured.internal.RestAssuredHttpBuilder -- Parsed data to instance of: class org.apache.http.conn.EofSensorInputStream
04:37:25.384 [main] DEBUG org.apache.http.impl.conn.BasicClientConnectionManager -- Releasing connection org.apache.http.impl.conn.ManagedClientConnectionImpl@36120a8b
04:37:25.384 [main] DEBUG org.apache.http.impl.conn.BasicClientConnectionManager -- Connection can be kept alive indefinitely
04:37:25.384 [main] DEBUG net.thucydides.core.steps.StepInterceptor -- STEP DONE: I POST HTTP request for comment products with body parameter is empty
  &amp#27;[32mWhen &amp#27;[0m&amp#27;[32mI POST HTTP request for comment products with body parameter is empty&amp#27;[0m               &amp#27;[90m# starter.stepdefinition.CommentSteps.postHTTPRequestForCommentProductsWithBodyParameterIsEmpty()&amp#27;[0m
04:37:25.387 [main] DEBUG net.thucydides.core.steps.StepInterceptor -- STARTING STEP: CommentSteps.receiveResponseCode401ForCommentProductsWithBodyParameterIsEmpty - I receive valid HTTP response 401 for comment products with body parameter is empty
04:37:25.388 [main] DEBUG net.thucydides.core.steps.StepInterceptor -- STEP DONE: I receive valid HTTP response 401 for comment products with body parameter is empty
  &amp#27;[32mThen &amp#27;[0m&amp#27;[32mI receive valid HTTP response 401 for comment products with body parameter is empty&amp#27;[0m &amp#27;[90m# starter.stepdefinition.CommentSteps.receiveResponseCode401ForCommentProductsWithBodyParameterIsEmpty()&amp#27;[0m
04:37:25.390 [main] INFO  -- 
  _____   ___   ___   _____     ___     _     ___   ___   ___   ___  
 |_   _| | __| / __| |_   _|   | _ \   /_\   / __| / __| | __| |   \ 
   | |   | _|  \__ \   | |     |  _/  / _ \  \__ \ \__ \ | _|  | |) |
   |_|   |___| |___/   |_|     |_|   /_/ \_\ |___/ |___/ |___| |___/ 

TC78 - Create a comment for products with body parameter is empty
----------------------------------------------------------------------
]]></system-out>
  </testcase>
  <testcase name="TC13 - Login valid account" classname="[02_Automation] - Login" time="0.158">
    <system-out><![CDATA[04:37:25.393 [main] INFO io.cucumber.core.plugin.SerenityReporter -- Running feature from file:///D:/TaksAlterra/MiniProject/MiniProject_API/src/test/resources/Login.feature
04:37:25.393 [main] WARN io.cucumber.core.plugin.SerenityReporter -- Feature from file:///D:/TaksAlterra/MiniProject/MiniProject_API/src/test/resources/Login.feature is not under the 'features' directory. Requirements report will not be correctly generated!
04:37:25.395 [main] DEBUG net.thucydides.core.steps.StepEventBus -- Test suite started for story net.thucydides.core.model.Story@9ac5c9a9
04:37:25.395 [main] INFO  -- Test Suite Started: [02_Automation] - Login

Scenario: TC13 - Login valid account                  &amp#27;[90m# src/test/resources/Login.feature:3&amp#27;[0m
04:37:25.405 [main] INFO io.cucumber.core.plugin.SerenityReporter -- Running feature from file:///D:/TaksAlterra/MiniProject/MiniProject_API/src/test/resources/Login.feature
04:37:25.405 [main] WARN io.cucumber.core.plugin.SerenityReporter -- Feature from file:///D:/TaksAlterra/MiniProject/MiniProject_API/src/test/resources/Login.feature is not under the 'features' directory. Requirements report will not be correctly generated!
04:37:25.407 [main] INFO  -- 
  _____   ___   ___   _____     ___   _____     _     ___   _____   ___   ___  
 |_   _| | __| / __| |_   _|   / __| |_   _|   /_\   | _ \ |_   _| | __| |   \ 
   | |   | _|  \__ \   | |     \__ \   | |    / _ \  |   /   | |   | _|  | |) |
   |_|   |___| |___/   |_|     |___/   |_|   /_/ \_\ |_|_\   |_|   |___| |___/ 

TC13 - Login valid account([02-automation]---login;tc13---login-valid-account)
--------------------------------------------------------------------------------
04:37:25.431 [main] DEBUG net.thucydides.core.steps.StepInterceptor -- STARTING STEP: LoginSteps.postLoginEndpoints - I POST login endpoints
04:37:25.431 [main] DEBUG net.thucydides.core.steps.StepInterceptor -- STEP DONE: I POST login endpoints
  &amp#27;[32mGiven &amp#27;[0m&amp#27;[32mI POST login endpoints&amp#27;[0m                        &amp#27;[90m# starter.stepdefinition.LoginSteps.postLoginEndpoints()&amp#27;[0m
04:37:25.435 [main] DEBUG net.thucydides.core.steps.StepInterceptor -- STARTING STEP: LoginSteps.postHTTPRequestForLogin - I POST HTTP request for login using valid data
04:37:25.436 [main] DEBUG net.thucydides.core.steps.StepInterceptor -- STARTING STEP: Login.postHTTPRequestForLogin - I POST login endpoints
04:37:25.437 [main] DEBUG net.thucydides.core.steps.StepInterceptor -- STEP DONE: I POST login endpoints
04:37:25.447 [main] DEBUG org.apache.http.impl.conn.BasicClientConnectionManager -- Get connection for route {s}->https://altashop-api.fly.dev:443
04:37:25.447 [main] DEBUG org.apache.http.impl.conn.DefaultClientConnectionOperator -- Connecting to altashop-api.fly.dev:443
04:37:25.519 [main] DEBUG org.apache.http.client.protocol.RequestAddCookies -- CookieSpec selected: ignoreCookies
04:37:25.519 [main] DEBUG org.apache.http.client.protocol.RequestAuthCache -- Auth cache not set in the context
04:37:25.519 [main] DEBUG org.apache.http.client.protocol.RequestTargetAuthentication -- Target auth state: UNCHALLENGED
04:37:25.519 [main] DEBUG org.apache.http.client.protocol.RequestProxyAuthentication -- Proxy auth state: UNCHALLENGED
04:37:25.519 [main] DEBUG org.apache.http.impl.client.DefaultHttpClient -- Attempt 1 to execute request
04:37:25.519 [main] DEBUG org.apache.http.impl.conn.DefaultClientConnection -- Sending request: POST /api/auth/login HTTP/1.1
04:37:25.519 [main] DEBUG org.apache.http.wire --  >> "POST /api/auth/login HTTP/1.1[\r][\n]"
04:37:25.519 [main] DEBUG org.apache.http.wire --  >> "Accept: */*[\r][\n]"
04:37:25.519 [main] DEBUG org.apache.http.wire --  >> "Content-Type: application/json[\r][\n]"
04:37:25.519 [main] DEBUG org.apache.http.wire --  >> "Content-Length: 56[\r][\n]"
04:37:25.519 [main] DEBUG org.apache.http.wire --  >> "Host: altashop-api.fly.dev[\r][\n]"
04:37:25.519 [main] DEBUG org.apache.http.wire --  >> "Connection: Keep-Alive[\r][\n]"
04:37:25.519 [main] DEBUG org.apache.http.wire --  >> "User-Agent: Apache-HttpClient/4.5.13 (Java/17.0.8)[\r][\n]"
04:37:25.519 [main] DEBUG org.apache.http.wire --  >> "Accept-Encoding: gzip,deflate[\r][\n]"
04:37:25.519 [main] DEBUG org.apache.http.wire --  >> "[\r][\n]"
04:37:25.519 [main] DEBUG org.apache.http.headers -- >> POST /api/auth/login HTTP/1.1
04:37:25.519 [main] DEBUG org.apache.http.headers -- >> Accept: */*
04:37:25.519 [main] DEBUG org.apache.http.headers -- >> Content-Type: application/json
04:37:25.519 [main] DEBUG org.apache.http.headers -- >> Content-Length: 56
04:37:25.519 [main] DEBUG org.apache.http.headers -- >> Host: altashop-api.fly.dev
04:37:25.519 [main] DEBUG org.apache.http.headers -- >> Connection: Keep-Alive
04:37:25.519 [main] DEBUG org.apache.http.headers -- >> User-Agent: Apache-HttpClient/4.5.13 (Java/17.0.8)
04:37:25.519 [main] DEBUG org.apache.http.headers -- >> Accept-Encoding: gzip,deflate
04:37:25.519 [main] DEBUG org.apache.http.wire --  >> "{"password":"Sezzle2021","email":"tasyafangg@gmail.com"}"
04:37:25.545 [main] DEBUG org.apache.http.wire --  << "HTTP/1.1 200 OK[\r][\n]"
04:37:25.546 [main] DEBUG org.apache.http.wire --  << "content-type: application/json[\r][\n]"
04:37:25.546 [main] DEBUG org.apache.http.wire --  << "date: Mon, 30 Oct 2023 21:37:27 GMT[\r][\n]"
04:37:25.546 [main] DEBUG org.apache.http.wire --  << "content-encoding: gzip[\r][\n]"
04:37:25.546 [main] DEBUG org.apache.http.wire --  << "transfer-encoding: chunked[\r][\n]"
04:37:25.546 [main] DEBUG org.apache.http.wire --  << "server: Fly/7328d5b5 (2023-10-27)[\r][\n]"
04:37:25.546 [main] DEBUG org.apache.http.wire --  << "via: 1.1 fly.io[\r][\n]"
04:37:25.546 [main] DEBUG org.apache.http.wire --  << "fly-request-id: 01HE18AAHC45P4K3FTFZS0B52K-sin[\r][\n]"
[...]
04:37:33.182 [main] DEBUG net.thucydides.core.steps.StepInterceptor -- STARTING STEP: RegisterSteps.receiveResponseCode405ForRegisterWithInvalidHTTPMethod - I receive valid HTTP response 405 for register with invalid HTTP method
04:37:33.182 [main] DEBUG net.thucydides.core.steps.StepInterceptor -- STEP DONE: I receive valid HTTP response 405 for register with invalid HTTP method
  &amp#27;[32mThen &amp#27;[0m&amp#27;[32mI receive valid HTTP response 405 for register with invalid HTTP method&amp#27;[0m &amp#27;[90m# starter.stepdefinition.RegisterSteps.receiveResponseCode405ForRegisterWithInvalidHTTPMethod()&amp#27;[0m
04:37:33.183 [main] INFO  -- 
  _____   ___   ___   _____     ___     _     ___   ___   ___   ___  
 |_   _| | __| / __| |_   _|   | _ \   /_\   / __| / __| | __| |   \ 
   | |   | _|  \__ \   | |     |  _/  / _ \  \__ \ \__ \ | _|  | |) |
   |_|   |___| |___/   |_|     |_|   /_/ \_\ |___/ |___/ |___| |___/ 

TC12 - Register with invalid HTTP method
----------------------------------------------------------------------
]]></system-out>
  </testcase>
  <testcase name="TC22 - Get user information" classname="[03_Automation] - User Information" time="0.091">
    <system-out><![CDATA[04:37:33.183 [main] INFO io.cucumber.core.plugin.SerenityReporter -- Running feature from file:///D:/TaksAlterra/MiniProject/MiniProject_API/src/test/resources/UserInformation.feature
04:37:33.183 [main] WARN io.cucumber.core.plugin.SerenityReporter -- Feature from file:///D:/TaksAlterra/MiniProject/MiniProject_API/src/test/resources/UserInformation.feature is not under the 'features' directory. Requirements report will not be correctly generated!
04:37:33.184 [main] DEBUG net.thucydides.core.steps.StepEventBus -- Test suite started for story net.thucydides.core.model.Story@18f4b3f3
04:37:33.184 [main] INFO  -- Test Suite Started: [03_Automation] - User Information

Scenario: TC22 - Get user information                         &amp#27;[90m# src/test/resources/UserInformation.feature:3&amp#27;[0m
04:37:33.188 [main] INFO io.cucumber.core.plugin.SerenityReporter -- Running feature from file:///D:/TaksAlterra/MiniProject/MiniProject_API/src/test/resources/UserInformation.feature
04:37:33.188 [main] WARN io.cucumber.core.plugin.SerenityReporter -- Feature from file:///D:/TaksAlterra/MiniProject/MiniProject_API/src/test/resources/UserInformation.feature is not under the 'features' directory. Requirements report will not be correctly generated!
04:37:33.189 [main] INFO  -- 
  _____   ___   ___   _____     ___   _____     _     ___   _____   ___   ___  
 |_   _| | __| / __| |_   _|   / __| |_   _|   /_\   | _ \ |_   _| | __| |   \ 
   | |   | _|  \__ \   | |     \__ \   | |    / _ \  |   /   | |   | _|  | |) |
   |_|   |___| |___/   |_|     |___/   |_|   /_/ \_\ |_|_\   |_|   |___| |___/ 

TC22 - Get user information([03-automation]---user-information;tc22---get-user-information)
--------------------------------------------------------------------------------
04:37:33.195 [main] DEBUG net.thucydides.core.steps.StepInterceptor -- STARTING STEP: UserInformationSteps.getUserInformationEndpoints - I GET user information endpoints
04:37:33.195 [main] DEBUG net.thucydides.core.steps.StepInterceptor -- STEP DONE: I GET user information endpoints
  &amp#27;[32mGiven &amp#27;[0m&amp#27;[32mI GET user information endpoints&amp#27;[0m                      &amp#27;[90m# starter.stepdefinition.UserInformationSteps.getUserInformationEndpoints()&amp#27;[0m
04:37:33.196 [main] DEBUG net.thucydides.core.steps.StepInterceptor -- STARTING STEP: UserInformationSteps.getHTTPRequestUserInformation - I GET HTTP request with valid token
04:37:33.197 [main] DEBUG net.thucydides.core.steps.StepInterceptor -- STARTING STEP: UserInformation.getHTTPRequestUserInformation - I GET user information endpoints
04:37:33.197 [main] DEBUG net.thucydides.core.steps.StepInterceptor -- STEP DONE: I GET user information endpoints
04:37:33.200 [main] DEBUG org.apache.http.impl.conn.BasicClientConnectionManager -- Get connection for route {s}->https://altashop-api.fly.dev:443
04:37:33.200 [main] DEBUG org.apache.http.impl.conn.DefaultClientConnectionOperator -- Connecting to altashop-api.fly.dev:443
04:37:33.245 [main] DEBUG org.apache.http.client.protocol.RequestAddCookies -- CookieSpec selected: ignoreCookies
04:37:33.245 [main] DEBUG org.apache.http.client.protocol.RequestAuthCache -- Auth cache not set in the context
04:37:33.245 [main] DEBUG org.apache.http.client.protocol.RequestProxyAuthentication -- Proxy auth state: UNCHALLENGED
04:37:33.245 [main] DEBUG org.apache.http.impl.client.DefaultHttpClient -- Attempt 1 to execute request
04:37:33.245 [main] DEBUG org.apache.http.impl.conn.DefaultClientConnection -- Sending request: GET /api/auth/info HTTP/1.1
04:37:33.245 [main] DEBUG org.apache.http.wire --  >> "GET /api/auth/info HTTP/1.1[\r][\n]"
04:37:33.245 [main] DEBUG org.apache.http.wire --  >> "Authorization: Bearer eyJhbGciOiJIUzI1NiIsInR5cCI6IkpXVCJ9.eyJGdWxsbmFtZSI6IldpeWFuIEhlcnJhIEhlcnZpYW5hIiwiRW1haWwiOiJ3aXlhbjEyM0BnbWFpbC5jb20ifQ.Rsm7iH_obOaXakAORv2RniUWUxeZfBjkK8S8HtuLly8[\r][\n]"
04:37:33.245 [main] DEBUG org.apache.http.wire --  >> "Accept: */*[\r][\n]"
04:37:33.245 [main] DEBUG org.apache.http.wire --  >> "Host: altashop-api.fly.dev[\r][\n]"
04:37:33.245 [main] DEBUG org.apache.http.wire --  >> "Connection: Keep-Alive[\r][\n]"
04:37:33.245 [main] DEBUG org.apache.http.wire --  >> "User-Agent: Apache-HttpClient/4.5.13 (Java/17.0.8)[\r][\n]"
04:37:33.245 [main] DEBUG org.apache.http.wire --  >> "Accept-Encoding: gzip,deflate[\r][\n]"
04:37:33.245 [main] DEBUG org.apache.http.wire --  >> "[\r][\n]"
04:37:33.245 [main] DEBUG org.apache.http.headers -- >> GET /api/auth/info HTTP/1.1
04:37:33.245 [main] DEBUG org.apache.http.headers -- >> Authorization: Bearer eyJhbGciOiJIUzI1NiIsInR5cCI6IkpXVCJ9.eyJGdWxsbmFtZSI6IldpeWFuIEhlcnJhIEhlcnZpYW5hIiwiRW1haWwiOiJ3aXlhbjEyM0BnbWFpbC5jb20ifQ.Rsm7iH_obOaXakAORv2RniUWUxeZfBjkK8S8HtuLly8
04:37:33.245 [main] DEBUG org.apache.http.headers -- >> Accept: */*
04:37:33.245 [main] DEBUG org.apache.http.headers -- >> Host: altashop-api.fly.dev
04:37:33.245 [main] DEBUG org.apache.http.headers -- >> Connection: Keep-Alive
04:37:33.245 [main] DEBUG org.apache.http.headers -- >> User-Agent: Apache-HttpClient/4.5.13 (Java/17.0.8)
04:37:33.245 [main] DEBUG org.apache.http.headers -- >> Accept-Encoding: gzip,deflate
04:37:33.271 [main] DEBUG org.apache.http.wire --  << "HTTP/1.1 200 OK[\r][\n]"
04:37:33.271 [main] DEBUG org.apache.http.wire --  << "content-type: application/json[\r][\n]"
04:37:33.271 [main] DEBUG org.apache.http.wire --  << "date: Mon, 30 Oct 2023 21:37:34 GMT[\r][\n]"
04:37:33.271 [main] DEBUG org.apache.http.wire --  << "content-encoding: gzip[\r][\n]"
04:37:33.271 [main] DEBUG org.apache.http.wire --  << "transfer-encoding: chunked[\r][\n]"
04:37:33.272 [main] DEBUG org.apache.http.wire --  << "server: Fly/7328d5b5 (2023-10-27)[\r][\n]"
04:37:33.272 [main] DEBUG org.apache.http.wire --  << "via: 1.1 fly.io[\r][\n]"
04:37:33.272 [main] DEBUG org.apache.http.wire --  << "fly-request-id: 01HE18AJ2SFZYHSYFGKSB8RB2A-sin[\r][\n]"
04:37:33.272 [main] DEBUG org.apache.http.wire --  << "[\r][\n]"
04:37:33.272 [main] DEBUG org.apache.http.impl.conn.DefaultClientConnection -- Receiving response: HTTP/1.1 200 OK
04:37:33.272 [main] DEBUG org.apache.http.headers -- << HTTP/1.1 200 OK
04:37:33.272 [main] DEBUG org.apache.http.headers -- << content-type: application/json
04:37:33.272 [main] DEBUG org.apache.http.headers -- << date: Mon, 30 Oct 2023 21:37:34 GMT
04:37:33.272 [main] DEBUG org.apache.http.headers -- << content-encoding: gzip
04:37:33.272 [main] DEBUG org.apache.http.headers -- << transfer-encoding: chunked
04:37:33.272 [main] DEBUG org.apache.http.headers -- << server: Fly/7328d5b5 (2023-10-27)
04:37:33.272 [main] DEBUG org.apache.http.headers -- << via: 1.1 fly.io
04:37:33.272 [main] DEBUG org.apache.http.headers -- << fly-request-id: 01HE18AJ2SFZYHSYFGKSB8RB2A-sin
04:37:33.272 [main] DEBUG org.apache.http.impl.client.DefaultHttpClient -- Connection can be kept alive indefinitely
04:37:33.272 [main] DEBUG io.restassured.internal.RestAssuredHttpBuilder -- Parsing response as: application/json
04:37:33.272 [main] DEBUG org.apache.http.wire --  << "6F[\r][\n]"
04:37:33.272 [main] DEBUG org.apache.http.wire --  << "[0x1f][0x8b][0x8][0x0][0x0][0x0][0x0][0x0][0x4][0xff][0xab]VJI,IT[0xb2][0xaa]V[0xf2]tQ[0xb2]2[0xb2]476[0xd7]Qr+[0xcd][0xc9][0xc9]K[0xcc]MU[0xb2]R[\n]"
04:37:33.272 [main] DEBUG org.apache.http.wire --  << "[0xcf][0xac]L[0xcc]S[0xf0]H-*J[0x4][0x91]e[0x99][0x89]y[0x89]J:J[0xae][0xb9][0x89][0x99]9JVJ[0xe5] iC#c[0x87]t[0x90][0x80]^r~[0xae][0x92][0x8e]R@bqqy~Q[\n]"
04:37:33.272 [main] DEBUG org.apache.http.wire --  << "[0x92][0xbc]Rm-[0x17][0x0][0xaf]ye[0x92]k[0x0][0x0][0x0]"
04:37:33.272 [main] DEBUG org.apache.http.wire --  << "[\r][\n]"
04:37:33.272 [main] DEBUG org.apache.http.wire --  << "0[\r][\n]"
04:37:33.272 [main] DEBUG org.apache.http.wire --  << "[\r][\n]"
04:37:33.272 [main] DEBUG io.restassured.internal.RestAssuredHttpBuilder -- Parsed data to instance of: class org.apache.http.conn.EofSensorInputStream
04:37:33.272 [main] DEBUG org.apache.http.impl.conn.BasicClientConnectionManager -- Releasing connection org.apache.http.impl.conn.ManagedClientConnectionImpl@1192d1f5
04:37:33.272 [main] DEBUG org.apache.http.impl.conn.BasicClientConnectionManager -- Connection can be kept alive indefinitely
04:37:33.273 [main] DEBUG net.thucydides.core.steps.StepInterceptor -- STEP DONE: I GET HTTP request with valid token
  &amp#27;[32mWhen &amp#27;[0m&amp#27;[32mI GET HTTP request with valid token&amp#27;[0m                    &amp#27;[90m# starter.stepdefinition.UserInformationSteps.getHTTPRequestUserInformation()&amp#27;[0m
04:37:33.274 [main] DEBUG net.thucydides.core.steps.StepInterceptor -- STARTING STEP: UserInformationSteps.receiveResponseCode200UserInformation - I receive valid HTTP response 200 for user information
04:37:33.274 [main] DEBUG net.thucydides.core.steps.StepInterceptor -- STEP DONE: I receive valid HTTP response 200 for user information
  &amp#27;[32mThen &amp#27;[0m&amp#27;[32mI receive valid HTTP response 200 for user information&amp#27;[0m &amp#27;[90m# starter.stepdefinition.UserInformationSteps.receiveResponseCode200UserInformation()&amp#27;[0m
04:37:33.275 [main] INFO  -- 
  _____   ___   ___   _____     ___     _     ___   ___   ___   ___  
 |_   _| | __| / __| |_   _|   | _ \   /_\   / __| / __| | __| |   \ 
   | |   | _|  \__ \   | |     |  _/  / _ \  \__ \ \__ \ | _|  | |) |
   |_|   |___| |___/   |_|     |_|   /_/ \_\ |___/ |___/ |___| |___/ 

TC22 - Get user information
----------------------------------------------------------------------
]]></system-out>
  </testcase>
  <testcase name="TC23 - Get user information without token" classname="[03_Automation] - User Information" time="0.1">
    <system-out><![CDATA[
Scenario: TC23 - Get user information without token                         &amp#27;[90m# src/test/resources/UserInformation.feature:8&amp#27;[0m
04:37:33.278 [main] INFO io.cucumber.core.plugin.SerenityReporter -- Running feature from file:///D:/TaksAlterra/MiniProject/MiniProject_API/src/test/resources/UserInformation.feature
04:37:33.278 [main] WARN io.cucumber.core.plugin.SerenityReporter -- Feature from file:///D:/TaksAlterra/MiniProject/MiniProject_API/src/test/resources/UserInformation.feature is not under the 'features' directory. Requirements report will not be correctly generated!
04:37:33.279 [main] INFO  -- 
  _____   ___   ___   _____     ___   _____     _     ___   _____   ___   ___  
 |_   _| | __| / __| |_   _|   / __| |_   _|   /_\   | _ \ |_   _| | __| |   \ 
   | |   | _|  \__ \   | |     \__ \   | |    / _ \  |   /   | |   | _|  | |) |
   |_|   |___| |___/   |_|     |___/   |_|   /_/ \_\ |_|_\   |_|   |___| |___/ 

TC23 - Get user information without token([03-automation]---user-information;tc23---get-user-information-without-token)
--------------------------------------------------------------------------------
04:37:33.284 [main] DEBUG net.thucydides.core.steps.StepInterceptor -- STARTING STEP: UserInformationSteps.getUserInformationEndpoints2 - I GET user information endpoints 2
04:37:33.284 [main] DEBUG net.thucydides.core.steps.StepInterceptor -- STEP DONE: I GET user information endpoints 2
  &amp#27;[32mGiven &amp#27;[0m&amp#27;[32mI GET user information endpoints 2&amp#27;[0m                                  &amp#27;[90m# starter.stepdefinition.UserInformationSteps.getUserInformationEndpoints2()&amp#27;[0m
04:37:33.286 [main] DEBUG net.thucydides.core.steps.StepInterceptor -- STARTING STEP: UserInformationSteps.getHTTPRequestForUserInformationWithoutToken - I GET HTTP request for user information without token
04:37:33.287 [main] DEBUG net.thucydides.core.steps.StepInterceptor -- STARTING STEP: UserInformation.getHTTPRequestForUserInformationWithoutToken - I GET user information endpoints
04:37:33.287 [main] DEBUG net.thucydides.core.steps.StepInterceptor -- STEP DONE: I GET user information endpoints
04:37:33.289 [main] DEBUG org.apache.http.impl.conn.BasicClientConnectionManager -- Get connection for route {s}->https://altashop-api.fly.dev:443
04:37:33.290 [main] DEBUG org.apache.http.impl.conn.DefaultClientConnectionOperator -- Connecting to altashop-api.fly.dev:443
04:37:33.345 [main] DEBUG org.apache.http.client.protocol.RequestAddCookies -- CookieSpec selected: ignoreCookies
04:37:33.345 [main] DEBUG org.apache.http.client.protocol.RequestAuthCache -- Auth cache not set in the context
04:37:33.345 [main] DEBUG org.apache.http.client.protocol.RequestTargetAuthentication -- Target auth state: UNCHALLENGED
04:37:33.345 [main] DEBUG org.apache.http.client.protocol.RequestProxyAuthentication -- Proxy auth state: UNCHALLENGED
04:37:33.345 [main] DEBUG org.apache.http.impl.client.DefaultHttpClient -- Attempt 1 to execute request
04:37:33.345 [main] DEBUG org.apache.http.impl.conn.DefaultClientConnection -- Sending request: GET /api/auth/info HTTP/1.1
04:37:33.345 [main] DEBUG org.apache.http.wire --  >> "GET /api/auth/info HTTP/1.1[\r][\n]"
04:37:33.345 [main] DEBUG org.apache.http.wire --  >> "Accept: */*[\r][\n]"
04:37:33.345 [main] DEBUG org.apache.http.wire --  >> "Host: altashop-api.fly.dev[\r][\n]"
04:37:33.345 [main] DEBUG org.apache.http.wire --  >> "Connection: Keep-Alive[\r][\n]"
04:37:33.345 [main] DEBUG org.apache.http.wire --  >> "User-Agent: Apache-HttpClient/4.5.13 (Java/17.0.8)[\r][\n]"
04:37:33.345 [main] DEBUG org.apache.http.wire --  >> "Accept-Encoding: gzip,deflate[\r][\n]"
04:37:33.345 [main] DEBUG org.apache.http.wire --  >> "[\r][\n]"
04:37:33.345 [main] DEBUG org.apache.http.headers -- >> GET /api/auth/info HTTP/1.1
04:37:33.345 [main] DEBUG org.apache.http.headers -- >> Accept: */*
04:37:33.345 [main] DEBUG org.apache.http.headers -- >> Host: altashop-api.fly.dev
04:37:33.345 [main] DEBUG org.apache.http.headers -- >> Connection: Keep-Alive
04:37:33.345 [main] DEBUG org.apache.http.headers -- >> User-Agent: Apache-HttpClient/4.5.13 (Java/17.0.8)
04:37:33.345 [main] DEBUG org.apache.http.headers -- >> Accept-Encoding: gzip,deflate
04:37:33.370 [main] DEBUG org.apache.http.wire --  << "HTTP/1.1 401 Unauthorized[\r][\n]"
04:37:33.370 [main] DEBUG org.apache.http.wire --  << "content-type: application/json[\r][\n]"
04:37:33.370 [main] DEBUG org.apache.http.wire --  << "date: Mon, 30 Oct 2023 21:37:34 GMT[\r][\n]"
04:37:33.370 [main] DEBUG org.apache.http.wire --  << "content-encoding: gzip[\r][\n]"
04:37:33.370 [main] DEBUG org.apache.http.wire --  << "transfer-encoding: chunked[\r][\n]"
04:37:33.370 [main] DEBUG org.apache.http.wire --  << "server: Fly/7328d5b5 (2023-10-27)[\r][\n]"
04:37:33.370 [main] DEBUG org.apache.http.wire --  << "via: 1.1 fly.io[\r][\n]"
04:37:33.370 [main] DEBUG org.apache.http.wire --  << "fly-request-id: 01HE18AJ5YY0NWFRR5DSX2YMAK-sin[\r][\n]"
04:37:33.370 [main] DEBUG org.apache.http.wire --  << "[\r][\n]"
04:37:33.370 [main] DEBUG org.apache.http.impl.conn.DefaultClientConnection -- Receiving response: HTTP/1.1 401 Unauthorized
04:37:33.370 [main] DEBUG org.apache.http.headers -- << HTTP/1.1 401 Unauthorized
04:37:33.370 [main] DEBUG org.apache.http.headers -- << content-type: application/json
04:37:33.370 [main] DEBUG org.apache.http.headers -- << date: Mon, 30 Oct 2023 21:37:34 GMT
04:37:33.370 [main] DEBUG org.apache.http.headers -- << content-encoding: gzip
04:37:33.370 [main] DEBUG org.apache.http.headers -- << transfer-encoding: chunked
04:37:33.370 [main] DEBUG org.apache.http.headers -- << server: Fly/7328d5b5 (2023-10-27)
04:37:33.370 [main] DEBUG org.apache.http.headers -- << via: 1.1 fly.io
04:37:33.370 [main] DEBUG org.apache.http.headers -- << fly-request-id: 01HE18AJ5YY0NWFRR5DSX2YMAK-sin
04:37:33.370 [main] DEBUG org.apache.http.impl.client.DefaultHttpClient -- Connection can be kept alive indefinitely
04:37:33.370 [main] DEBUG org.apache.http.impl.client.DefaultHttpClient -- Authentication required
04:37:33.370 [main] DEBUG org.apache.http.impl.client.DefaultHttpClient -- altashop-api.fly.dev:443 requested authentication
04:37:33.370 [main] DEBUG org.apache.http.impl.client.DefaultHttpClient -- Response contains no authentication challenges
04:37:33.370 [main] DEBUG io.restassured.internal.RestAssuredHttpBuilder -- Parsing response as: application/json
04:37:33.370 [main] DEBUG org.apache.http.wire --  << "2D[\r][\n]"
04:37:33.370 [main] DEBUG org.apache.http.wire --  << "[0x1f][0x8b][0x8][0x0][0x0][0x0][0x0][0x0][0x4][0xff][0xab]VJ-*[0xca]/R[0xb2]R*[0xcd]K,-[0xc9][0xc8]/[0xca][0xac]JMQ[0xaa][0xe5][0x2][0x0]@[0x17]da[0x19][0x0][0x0][0x0]"
04:37:33.370 [main] DEBUG org.apache.http.wire --  << "[\r][\n]"
04:37:33.370 [main] DEBUG org.apache.http.wire --  << "0[\r][\n]"
04:37:33.370 [main] DEBUG org.apache.http.wire --  << "[\r][\n]"
04:37:33.370 [main] DEBUG io.restassured.internal.RestAssuredHttpBuilder -- Parsed data to instance of: class org.apache.http.conn.EofSensorInputStream
04:37:33.371 [main] DEBUG org.apache.http.impl.conn.BasicClientConnectionManager -- Releasing connection org.apache.http.impl.conn.ManagedClientConnectionImpl@4fad5e7
04:37:33.371 [main] DEBUG org.apache.http.impl.conn.BasicClientConnectionManager -- Connection can be kept alive indefinitely
04:37:33.371 [main] DEBUG net.thucydides.core.steps.StepInterceptor -- STEP DONE: I GET HTTP request for user information without token
  &amp#27;[32mWhen &amp#27;[0m&amp#27;[32mI GET HTTP request for user information without token&amp#27;[0m                &amp#27;[90m# starter.stepdefinition.UserInformationSteps.getHTTPRequestForUserInformationWithoutToken()&amp#27;[0m
04:37:33.373 [main] DEBUG net.thucydides.core.steps.StepInterceptor -- STARTING STEP: UserInformationSteps.receiveResponseCode401ForUserInformationWithoutToken - I receive valid HTTP response 401 for user information without token
04:37:33.374 [main] DEBUG net.thucydides.core.steps.StepInterceptor -- STEP DONE: I receive valid HTTP response 401 for user information without token
  &amp#27;[32mThen &amp#27;[0m&amp#27;[32mI receive valid HTTP response 401 for user information without token&amp#27;[0m &amp#27;[90m# starter.stepdefinition.UserInformationSteps.receiveResponseCode401ForUserInformationWithoutToken()&amp#27;[0m
04:37:33.375 [main] INFO  -- 
  _____   ___   ___   _____     ___     _     ___   ___   ___   ___  
 |_   _| | __| / __| |_   _|   | _ \   /_\   / __| / __| | __| |   \ 
   | |   | _|  \__ \   | |     |  _/  / _ \  \__ \ \__ \ | _|  | |) |
   |_|   |___| |___/   |_|     |_|   /_/ \_\ |___/ |___/ |___| |___/ 

TC23 - Get user information without token
----------------------------------------------------------------------
]]></system-out>
  </testcase>
</testsuite>