<?xml version="1.0" encoding="UTF-8" standalone="no"?><testsuite errors="0" failures="0" name="[07_Automation] - Ratings" skipped="0" tests="7" time="0.64" timestamp="2023-10-31 04:37:31"><testcase name="TC65 - Give products ratings"/><testcase name="TC66 - Give product ratings without setting token"/><testcase name="TC68 - Give products ratings with unavailable"/><testcase name="TC69 - Give products ratings with invalid HTTP method"/><testcase name="TC70 - Get products ratings"/><testcase name="TC71 - Get product rating using invalid product ID with character symbols"/><testcase name="TC72 - Get product rating using invalid product id with character alphabet"/></testsuite>