<?xml version="1.0" encoding="UTF-8" standalone="no"?><testsuite errors="0" failures="0" name="[08_Automation] - Comment" skipped="0" tests="6" time="4.19" timestamp="2023-11-03 01:28:01"><testcase name="TC73 - Get comment products valid endpoints"/><testcase name="TC74 - Get comment for products invalid endpoints"/><testcase name="TC75 - Create a comment for products"/><testcase name="TC76 - Create a comment product invalid by ID with character symbols"/><testcase name="TC77 - Create a comment product invalid by ID with character alphabet"/><testcase name="TC78 - Create a comment for products with body parameter is empty"/></testsuite>