<?xml version="1.0" encoding="UTF-8" standalone="no"?><testsuite errors="0" failures="0" name="[01_Automation] - Register" skipped="0" tests="9" time="0.94" timestamp="2023-11-03 01:28:13"><testcase name="TC01 - Register using valid format fullname, email and password"/><testcase name="TC02 - Register without using fullname"/><testcase name="TC03 - Register without using email"/><testcase name="TC04 - Register without using password"/><testcase name="TC08 - Register with existed account"/><testcase name="TC09 - Register with invalid payload format"/><testcase name="TC10 - Register without any payload"/><testcase name="TC11 - Register with body parameter is empty"/><testcase name="TC12 - Register with invalid HTTP method"/></testsuite>