<?xml version="1.0" encoding="UTF-8" standalone="no"?><testsuite errors="0" failures="0" name="[06_Automation] - Orders" skipped="0" tests="7" time="0.81" timestamp="2023-11-03 01:28:06"><testcase name="TC56 - Add new orders"/><testcase name="TC57 - Add new orders without set the token"/><testcase name="TC60 - Get all orders"/><testcase name="TC61 - Get all orders without token"/><testcase name="TC62 - Get order by ID"/><testcase name="TC63 - Get orders by invalid ID with character symbols"/><testcase name="TC64 - Get orders by invalid ID with character alphabet"/></testsuite>