<?xml version="1.0" encoding="UTF-8" standalone="no"?><testsuite errors="0" failures="0" name="[05_Automation] - Product" skipped="0" tests="15" time="2.9" timestamp="2023-11-03 01:28:10"><testcase name="TC37 - Get all products"/><testcase name="TC38 - Get all products using invalid endpoints"/><testcase name="TC39 - Add new products"/><testcase name="TC40 - Add new products without name payload"/><testcase name="TC42 - Add new product with blank name payload"/><testcase name="TC44 - Add new product with blank price payload"/><testcase name="TC45 - Add new product with only space on price payload"/><testcase name="TC48 - Add new product with body parameter is empty"/><testcase name="TC49 - Add new products with invalid HTTP method"/><testcase name="TC50 - Get products by ID"/><testcase name="TC51 - Get product using invalid ID with character symbols"/><testcase name="TC52 - Get categories by invalid ID with character alphabet"/><testcase name="TC53 - Delete a products by ID"/><testcase name="TC54 - Delete a products using invalid ID with character symbols"/><testcase name="TC55 - Delete a products using invalid ID with character alphabet"/></testsuite>