<?xml version="1.0" encoding="UTF-8" standalone="no"?><testsuite errors="0" failures="0" name="[04_Automation] - Product Categories" skipped="0" tests="13" time="1.85" timestamp="2023-10-31 04:37:27"><testcase name="TC24 - Add new products categories"/><testcase name="TC25 - Add new products categories without description data payload"/><testcase name="TC26 - Add new products categories without name data payload"/><testcase name="TC27 - Add new products categories with invalid payload format"/><testcase name="TC28 -  Add new products categories with body parameter is empty"/><testcase name="TC29 - Get all products categories"/><testcase name="TC30 - Get all products categories with invalid endpoints"/><testcase name="TC31 - Get products categories by ID"/><testcase name="TC32 - Get products categories by invalid ID with character symbols"/><testcase name="TC33 - Get categories by invalid ID with character alphabet"/><testcase name="TC34 - Delete a products categories"/><testcase name="TC35 - Delete a products categories by invalid ID with character symbols"/><testcase name="TC36 - Delete a categories by invalid ID with character alphabet"/></testsuite>