<?xml version="1.0" encoding="UTF-8" standalone="no"?><testsuite errors="0" failures="0" name="[02_Automation] - Login" skipped="0" tests="9" time="1.15" timestamp="2023-11-03 01:28:05"><testcase name="TC13 - Login valid account"/><testcase name="TC14 - Login using valid account but empty email"/><testcase name="TC15 - Login using valid account but empty password"/><testcase name="TC16 - Login with valid account but change email with password and password with email"/><testcase name="TC17 - Login with valid account but change the email payload with fullname"/><testcase name="TC18 - Login without payload"/><testcase name="TC19 - Login with invalid format payload"/><testcase name="TC20 - Login with body parameter is empty"/><testcase name="TC21 - Login with invalid HTTP method"/></testsuite>